2024/11/23 09:30:19 Received {c65 n38 {"type":"init","node_id":"n38","node_ids":["n0","n1","n2","n3","n4","n5","n6","n7","n8","n9","n10","n11","n12","n13","n14","n15","n16","n17","n18","n19","n20","n21","n22","n23","n24","n25","n26","n27","n28","n29","n30","n31","n32","n33","n34","n35","n36","n37","n38","n39","n40","n41","n42","n43","n44","n45","n46","n47","n48","n49","n50","n51","n52","n53","n54","n55","n56","n57","n58","n59","n60","n61","n62","n63","n64","n65","n66","n67","n68","n69","n70","n71","n72","n73","n74","n75","n76","n77","n78","n79","n80","n81","n82","n83","n84","n85","n86","n87","n88","n89","n90","n91","n92","n93","n94","n95","n96","n97","n98","n99"],"msg_id":1}}
2024/11/23 09:30:19 Node n38 initialized
2024/11/23 09:30:19 Sent {"src":"n38","dest":"c65","body":{"in_reply_to":1,"type":"init_ok"}}
2024/11/23 09:30:19 Received {c237 n38 {"type":"generate","msg_id":1}}
2024/11/23 09:30:19 Sent {"src":"n38","dest":"c237","body":{"id":"-0-1732365019457829088","in_reply_to":1,"msg_id":1,"type":"generate_ok"}}
2024/11/23 09:30:19 Received {c237 n38 {"type":"generate","msg_id":2}}
2024/11/23 09:30:19 Sent {"src":"n38","dest":"c237","body":{"id":"-1-1732365019574403916","in_reply_to":2,"msg_id":2,"type":"generate_ok"}}
2024/11/23 09:30:19 Received {c237 n38 {"type":"generate","msg_id":3}}
2024/11/23 09:30:19 Sent {"src":"n38","dest":"c237","body":{"id":"-2-1732365019685548558","in_reply_to":3,"msg_id":3,"type":"generate_ok"}}
2024/11/23 09:30:19 Received {c237 n38 {"type":"generate","msg_id":4}}
2024/11/23 09:30:19 Sent {"src":"n38","dest":"c237","body":{"id":"-3-1732365019800546733","in_reply_to":4,"msg_id":4,"type":"generate_ok"}}
2024/11/23 09:30:19 Received {c237 n38 {"type":"generate","msg_id":5}}
2024/11/23 09:30:19 Sent {"src":"n38","dest":"c237","body":{"id":"-4-1732365019906949885","in_reply_to":5,"msg_id":5,"type":"generate_ok"}}
2024/11/23 09:30:20 Received {c237 n38 {"type":"generate","msg_id":6}}
2024/11/23 09:30:20 Sent {"src":"n38","dest":"c237","body":{"id":"-5-1732365020017483020","in_reply_to":6,"msg_id":6,"type":"generate_ok"}}
2024/11/23 09:30:20 Received {c237 n38 {"type":"generate","msg_id":7}}
2024/11/23 09:30:20 Sent {"src":"n38","dest":"c237","body":{"id":"-6-1732365020121120319","in_reply_to":7,"msg_id":7,"type":"generate_ok"}}
2024/11/23 09:30:20 Received {c237 n38 {"type":"generate","msg_id":8}}
2024/11/23 09:30:20 Sent {"src":"n38","dest":"c237","body":{"id":"-7-1732365020236112367","in_reply_to":8,"msg_id":8,"type":"generate_ok"}}
2024/11/23 09:30:20 Received {c237 n38 {"type":"generate","msg_id":9}}
2024/11/23 09:30:20 Sent {"src":"n38","dest":"c237","body":{"id":"-8-1732365020345503477","in_reply_to":9,"msg_id":9,"type":"generate_ok"}}
2024/11/23 09:30:20 Received {c237 n38 {"type":"generate","msg_id":10}}
2024/11/23 09:30:20 Sent {"src":"n38","dest":"c237","body":{"id":"-9-1732365020452475682","in_reply_to":10,"msg_id":10,"type":"generate_ok"}}
2024/11/23 09:30:20 Received {c237 n38 {"type":"generate","msg_id":11}}
2024/11/23 09:30:20 Sent {"src":"n38","dest":"c237","body":{"id":"-10-1732365020558642684","in_reply_to":11,"msg_id":11,"type":"generate_ok"}}
2024/11/23 09:30:20 Received {c237 n38 {"type":"generate","msg_id":12}}
2024/11/23 09:30:20 Sent {"src":"n38","dest":"c237","body":{"id":"-11-1732365020666350592","in_reply_to":12,"msg_id":12,"type":"generate_ok"}}
2024/11/23 09:30:20 Received {c237 n38 {"type":"generate","msg_id":13}}
2024/11/23 09:30:20 Sent {"src":"n38","dest":"c237","body":{"id":"-12-1732365020775685019","in_reply_to":13,"msg_id":13,"type":"generate_ok"}}
2024/11/23 09:30:20 Received {c237 n38 {"type":"generate","msg_id":14}}
2024/11/23 09:30:20 Sent {"src":"n38","dest":"c237","body":{"id":"-13-1732365020884903127","in_reply_to":14,"msg_id":14,"type":"generate_ok"}}
2024/11/23 09:30:20 Received {c237 n38 {"type":"generate","msg_id":15}}
2024/11/23 09:30:20 Sent {"src":"n38","dest":"c237","body":{"id":"-14-1732365020992118879","in_reply_to":15,"msg_id":15,"type":"generate_ok"}}
2024/11/23 09:30:21 Received {c237 n38 {"type":"generate","msg_id":16}}
2024/11/23 09:30:21 Sent {"src":"n38","dest":"c237","body":{"id":"-15-1732365021102480832","in_reply_to":16,"msg_id":16,"type":"generate_ok"}}
2024/11/23 09:30:21 Received {c237 n38 {"type":"generate","msg_id":17}}
2024/11/23 09:30:21 Sent {"src":"n38","dest":"c237","body":{"id":"-16-1732365021213165830","in_reply_to":17,"msg_id":17,"type":"generate_ok"}}
2024/11/23 09:30:21 Received {c237 n38 {"type":"generate","msg_id":18}}
2024/11/23 09:30:21 Sent {"src":"n38","dest":"c237","body":{"id":"-17-1732365021317654143","in_reply_to":18,"msg_id":18,"type":"generate_ok"}}
2024/11/23 09:30:21 Received {c237 n38 {"type":"generate","msg_id":19}}
2024/11/23 09:30:21 Sent {"src":"n38","dest":"c237","body":{"id":"-18-1732365021428329249","in_reply_to":19,"msg_id":19,"type":"generate_ok"}}
2024/11/23 09:30:21 Received {c237 n38 {"type":"generate","msg_id":20}}
2024/11/23 09:30:21 Sent {"src":"n38","dest":"c237","body":{"id":"-19-1732365021552348172","in_reply_to":20,"msg_id":20,"type":"generate_ok"}}
2024/11/23 09:30:21 Received {c237 n38 {"type":"generate","msg_id":21}}
2024/11/23 09:30:21 Sent {"src":"n38","dest":"c237","body":{"id":"-20-1732365021657937502","in_reply_to":21,"msg_id":21,"type":"generate_ok"}}
2024/11/23 09:30:21 Received {c237 n38 {"type":"generate","msg_id":22}}
2024/11/23 09:30:21 Sent {"src":"n38","dest":"c237","body":{"id":"-21-1732365021773144112","in_reply_to":22,"msg_id":22,"type":"generate_ok"}}
2024/11/23 09:30:21 Received {c237 n38 {"type":"generate","msg_id":23}}
2024/11/23 09:30:21 Sent {"src":"n38","dest":"c237","body":{"id":"-22-1732365021886651025","in_reply_to":23,"msg_id":23,"type":"generate_ok"}}
2024/11/23 09:30:21 Received {c237 n38 {"type":"generate","msg_id":24}}
2024/11/23 09:30:21 Sent {"src":"n38","dest":"c237","body":{"id":"-23-1732365021995400776","in_reply_to":24,"msg_id":24,"type":"generate_ok"}}
2024/11/23 09:30:22 Received {c237 n38 {"type":"generate","msg_id":25}}
2024/11/23 09:30:22 Sent {"src":"n38","dest":"c237","body":{"id":"-24-1732365022101750633","in_reply_to":25,"msg_id":25,"type":"generate_ok"}}
2024/11/23 09:30:22 Received {c237 n38 {"type":"generate","msg_id":26}}
2024/11/23 09:30:22 Sent {"src":"n38","dest":"c237","body":{"id":"-25-1732365022201578649","in_reply_to":26,"msg_id":26,"type":"generate_ok"}}
2024/11/23 09:30:22 Received {c237 n38 {"type":"generate","msg_id":27}}
2024/11/23 09:30:22 Sent {"src":"n38","dest":"c237","body":{"id":"-26-1732365022311128030","in_reply_to":27,"msg_id":27,"type":"generate_ok"}}
2024/11/23 09:30:22 Received {c237 n38 {"type":"generate","msg_id":28}}
2024/11/23 09:30:22 Sent {"src":"n38","dest":"c237","body":{"id":"-27-1732365022413389563","in_reply_to":28,"msg_id":28,"type":"generate_ok"}}
2024/11/23 09:30:22 Received {c237 n38 {"type":"generate","msg_id":29}}
2024/11/23 09:30:22 Sent {"src":"n38","dest":"c237","body":{"id":"-28-1732365022517607395","in_reply_to":29,"msg_id":29,"type":"generate_ok"}}
2024/11/23 09:30:22 Received {c237 n38 {"type":"generate","msg_id":30}}
2024/11/23 09:30:22 Sent {"src":"n38","dest":"c237","body":{"id":"-29-1732365022635295818","in_reply_to":30,"msg_id":30,"type":"generate_ok"}}
2024/11/23 09:30:22 Received {c237 n38 {"type":"generate","msg_id":31}}
2024/11/23 09:30:22 Sent {"src":"n38","dest":"c237","body":{"id":"-30-1732365022748967189","in_reply_to":31,"msg_id":31,"type":"generate_ok"}}
2024/11/23 09:30:22 Received {c237 n38 {"type":"generate","msg_id":32}}
2024/11/23 09:30:22 Sent {"src":"n38","dest":"c237","body":{"id":"-31-1732365022861085320","in_reply_to":32,"msg_id":32,"type":"generate_ok"}}
2024/11/23 09:30:22 Received {c237 n38 {"type":"generate","msg_id":33}}
2024/11/23 09:30:22 Sent {"src":"n38","dest":"c237","body":{"id":"-32-1732365022965572467","in_reply_to":33,"msg_id":33,"type":"generate_ok"}}
2024/11/23 09:30:23 Received {c237 n38 {"type":"generate","msg_id":34}}
2024/11/23 09:30:23 Sent {"src":"n38","dest":"c237","body":{"id":"-33-1732365023059176651","in_reply_to":34,"msg_id":34,"type":"generate_ok"}}
2024/11/23 09:30:23 Received {c237 n38 {"type":"generate","msg_id":35}}
2024/11/23 09:30:23 Sent {"src":"n38","dest":"c237","body":{"id":"-34-1732365023175421704","in_reply_to":35,"msg_id":35,"type":"generate_ok"}}
2024/11/23 09:30:23 Received {c237 n38 {"type":"generate","msg_id":36}}
2024/11/23 09:30:23 Sent {"src":"n38","dest":"c237","body":{"id":"-35-1732365023292992497","in_reply_to":36,"msg_id":36,"type":"generate_ok"}}
2024/11/23 09:30:23 Received {c237 n38 {"type":"generate","msg_id":37}}
2024/11/23 09:30:23 Sent {"src":"n38","dest":"c237","body":{"id":"-36-1732365023403745234","in_reply_to":37,"msg_id":37,"type":"generate_ok"}}
2024/11/23 09:30:23 Received {c237 n38 {"type":"generate","msg_id":38}}
2024/11/23 09:30:23 Sent {"src":"n38","dest":"c237","body":{"id":"-37-1732365023518689443","in_reply_to":38,"msg_id":38,"type":"generate_ok"}}
2024/11/23 09:30:23 Received {c237 n38 {"type":"generate","msg_id":39}}
2024/11/23 09:30:23 Sent {"src":"n38","dest":"c237","body":{"id":"-38-1732365023634998538","in_reply_to":39,"msg_id":39,"type":"generate_ok"}}
2024/11/23 09:30:23 Received {c237 n38 {"type":"generate","msg_id":40}}
2024/11/23 09:30:23 Sent {"src":"n38","dest":"c237","body":{"id":"-39-1732365023734887193","in_reply_to":40,"msg_id":40,"type":"generate_ok"}}
2024/11/23 09:30:23 Received {c237 n38 {"type":"generate","msg_id":41}}
2024/11/23 09:30:23 Sent {"src":"n38","dest":"c237","body":{"id":"-40-1732365023850027769","in_reply_to":41,"msg_id":41,"type":"generate_ok"}}
2024/11/23 09:30:23 Received {c237 n38 {"type":"generate","msg_id":42}}
2024/11/23 09:30:23 Sent {"src":"n38","dest":"c237","body":{"id":"-41-1732365023960706867","in_reply_to":42,"msg_id":42,"type":"generate_ok"}}
2024/11/23 09:30:24 Received {c237 n38 {"type":"generate","msg_id":43}}
2024/11/23 09:30:24 Sent {"src":"n38","dest":"c237","body":{"id":"-42-1732365024064291545","in_reply_to":43,"msg_id":43,"type":"generate_ok"}}
2024/11/23 09:30:24 Received {c237 n38 {"type":"generate","msg_id":44}}
2024/11/23 09:30:24 Sent {"src":"n38","dest":"c237","body":{"id":"-43-1732365024169045603","in_reply_to":44,"msg_id":44,"type":"generate_ok"}}
2024/11/23 09:30:24 Received {c237 n38 {"type":"generate","msg_id":45}}
2024/11/23 09:30:24 Sent {"src":"n38","dest":"c237","body":{"id":"-44-1732365024277515434","in_reply_to":45,"msg_id":45,"type":"generate_ok"}}
2024/11/23 09:30:24 Received {c237 n38 {"type":"generate","msg_id":46}}
2024/11/23 09:30:24 Sent {"src":"n38","dest":"c237","body":{"id":"-45-1732365024381718737","in_reply_to":46,"msg_id":46,"type":"generate_ok"}}
2024/11/23 09:30:24 Received {c237 n38 {"type":"generate","msg_id":47}}
2024/11/23 09:30:24 Sent {"src":"n38","dest":"c237","body":{"id":"-46-1732365024486341601","in_reply_to":47,"msg_id":47,"type":"generate_ok"}}
2024/11/23 09:30:24 Received {c237 n38 {"type":"generate","msg_id":48}}
2024/11/23 09:30:24 Sent {"src":"n38","dest":"c237","body":{"id":"-47-1732365024590145614","in_reply_to":48,"msg_id":48,"type":"generate_ok"}}
2024/11/23 09:30:24 Received {c237 n38 {"type":"generate","msg_id":49}}
2024/11/23 09:30:24 Sent {"src":"n38","dest":"c237","body":{"id":"-48-1732365024703151531","in_reply_to":49,"msg_id":49,"type":"generate_ok"}}
2024/11/23 09:30:24 Received {c237 n38 {"type":"generate","msg_id":50}}
2024/11/23 09:30:24 Sent {"src":"n38","dest":"c237","body":{"id":"-49-1732365024808910191","in_reply_to":50,"msg_id":50,"type":"generate_ok"}}
2024/11/23 09:30:24 Received {c237 n38 {"type":"generate","msg_id":51}}
2024/11/23 09:30:24 Sent {"src":"n38","dest":"c237","body":{"id":"-50-1732365024910327283","in_reply_to":51,"msg_id":51,"type":"generate_ok"}}
2024/11/23 09:30:25 Received {c237 n38 {"type":"generate","msg_id":52}}
2024/11/23 09:30:25 Sent {"src":"n38","dest":"c237","body":{"id":"-51-1732365025017042674","in_reply_to":52,"msg_id":52,"type":"generate_ok"}}
2024/11/23 09:30:25 Received {c237 n38 {"type":"generate","msg_id":53}}
2024/11/23 09:30:25 Sent {"src":"n38","dest":"c237","body":{"id":"-52-1732365025120294992","in_reply_to":53,"msg_id":53,"type":"generate_ok"}}
2024/11/23 09:30:25 Received {c237 n38 {"type":"generate","msg_id":54}}
2024/11/23 09:30:25 Sent {"src":"n38","dest":"c237","body":{"id":"-53-1732365025237220644","in_reply_to":54,"msg_id":54,"type":"generate_ok"}}
2024/11/23 09:30:25 Received {c237 n38 {"type":"generate","msg_id":55}}
2024/11/23 09:30:25 Sent {"src":"n38","dest":"c237","body":{"id":"-54-1732365025338630672","in_reply_to":55,"msg_id":55,"type":"generate_ok"}}
2024/11/23 09:30:25 Received {c237 n38 {"type":"generate","msg_id":56}}
2024/11/23 09:30:25 Sent {"src":"n38","dest":"c237","body":{"id":"-55-1732365025458305834","in_reply_to":56,"msg_id":56,"type":"generate_ok"}}
2024/11/23 09:30:25 Received {c237 n38 {"type":"generate","msg_id":57}}
2024/11/23 09:30:25 Sent {"src":"n38","dest":"c237","body":{"id":"-56-1732365025565987546","in_reply_to":57,"msg_id":57,"type":"generate_ok"}}
2024/11/23 09:30:25 Received {c237 n38 {"type":"generate","msg_id":58}}
2024/11/23 09:30:25 Sent {"src":"n38","dest":"c237","body":{"id":"-57-1732365025670997486","in_reply_to":58,"msg_id":58,"type":"generate_ok"}}
2024/11/23 09:30:25 Received {c237 n38 {"type":"generate","msg_id":59}}
2024/11/23 09:30:25 Sent {"src":"n38","dest":"c237","body":{"id":"-58-1732365025780972281","in_reply_to":59,"msg_id":59,"type":"generate_ok"}}
2024/11/23 09:30:25 Received {c237 n38 {"type":"generate","msg_id":60}}
2024/11/23 09:30:25 Sent {"src":"n38","dest":"c237","body":{"id":"-59-1732365025887623208","in_reply_to":60,"msg_id":60,"type":"generate_ok"}}
2024/11/23 09:30:26 Received {c237 n38 {"type":"generate","msg_id":61}}
2024/11/23 09:30:26 Sent {"src":"n38","dest":"c237","body":{"id":"-60-1732365026000591187","in_reply_to":61,"msg_id":61,"type":"generate_ok"}}
2024/11/23 09:30:26 Received {c237 n38 {"type":"generate","msg_id":62}}
2024/11/23 09:30:26 Sent {"src":"n38","dest":"c237","body":{"id":"-61-1732365026106436781","in_reply_to":62,"msg_id":62,"type":"generate_ok"}}
2024/11/23 09:30:26 Received {c237 n38 {"type":"generate","msg_id":63}}
2024/11/23 09:30:26 Sent {"src":"n38","dest":"c237","body":{"id":"-62-1732365026206352680","in_reply_to":63,"msg_id":63,"type":"generate_ok"}}
2024/11/23 09:30:26 Received {c237 n38 {"type":"generate","msg_id":64}}
2024/11/23 09:30:26 Sent {"src":"n38","dest":"c237","body":{"id":"-63-1732365026320726535","in_reply_to":64,"msg_id":64,"type":"generate_ok"}}
2024/11/23 09:30:26 Received {c237 n38 {"type":"generate","msg_id":65}}
2024/11/23 09:30:26 Sent {"src":"n38","dest":"c237","body":{"id":"-64-1732365026419495595","in_reply_to":65,"msg_id":65,"type":"generate_ok"}}
2024/11/23 09:30:26 Received {c237 n38 {"type":"generate","msg_id":66}}
2024/11/23 09:30:26 Sent {"src":"n38","dest":"c237","body":{"id":"-65-1732365026520815706","in_reply_to":66,"msg_id":66,"type":"generate_ok"}}
2024/11/23 09:30:26 Received {c237 n38 {"type":"generate","msg_id":67}}
2024/11/23 09:30:26 Sent {"src":"n38","dest":"c237","body":{"id":"-66-1732365026631327123","in_reply_to":67,"msg_id":67,"type":"generate_ok"}}
2024/11/23 09:30:26 Received {c237 n38 {"type":"generate","msg_id":68}}
2024/11/23 09:30:26 Sent {"src":"n38","dest":"c237","body":{"id":"-67-1732365026745301087","in_reply_to":68,"msg_id":68,"type":"generate_ok"}}
2024/11/23 09:30:26 Received {c237 n38 {"type":"generate","msg_id":69}}
2024/11/23 09:30:26 Sent {"src":"n38","dest":"c237","body":{"id":"-68-1732365026857402321","in_reply_to":69,"msg_id":69,"type":"generate_ok"}}
2024/11/23 09:30:26 Received {c237 n38 {"type":"generate","msg_id":70}}
2024/11/23 09:30:26 Sent {"src":"n38","dest":"c237","body":{"id":"-69-1732365026965974243","in_reply_to":70,"msg_id":70,"type":"generate_ok"}}
2024/11/23 09:30:27 Received {c237 n38 {"type":"generate","msg_id":71}}
2024/11/23 09:30:27 Sent {"src":"n38","dest":"c237","body":{"id":"-70-1732365027071289415","in_reply_to":71,"msg_id":71,"type":"generate_ok"}}
2024/11/23 09:30:27 Received {c237 n38 {"type":"generate","msg_id":72}}
2024/11/23 09:30:27 Sent {"src":"n38","dest":"c237","body":{"id":"-71-1732365027177932773","in_reply_to":72,"msg_id":72,"type":"generate_ok"}}
2024/11/23 09:30:27 Received {c237 n38 {"type":"generate","msg_id":73}}
2024/11/23 09:30:27 Sent {"src":"n38","dest":"c237","body":{"id":"-72-1732365027281125292","in_reply_to":73,"msg_id":73,"type":"generate_ok"}}
2024/11/23 09:30:27 Received {c237 n38 {"type":"generate","msg_id":74}}
2024/11/23 09:30:27 Sent {"src":"n38","dest":"c237","body":{"id":"-73-1732365027379962133","in_reply_to":74,"msg_id":74,"type":"generate_ok"}}
2024/11/23 09:30:27 Received {c237 n38 {"type":"generate","msg_id":75}}
2024/11/23 09:30:27 Sent {"src":"n38","dest":"c237","body":{"id":"-74-1732365027482972993","in_reply_to":75,"msg_id":75,"type":"generate_ok"}}
2024/11/23 09:30:27 Received {c237 n38 {"type":"generate","msg_id":76}}
2024/11/23 09:30:27 Sent {"src":"n38","dest":"c237","body":{"id":"-75-1732365027592419709","in_reply_to":76,"msg_id":76,"type":"generate_ok"}}
2024/11/23 09:30:27 Received {c237 n38 {"type":"generate","msg_id":77}}
2024/11/23 09:30:27 Sent {"src":"n38","dest":"c237","body":{"id":"-76-1732365027694196530","in_reply_to":77,"msg_id":77,"type":"generate_ok"}}
2024/11/23 09:30:27 Received {c237 n38 {"type":"generate","msg_id":78}}
2024/11/23 09:30:27 Sent {"src":"n38","dest":"c237","body":{"id":"-77-1732365027794404855","in_reply_to":78,"msg_id":78,"type":"generate_ok"}}
2024/11/23 09:30:27 Received {c237 n38 {"type":"generate","msg_id":79}}
2024/11/23 09:30:27 Sent {"src":"n38","dest":"c237","body":{"id":"-78-1732365027910463907","in_reply_to":79,"msg_id":79,"type":"generate_ok"}}
2024/11/23 09:30:28 Received {c237 n38 {"type":"generate","msg_id":80}}
2024/11/23 09:30:28 Sent {"src":"n38","dest":"c237","body":{"id":"-79-1732365028020429457","in_reply_to":80,"msg_id":80,"type":"generate_ok"}}
2024/11/23 09:30:28 Received {c237 n38 {"type":"generate","msg_id":81}}
2024/11/23 09:30:28 Sent {"src":"n38","dest":"c237","body":{"id":"-80-1732365028118978038","in_reply_to":81,"msg_id":81,"type":"generate_ok"}}
2024/11/23 09:30:28 Received {c237 n38 {"type":"generate","msg_id":82}}
2024/11/23 09:30:28 Sent {"src":"n38","dest":"c237","body":{"id":"-81-1732365028228987095","in_reply_to":82,"msg_id":82,"type":"generate_ok"}}
2024/11/23 09:30:28 Received {c237 n38 {"type":"generate","msg_id":83}}
2024/11/23 09:30:28 Sent {"src":"n38","dest":"c237","body":{"id":"-82-1732365028327882155","in_reply_to":83,"msg_id":83,"type":"generate_ok"}}
2024/11/23 09:30:28 Received {c237 n38 {"type":"generate","msg_id":84}}
2024/11/23 09:30:28 Sent {"src":"n38","dest":"c237","body":{"id":"-83-1732365028427884577","in_reply_to":84,"msg_id":84,"type":"generate_ok"}}
2024/11/23 09:30:28 Received {c237 n38 {"type":"generate","msg_id":85}}
2024/11/23 09:30:28 Sent {"src":"n38","dest":"c237","body":{"id":"-84-1732365028546055646","in_reply_to":85,"msg_id":85,"type":"generate_ok"}}
2024/11/23 09:30:28 Received {c237 n38 {"type":"generate","msg_id":86}}
2024/11/23 09:30:28 Sent {"src":"n38","dest":"c237","body":{"id":"-85-1732365028654311179","in_reply_to":86,"msg_id":86,"type":"generate_ok"}}
2024/11/23 09:30:28 Received {c237 n38 {"type":"generate","msg_id":87}}
2024/11/23 09:30:28 Sent {"src":"n38","dest":"c237","body":{"id":"-86-1732365028761636116","in_reply_to":87,"msg_id":87,"type":"generate_ok"}}
2024/11/23 09:30:28 Received {c237 n38 {"type":"generate","msg_id":88}}
2024/11/23 09:30:28 Sent {"src":"n38","dest":"c237","body":{"id":"-87-1732365028867896885","in_reply_to":88,"msg_id":88,"type":"generate_ok"}}
2024/11/23 09:30:28 Received {c237 n38 {"type":"generate","msg_id":89}}
2024/11/23 09:30:28 Sent {"src":"n38","dest":"c237","body":{"id":"-88-1732365028972442069","in_reply_to":89,"msg_id":89,"type":"generate_ok"}}
2024/11/23 09:30:29 Received {c237 n38 {"type":"generate","msg_id":90}}
2024/11/23 09:30:29 Sent {"src":"n38","dest":"c237","body":{"id":"-89-1732365029082773606","in_reply_to":90,"msg_id":90,"type":"generate_ok"}}
2024/11/23 09:30:29 Received {c237 n38 {"type":"generate","msg_id":91}}
2024/11/23 09:30:29 Sent {"src":"n38","dest":"c237","body":{"id":"-90-1732365029192937797","in_reply_to":91,"msg_id":91,"type":"generate_ok"}}
2024/11/23 09:30:29 Received {c237 n38 {"type":"generate","msg_id":92}}
2024/11/23 09:30:29 Sent {"src":"n38","dest":"c237","body":{"id":"-91-1732365029294964012","in_reply_to":92,"msg_id":92,"type":"generate_ok"}}
2024/11/23 09:30:29 Received {c237 n38 {"type":"generate","msg_id":93}}
2024/11/23 09:30:29 Sent {"src":"n38","dest":"c237","body":{"id":"-92-1732365029408806106","in_reply_to":93,"msg_id":93,"type":"generate_ok"}}
2024/11/23 09:30:29 Received {c237 n38 {"type":"generate","msg_id":94}}
2024/11/23 09:30:29 Sent {"src":"n38","dest":"c237","body":{"id":"-93-1732365029511041840","in_reply_to":94,"msg_id":94,"type":"generate_ok"}}
2024/11/23 09:30:29 Received {c237 n38 {"type":"generate","msg_id":95}}
2024/11/23 09:30:29 Sent {"src":"n38","dest":"c237","body":{"id":"-94-1732365029616680651","in_reply_to":95,"msg_id":95,"type":"generate_ok"}}
2024/11/23 09:30:29 Received {c237 n38 {"type":"generate","msg_id":96}}
2024/11/23 09:30:29 Sent {"src":"n38","dest":"c237","body":{"id":"-95-1732365029720189500","in_reply_to":96,"msg_id":96,"type":"generate_ok"}}
2024/11/23 09:30:29 Received {c237 n38 {"type":"generate","msg_id":97}}
2024/11/23 09:30:29 Sent {"src":"n38","dest":"c237","body":{"id":"-96-1732365029835609576","in_reply_to":97,"msg_id":97,"type":"generate_ok"}}
2024/11/23 09:30:29 Received {c237 n38 {"type":"generate","msg_id":98}}
2024/11/23 09:30:29 Sent {"src":"n38","dest":"c237","body":{"id":"-97-1732365029936234023","in_reply_to":98,"msg_id":98,"type":"generate_ok"}}
2024/11/23 09:30:30 Received {c237 n38 {"type":"generate","msg_id":99}}
2024/11/23 09:30:30 Sent {"src":"n38","dest":"c237","body":{"id":"-98-1732365030039670294","in_reply_to":99,"msg_id":99,"type":"generate_ok"}}
2024/11/23 09:30:30 Received {c237 n38 {"type":"generate","msg_id":100}}
2024/11/23 09:30:30 Sent {"src":"n38","dest":"c237","body":{"id":"-99-1732365030151054914","in_reply_to":100,"msg_id":100,"type":"generate_ok"}}
2024/11/23 09:30:30 Received {c237 n38 {"type":"generate","msg_id":101}}
2024/11/23 09:30:30 Sent {"src":"n38","dest":"c237","body":{"id":"-100-1732365030267722212","in_reply_to":101,"msg_id":101,"type":"generate_ok"}}
2024/11/23 09:30:30 Received {c237 n38 {"type":"generate","msg_id":102}}
2024/11/23 09:30:30 Sent {"src":"n38","dest":"c237","body":{"id":"-101-1732365030381586601","in_reply_to":102,"msg_id":102,"type":"generate_ok"}}
2024/11/23 09:30:30 Received {c237 n38 {"type":"generate","msg_id":103}}
2024/11/23 09:30:30 Sent {"src":"n38","dest":"c237","body":{"id":"-102-1732365030486070242","in_reply_to":103,"msg_id":103,"type":"generate_ok"}}
2024/11/23 09:30:30 Received {c237 n38 {"type":"generate","msg_id":104}}
2024/11/23 09:30:30 Sent {"src":"n38","dest":"c237","body":{"id":"-103-1732365030607088442","in_reply_to":104,"msg_id":104,"type":"generate_ok"}}
2024/11/23 09:30:30 Received {c237 n38 {"type":"generate","msg_id":105}}
2024/11/23 09:30:30 Sent {"src":"n38","dest":"c237","body":{"id":"-104-1732365030710447624","in_reply_to":105,"msg_id":105,"type":"generate_ok"}}
2024/11/23 09:30:30 Received {c237 n38 {"type":"generate","msg_id":106}}
2024/11/23 09:30:30 Sent {"src":"n38","dest":"c237","body":{"id":"-105-1732365030811914407","in_reply_to":106,"msg_id":106,"type":"generate_ok"}}
2024/11/23 09:30:30 Received {c237 n38 {"type":"generate","msg_id":107}}
2024/11/23 09:30:30 Sent {"src":"n38","dest":"c237","body":{"id":"-106-1732365030922142061","in_reply_to":107,"msg_id":107,"type":"generate_ok"}}
2024/11/23 09:30:31 Received {c237 n38 {"type":"generate","msg_id":108}}
2024/11/23 09:30:31 Sent {"src":"n38","dest":"c237","body":{"id":"-107-1732365031029449317","in_reply_to":108,"msg_id":108,"type":"generate_ok"}}
2024/11/23 09:30:31 Received {c237 n38 {"type":"generate","msg_id":109}}
2024/11/23 09:30:31 Sent {"src":"n38","dest":"c237","body":{"id":"-108-1732365031136355140","in_reply_to":109,"msg_id":109,"type":"generate_ok"}}
2024/11/23 09:30:31 Received {c237 n38 {"type":"generate","msg_id":110}}
2024/11/23 09:30:31 Sent {"src":"n38","dest":"c237","body":{"id":"-109-1732365031246053145","in_reply_to":110,"msg_id":110,"type":"generate_ok"}}
2024/11/23 09:30:31 Received {c237 n38 {"type":"generate","msg_id":111}}
2024/11/23 09:30:31 Sent {"src":"n38","dest":"c237","body":{"id":"-110-1732365031338639546","in_reply_to":111,"msg_id":111,"type":"generate_ok"}}
2024/11/23 09:30:31 Received {c237 n38 {"type":"generate","msg_id":112}}
2024/11/23 09:30:31 Sent {"src":"n38","dest":"c237","body":{"id":"-111-1732365031437736239","in_reply_to":112,"msg_id":112,"type":"generate_ok"}}
2024/11/23 09:30:31 Received {c237 n38 {"type":"generate","msg_id":113}}
2024/11/23 09:30:31 Sent {"src":"n38","dest":"c237","body":{"id":"-112-1732365031541981422","in_reply_to":113,"msg_id":113,"type":"generate_ok"}}
2024/11/23 09:30:31 Received {c237 n38 {"type":"generate","msg_id":114}}
2024/11/23 09:30:31 Sent {"src":"n38","dest":"c237","body":{"id":"-113-1732365031667604340","in_reply_to":114,"msg_id":114,"type":"generate_ok"}}
2024/11/23 09:30:31 Received {c237 n38 {"type":"generate","msg_id":115}}
2024/11/23 09:30:31 Sent {"src":"n38","dest":"c237","body":{"id":"-114-1732365031784631862","in_reply_to":115,"msg_id":115,"type":"generate_ok"}}
2024/11/23 09:30:31 Received {c237 n38 {"type":"generate","msg_id":116}}
2024/11/23 09:30:31 Sent {"src":"n38","dest":"c237","body":{"id":"-115-1732365031896112606","in_reply_to":116,"msg_id":116,"type":"generate_ok"}}
2024/11/23 09:30:32 Received {c237 n38 {"type":"generate","msg_id":117}}
2024/11/23 09:30:32 Sent {"src":"n38","dest":"c237","body":{"id":"-116-1732365032005513884","in_reply_to":117,"msg_id":117,"type":"generate_ok"}}
2024/11/23 09:30:32 Received {c237 n38 {"type":"generate","msg_id":118}}
2024/11/23 09:30:32 Sent {"src":"n38","dest":"c237","body":{"id":"-117-1732365032109733107","in_reply_to":118,"msg_id":118,"type":"generate_ok"}}
2024/11/23 09:30:32 Received {c237 n38 {"type":"generate","msg_id":119}}
2024/11/23 09:30:32 Sent {"src":"n38","dest":"c237","body":{"id":"-118-1732365032213927506","in_reply_to":119,"msg_id":119,"type":"generate_ok"}}
2024/11/23 09:30:32 Received {c237 n38 {"type":"generate","msg_id":120}}
2024/11/23 09:30:32 Sent {"src":"n38","dest":"c237","body":{"id":"-119-1732365032323975000","in_reply_to":120,"msg_id":120,"type":"generate_ok"}}
2024/11/23 09:30:32 Received {c237 n38 {"type":"generate","msg_id":121}}
2024/11/23 09:30:32 Sent {"src":"n38","dest":"c237","body":{"id":"-120-1732365032427973049","in_reply_to":121,"msg_id":121,"type":"generate_ok"}}
2024/11/23 09:30:32 Received {c237 n38 {"type":"generate","msg_id":122}}
2024/11/23 09:30:32 Sent {"src":"n38","dest":"c237","body":{"id":"-121-1732365032533227238","in_reply_to":122,"msg_id":122,"type":"generate_ok"}}
2024/11/23 09:30:32 Received {c237 n38 {"type":"generate","msg_id":123}}
2024/11/23 09:30:32 Sent {"src":"n38","dest":"c237","body":{"id":"-122-1732365032643603102","in_reply_to":123,"msg_id":123,"type":"generate_ok"}}
2024/11/23 09:30:32 Received {c237 n38 {"type":"generate","msg_id":124}}
2024/11/23 09:30:32 Sent {"src":"n38","dest":"c237","body":{"id":"-123-1732365032754906121","in_reply_to":124,"msg_id":124,"type":"generate_ok"}}
2024/11/23 09:30:32 Received {c237 n38 {"type":"generate","msg_id":125}}
2024/11/23 09:30:32 Sent {"src":"n38","dest":"c237","body":{"id":"-124-1732365032851017620","in_reply_to":125,"msg_id":125,"type":"generate_ok"}}
2024/11/23 09:30:32 Received {c237 n38 {"type":"generate","msg_id":126}}
2024/11/23 09:30:32 Sent {"src":"n38","dest":"c237","body":{"id":"-125-1732365032962855784","in_reply_to":126,"msg_id":126,"type":"generate_ok"}}
2024/11/23 09:30:33 Received {c237 n38 {"type":"generate","msg_id":127}}
2024/11/23 09:30:33 Sent {"src":"n38","dest":"c237","body":{"id":"-126-1732365033072606429","in_reply_to":127,"msg_id":127,"type":"generate_ok"}}
2024/11/23 09:30:33 Received {c237 n38 {"type":"generate","msg_id":128}}
2024/11/23 09:30:33 Sent {"src":"n38","dest":"c237","body":{"id":"-127-1732365033168917539","in_reply_to":128,"msg_id":128,"type":"generate_ok"}}
2024/11/23 09:30:33 Received {c237 n38 {"type":"generate","msg_id":129}}
2024/11/23 09:30:33 Sent {"src":"n38","dest":"c237","body":{"id":"-128-1732365033263506987","in_reply_to":129,"msg_id":129,"type":"generate_ok"}}
2024/11/23 09:30:33 Received {c237 n38 {"type":"generate","msg_id":130}}
2024/11/23 09:30:33 Sent {"src":"n38","dest":"c237","body":{"id":"-129-1732365033370642230","in_reply_to":130,"msg_id":130,"type":"generate_ok"}}
2024/11/23 09:30:33 Received {c237 n38 {"type":"generate","msg_id":131}}
2024/11/23 09:30:33 Sent {"src":"n38","dest":"c237","body":{"id":"-130-1732365033479842876","in_reply_to":131,"msg_id":131,"type":"generate_ok"}}
2024/11/23 09:30:33 Received {c237 n38 {"type":"generate","msg_id":132}}
2024/11/23 09:30:33 Sent {"src":"n38","dest":"c237","body":{"id":"-131-1732365033585513205","in_reply_to":132,"msg_id":132,"type":"generate_ok"}}
2024/11/23 09:30:33 Received {c237 n38 {"type":"generate","msg_id":133}}
2024/11/23 09:30:33 Sent {"src":"n38","dest":"c237","body":{"id":"-132-1732365033692203120","in_reply_to":133,"msg_id":133,"type":"generate_ok"}}
2024/11/23 09:30:33 Received {c237 n38 {"type":"generate","msg_id":134}}
2024/11/23 09:30:33 Sent {"src":"n38","dest":"c237","body":{"id":"-133-1732365033803611841","in_reply_to":134,"msg_id":134,"type":"generate_ok"}}
2024/11/23 09:30:33 Received {c237 n38 {"type":"generate","msg_id":135}}
2024/11/23 09:30:33 Sent {"src":"n38","dest":"c237","body":{"id":"-134-1732365033903703974","in_reply_to":135,"msg_id":135,"type":"generate_ok"}}
2024/11/23 09:30:34 Received {c237 n38 {"type":"generate","msg_id":136}}
2024/11/23 09:30:34 Sent {"src":"n38","dest":"c237","body":{"id":"-135-1732365034003613725","in_reply_to":136,"msg_id":136,"type":"generate_ok"}}
2024/11/23 09:30:34 Received {c237 n38 {"type":"generate","msg_id":137}}
2024/11/23 09:30:34 Sent {"src":"n38","dest":"c237","body":{"id":"-136-1732365034114536005","in_reply_to":137,"msg_id":137,"type":"generate_ok"}}
2024/11/23 09:30:34 Received {c237 n38 {"type":"generate","msg_id":138}}
2024/11/23 09:30:34 Sent {"src":"n38","dest":"c237","body":{"id":"-137-1732365034217591461","in_reply_to":138,"msg_id":138,"type":"generate_ok"}}
2024/11/23 09:30:34 Received {c237 n38 {"type":"generate","msg_id":139}}
2024/11/23 09:30:34 Sent {"src":"n38","dest":"c237","body":{"id":"-138-1732365034326761719","in_reply_to":139,"msg_id":139,"type":"generate_ok"}}
2024/11/23 09:30:34 Received {c237 n38 {"type":"generate","msg_id":140}}
2024/11/23 09:30:34 Sent {"src":"n38","dest":"c237","body":{"id":"-139-1732365034439343544","in_reply_to":140,"msg_id":140,"type":"generate_ok"}}
2024/11/23 09:30:34 Received {c237 n38 {"type":"generate","msg_id":141}}
2024/11/23 09:30:34 Sent {"src":"n38","dest":"c237","body":{"id":"-140-1732365034545093002","in_reply_to":141,"msg_id":141,"type":"generate_ok"}}
2024/11/23 09:30:34 Received {c237 n38 {"type":"generate","msg_id":142}}
2024/11/23 09:30:34 Sent {"src":"n38","dest":"c237","body":{"id":"-141-1732365034646452400","in_reply_to":142,"msg_id":142,"type":"generate_ok"}}
2024/11/23 09:30:34 Received {c237 n38 {"type":"generate","msg_id":143}}
2024/11/23 09:30:34 Sent {"src":"n38","dest":"c237","body":{"id":"-142-1732365034750978639","in_reply_to":143,"msg_id":143,"type":"generate_ok"}}
2024/11/23 09:30:34 Received {c237 n38 {"type":"generate","msg_id":144}}
2024/11/23 09:30:34 Sent {"src":"n38","dest":"c237","body":{"id":"-143-1732365034861629334","in_reply_to":144,"msg_id":144,"type":"generate_ok"}}
2024/11/23 09:30:34 Received {c237 n38 {"type":"generate","msg_id":145}}
2024/11/23 09:30:34 Sent {"src":"n38","dest":"c237","body":{"id":"-144-1732365034972289231","in_reply_to":145,"msg_id":145,"type":"generate_ok"}}
2024/11/23 09:30:35 Received {c237 n38 {"type":"generate","msg_id":146}}
2024/11/23 09:30:35 Sent {"src":"n38","dest":"c237","body":{"id":"-145-1732365035080847517","in_reply_to":146,"msg_id":146,"type":"generate_ok"}}
2024/11/23 09:30:35 Received {c237 n38 {"type":"generate","msg_id":147}}
2024/11/23 09:30:35 Sent {"src":"n38","dest":"c237","body":{"id":"-146-1732365035179653179","in_reply_to":147,"msg_id":147,"type":"generate_ok"}}
2024/11/23 09:30:35 Received {c237 n38 {"type":"generate","msg_id":148}}
2024/11/23 09:30:35 Sent {"src":"n38","dest":"c237","body":{"id":"-147-1732365035291158006","in_reply_to":148,"msg_id":148,"type":"generate_ok"}}
2024/11/23 09:30:35 Received {c237 n38 {"type":"generate","msg_id":149}}
2024/11/23 09:30:35 Sent {"src":"n38","dest":"c237","body":{"id":"-148-1732365035396223353","in_reply_to":149,"msg_id":149,"type":"generate_ok"}}
2024/11/23 09:30:35 Received {c237 n38 {"type":"generate","msg_id":150}}
2024/11/23 09:30:35 Sent {"src":"n38","dest":"c237","body":{"id":"-149-1732365035489390209","in_reply_to":150,"msg_id":150,"type":"generate_ok"}}
2024/11/23 09:30:35 Received {c237 n38 {"type":"generate","msg_id":151}}
2024/11/23 09:30:35 Sent {"src":"n38","dest":"c237","body":{"id":"-150-1732365035604999149","in_reply_to":151,"msg_id":151,"type":"generate_ok"}}
2024/11/23 09:30:35 Received {c237 n38 {"type":"generate","msg_id":152}}
2024/11/23 09:30:35 Sent {"src":"n38","dest":"c237","body":{"id":"-151-1732365035707693165","in_reply_to":152,"msg_id":152,"type":"generate_ok"}}
2024/11/23 09:30:35 Received {c237 n38 {"type":"generate","msg_id":153}}
2024/11/23 09:30:35 Sent {"src":"n38","dest":"c237","body":{"id":"-152-1732365035810132705","in_reply_to":153,"msg_id":153,"type":"generate_ok"}}
2024/11/23 09:30:35 Received {c237 n38 {"type":"generate","msg_id":154}}
2024/11/23 09:30:35 Sent {"src":"n38","dest":"c237","body":{"id":"-153-1732365035929357761","in_reply_to":154,"msg_id":154,"type":"generate_ok"}}
2024/11/23 09:30:36 Received {c237 n38 {"type":"generate","msg_id":155}}
2024/11/23 09:30:36 Sent {"src":"n38","dest":"c237","body":{"id":"-154-1732365036038929755","in_reply_to":155,"msg_id":155,"type":"generate_ok"}}
2024/11/23 09:30:36 Received {c237 n38 {"type":"generate","msg_id":156}}
2024/11/23 09:30:36 Sent {"src":"n38","dest":"c237","body":{"id":"-155-1732365036147960549","in_reply_to":156,"msg_id":156,"type":"generate_ok"}}
2024/11/23 09:30:36 Received {c237 n38 {"type":"generate","msg_id":157}}
2024/11/23 09:30:36 Sent {"src":"n38","dest":"c237","body":{"id":"-156-1732365036239979039","in_reply_to":157,"msg_id":157,"type":"generate_ok"}}
2024/11/23 09:30:36 Received {c237 n38 {"type":"generate","msg_id":158}}
2024/11/23 09:30:36 Sent {"src":"n38","dest":"c237","body":{"id":"-157-1732365036349498223","in_reply_to":158,"msg_id":158,"type":"generate_ok"}}
2024/11/23 09:30:36 Received {c237 n38 {"type":"generate","msg_id":159}}
2024/11/23 09:30:36 Sent {"src":"n38","dest":"c237","body":{"id":"-158-1732365036446916945","in_reply_to":159,"msg_id":159,"type":"generate_ok"}}
2024/11/23 09:30:36 Received {c237 n38 {"type":"generate","msg_id":160}}
2024/11/23 09:30:36 Sent {"src":"n38","dest":"c237","body":{"id":"-159-1732365036552050157","in_reply_to":160,"msg_id":160,"type":"generate_ok"}}
2024/11/23 09:30:36 Received {c237 n38 {"type":"generate","msg_id":161}}
2024/11/23 09:30:36 Sent {"src":"n38","dest":"c237","body":{"id":"-160-1732365036670857326","in_reply_to":161,"msg_id":161,"type":"generate_ok"}}
2024/11/23 09:30:36 Received {c237 n38 {"type":"generate","msg_id":162}}
2024/11/23 09:30:36 Sent {"src":"n38","dest":"c237","body":{"id":"-161-1732365036781677894","in_reply_to":162,"msg_id":162,"type":"generate_ok"}}
2024/11/23 09:30:36 Received {c237 n38 {"type":"generate","msg_id":163}}
2024/11/23 09:30:36 Sent {"src":"n38","dest":"c237","body":{"id":"-162-1732365036895468072","in_reply_to":163,"msg_id":163,"type":"generate_ok"}}
2024/11/23 09:30:37 Received {c237 n38 {"type":"generate","msg_id":164}}
2024/11/23 09:30:37 Sent {"src":"n38","dest":"c237","body":{"id":"-163-1732365037011789899","in_reply_to":164,"msg_id":164,"type":"generate_ok"}}
2024/11/23 09:30:37 Received {c237 n38 {"type":"generate","msg_id":165}}
2024/11/23 09:30:37 Sent {"src":"n38","dest":"c237","body":{"id":"-164-1732365037126527895","in_reply_to":165,"msg_id":165,"type":"generate_ok"}}
2024/11/23 09:30:37 Received {c237 n38 {"type":"generate","msg_id":166}}
2024/11/23 09:30:37 Sent {"src":"n38","dest":"c237","body":{"id":"-165-1732365037237030874","in_reply_to":166,"msg_id":166,"type":"generate_ok"}}
2024/11/23 09:30:37 Received {c237 n38 {"type":"generate","msg_id":167}}
2024/11/23 09:30:37 Sent {"src":"n38","dest":"c237","body":{"id":"-166-1732365037351494886","in_reply_to":167,"msg_id":167,"type":"generate_ok"}}
2024/11/23 09:30:37 Received {c237 n38 {"type":"generate","msg_id":168}}
2024/11/23 09:30:37 Sent {"src":"n38","dest":"c237","body":{"id":"-167-1732365037448935964","in_reply_to":168,"msg_id":168,"type":"generate_ok"}}
2024/11/23 09:30:37 Received {c237 n38 {"type":"generate","msg_id":169}}
2024/11/23 09:30:37 Sent {"src":"n38","dest":"c237","body":{"id":"-168-1732365037552727293","in_reply_to":169,"msg_id":169,"type":"generate_ok"}}
2024/11/23 09:30:37 Received {c237 n38 {"type":"generate","msg_id":170}}
2024/11/23 09:30:37 Sent {"src":"n38","dest":"c237","body":{"id":"-169-1732365037654580904","in_reply_to":170,"msg_id":170,"type":"generate_ok"}}
2024/11/23 09:30:37 Received {c237 n38 {"type":"generate","msg_id":171}}
2024/11/23 09:30:37 Sent {"src":"n38","dest":"c237","body":{"id":"-170-1732365037758453217","in_reply_to":171,"msg_id":171,"type":"generate_ok"}}
2024/11/23 09:30:37 Received {c237 n38 {"type":"generate","msg_id":172}}
2024/11/23 09:30:37 Sent {"src":"n38","dest":"c237","body":{"id":"-171-1732365037857779353","in_reply_to":172,"msg_id":172,"type":"generate_ok"}}
2024/11/23 09:30:37 Received {c237 n38 {"type":"generate","msg_id":173}}
2024/11/23 09:30:37 Sent {"src":"n38","dest":"c237","body":{"id":"-172-1732365037961992356","in_reply_to":173,"msg_id":173,"type":"generate_ok"}}
2024/11/23 09:30:38 Received {c237 n38 {"type":"generate","msg_id":174}}
2024/11/23 09:30:38 Sent {"src":"n38","dest":"c237","body":{"id":"-173-1732365038066244697","in_reply_to":174,"msg_id":174,"type":"generate_ok"}}
2024/11/23 09:30:38 Received {c237 n38 {"type":"generate","msg_id":175}}
2024/11/23 09:30:38 Sent {"src":"n38","dest":"c237","body":{"id":"-174-1732365038165566059","in_reply_to":175,"msg_id":175,"type":"generate_ok"}}
2024/11/23 09:30:38 Received {c237 n38 {"type":"generate","msg_id":176}}
2024/11/23 09:30:38 Sent {"src":"n38","dest":"c237","body":{"id":"-175-1732365038278355651","in_reply_to":176,"msg_id":176,"type":"generate_ok"}}
2024/11/23 09:30:38 Received {c237 n38 {"type":"generate","msg_id":177}}
2024/11/23 09:30:38 Sent {"src":"n38","dest":"c237","body":{"id":"-176-1732365038380764117","in_reply_to":177,"msg_id":177,"type":"generate_ok"}}
2024/11/23 09:30:38 Received {c237 n38 {"type":"generate","msg_id":178}}
2024/11/23 09:30:38 Sent {"src":"n38","dest":"c237","body":{"id":"-177-1732365038491361829","in_reply_to":178,"msg_id":178,"type":"generate_ok"}}
2024/11/23 09:30:38 Received {c237 n38 {"type":"generate","msg_id":179}}
2024/11/23 09:30:38 Sent {"src":"n38","dest":"c237","body":{"id":"-178-1732365038594583452","in_reply_to":179,"msg_id":179,"type":"generate_ok"}}
2024/11/23 09:30:38 Received {c237 n38 {"type":"generate","msg_id":180}}
2024/11/23 09:30:38 Sent {"src":"n38","dest":"c237","body":{"id":"-179-1732365038700753598","in_reply_to":180,"msg_id":180,"type":"generate_ok"}}
2024/11/23 09:30:38 Received {c237 n38 {"type":"generate","msg_id":181}}
2024/11/23 09:30:38 Sent {"src":"n38","dest":"c237","body":{"id":"-180-1732365038810438750","in_reply_to":181,"msg_id":181,"type":"generate_ok"}}
2024/11/23 09:30:38 Received {c237 n38 {"type":"generate","msg_id":182}}
2024/11/23 09:30:38 Sent {"src":"n38","dest":"c237","body":{"id":"-181-1732365038910549138","in_reply_to":182,"msg_id":182,"type":"generate_ok"}}
2024/11/23 09:30:39 Received {c237 n38 {"type":"generate","msg_id":183}}
2024/11/23 09:30:39 Sent {"src":"n38","dest":"c237","body":{"id":"-182-1732365039007777488","in_reply_to":183,"msg_id":183,"type":"generate_ok"}}
2024/11/23 09:30:39 Received {c237 n38 {"type":"generate","msg_id":184}}
2024/11/23 09:30:39 Sent {"src":"n38","dest":"c237","body":{"id":"-183-1732365039114359082","in_reply_to":184,"msg_id":184,"type":"generate_ok"}}
2024/11/23 09:30:39 Received {c237 n38 {"type":"generate","msg_id":185}}
2024/11/23 09:30:39 Sent {"src":"n38","dest":"c237","body":{"id":"-184-1732365039223264893","in_reply_to":185,"msg_id":185,"type":"generate_ok"}}
2024/11/23 09:30:39 Received {c237 n38 {"type":"generate","msg_id":186}}
2024/11/23 09:30:39 Sent {"src":"n38","dest":"c237","body":{"id":"-185-1732365039340194628","in_reply_to":186,"msg_id":186,"type":"generate_ok"}}
2024/11/23 09:30:39 Received {c237 n38 {"type":"generate","msg_id":187}}
2024/11/23 09:30:39 Sent {"src":"n38","dest":"c237","body":{"id":"-186-1732365039451389443","in_reply_to":187,"msg_id":187,"type":"generate_ok"}}
2024/11/23 09:30:39 Received {c237 n38 {"type":"generate","msg_id":188}}
2024/11/23 09:30:39 Sent {"src":"n38","dest":"c237","body":{"id":"-187-1732365039563455956","in_reply_to":188,"msg_id":188,"type":"generate_ok"}}
2024/11/23 09:30:39 Received {c237 n38 {"type":"generate","msg_id":189}}
2024/11/23 09:30:39 Sent {"src":"n38","dest":"c237","body":{"id":"-188-1732365039664836013","in_reply_to":189,"msg_id":189,"type":"generate_ok"}}
2024/11/23 09:30:39 Received {c237 n38 {"type":"generate","msg_id":190}}
2024/11/23 09:30:39 Sent {"src":"n38","dest":"c237","body":{"id":"-189-1732365039774653182","in_reply_to":190,"msg_id":190,"type":"generate_ok"}}
2024/11/23 09:30:39 Received {c237 n38 {"type":"generate","msg_id":191}}
2024/11/23 09:30:39 Sent {"src":"n38","dest":"c237","body":{"id":"-190-1732365039892348115","in_reply_to":191,"msg_id":191,"type":"generate_ok"}}
2024/11/23 09:30:40 Received {c237 n38 {"type":"generate","msg_id":192}}
2024/11/23 09:30:40 Sent {"src":"n38","dest":"c237","body":{"id":"-191-1732365040000265765","in_reply_to":192,"msg_id":192,"type":"generate_ok"}}
2024/11/23 09:30:40 Received {c237 n38 {"type":"generate","msg_id":193}}
2024/11/23 09:30:40 Sent {"src":"n38","dest":"c237","body":{"id":"-192-1732365040106032175","in_reply_to":193,"msg_id":193,"type":"generate_ok"}}
2024/11/23 09:30:40 Received {c237 n38 {"type":"generate","msg_id":194}}
2024/11/23 09:30:40 Sent {"src":"n38","dest":"c237","body":{"id":"-193-1732365040215266194","in_reply_to":194,"msg_id":194,"type":"generate_ok"}}
2024/11/23 09:30:40 Received {c237 n38 {"type":"generate","msg_id":195}}
2024/11/23 09:30:40 Sent {"src":"n38","dest":"c237","body":{"id":"-194-1732365040323868537","in_reply_to":195,"msg_id":195,"type":"generate_ok"}}
2024/11/23 09:30:40 Received {c237 n38 {"type":"generate","msg_id":196}}
2024/11/23 09:30:40 Sent {"src":"n38","dest":"c237","body":{"id":"-195-1732365040424619503","in_reply_to":196,"msg_id":196,"type":"generate_ok"}}
2024/11/23 09:30:40 Received {c237 n38 {"type":"generate","msg_id":197}}
2024/11/23 09:30:40 Sent {"src":"n38","dest":"c237","body":{"id":"-196-1732365040529932322","in_reply_to":197,"msg_id":197,"type":"generate_ok"}}
2024/11/23 09:30:40 Received {c237 n38 {"type":"generate","msg_id":198}}
2024/11/23 09:30:40 Sent {"src":"n38","dest":"c237","body":{"id":"-197-1732365040637372270","in_reply_to":198,"msg_id":198,"type":"generate_ok"}}
2024/11/23 09:30:40 Received {c237 n38 {"type":"generate","msg_id":199}}
2024/11/23 09:30:40 Sent {"src":"n38","dest":"c237","body":{"id":"-198-1732365040742224290","in_reply_to":199,"msg_id":199,"type":"generate_ok"}}
2024/11/23 09:30:40 Received {c237 n38 {"type":"generate","msg_id":200}}
2024/11/23 09:30:40 Sent {"src":"n38","dest":"c237","body":{"id":"-199-1732365040847779753","in_reply_to":200,"msg_id":200,"type":"generate_ok"}}
2024/11/23 09:30:40 Received {c237 n38 {"type":"generate","msg_id":201}}
2024/11/23 09:30:40 Sent {"src":"n38","dest":"c237","body":{"id":"-200-1732365040971988701","in_reply_to":201,"msg_id":201,"type":"generate_ok"}}
2024/11/23 09:30:41 Received {c237 n38 {"type":"generate","msg_id":202}}
2024/11/23 09:30:41 Sent {"src":"n38","dest":"c237","body":{"id":"-201-1732365041076397423","in_reply_to":202,"msg_id":202,"type":"generate_ok"}}
2024/11/23 09:30:41 Received {c237 n38 {"type":"generate","msg_id":203}}
2024/11/23 09:30:41 Sent {"src":"n38","dest":"c237","body":{"id":"-202-1732365041177621052","in_reply_to":203,"msg_id":203,"type":"generate_ok"}}
2024/11/23 09:30:41 Received {c237 n38 {"type":"generate","msg_id":204}}
2024/11/23 09:30:41 Sent {"src":"n38","dest":"c237","body":{"id":"-203-1732365041290299772","in_reply_to":204,"msg_id":204,"type":"generate_ok"}}
2024/11/23 09:30:41 Received {c237 n38 {"type":"generate","msg_id":205}}
2024/11/23 09:30:41 Sent {"src":"n38","dest":"c237","body":{"id":"-204-1732365041389956525","in_reply_to":205,"msg_id":205,"type":"generate_ok"}}
2024/11/23 09:30:41 Received {c237 n38 {"type":"generate","msg_id":206}}
2024/11/23 09:30:41 Sent {"src":"n38","dest":"c237","body":{"id":"-205-1732365041503918052","in_reply_to":206,"msg_id":206,"type":"generate_ok"}}
2024/11/23 09:30:41 Received {c237 n38 {"type":"generate","msg_id":207}}
2024/11/23 09:30:41 Sent {"src":"n38","dest":"c237","body":{"id":"-206-1732365041602048555","in_reply_to":207,"msg_id":207,"type":"generate_ok"}}
2024/11/23 09:30:41 Received {c237 n38 {"type":"generate","msg_id":208}}
2024/11/23 09:30:41 Sent {"src":"n38","dest":"c237","body":{"id":"-207-1732365041718205730","in_reply_to":208,"msg_id":208,"type":"generate_ok"}}
2024/11/23 09:30:41 Received {c237 n38 {"type":"generate","msg_id":209}}
2024/11/23 09:30:41 Sent {"src":"n38","dest":"c237","body":{"id":"-208-1732365041816271512","in_reply_to":209,"msg_id":209,"type":"generate_ok"}}
2024/11/23 09:30:41 Received {c237 n38 {"type":"generate","msg_id":210}}
2024/11/23 09:30:41 Sent {"src":"n38","dest":"c237","body":{"id":"-209-1732365041923149588","in_reply_to":210,"msg_id":210,"type":"generate_ok"}}
2024/11/23 09:30:42 Received {c237 n38 {"type":"generate","msg_id":211}}
2024/11/23 09:30:42 Sent {"src":"n38","dest":"c237","body":{"id":"-210-1732365042029198925","in_reply_to":211,"msg_id":211,"type":"generate_ok"}}
2024/11/23 09:30:42 Received {c237 n38 {"type":"generate","msg_id":212}}
2024/11/23 09:30:42 Sent {"src":"n38","dest":"c237","body":{"id":"-211-1732365042142447378","in_reply_to":212,"msg_id":212,"type":"generate_ok"}}
2024/11/23 09:30:42 Received {c237 n38 {"type":"generate","msg_id":213}}
2024/11/23 09:30:42 Sent {"src":"n38","dest":"c237","body":{"id":"-212-1732365042243079687","in_reply_to":213,"msg_id":213,"type":"generate_ok"}}
2024/11/23 09:30:42 Received {c237 n38 {"type":"generate","msg_id":214}}
2024/11/23 09:30:42 Sent {"src":"n38","dest":"c237","body":{"id":"-213-1732365042346652161","in_reply_to":214,"msg_id":214,"type":"generate_ok"}}
2024/11/23 09:30:42 Received {c237 n38 {"type":"generate","msg_id":215}}
2024/11/23 09:30:42 Sent {"src":"n38","dest":"c237","body":{"id":"-214-1732365042456490665","in_reply_to":215,"msg_id":215,"type":"generate_ok"}}
2024/11/23 09:30:42 Received {c237 n38 {"type":"generate","msg_id":216}}
2024/11/23 09:30:42 Sent {"src":"n38","dest":"c237","body":{"id":"-215-1732365042557822412","in_reply_to":216,"msg_id":216,"type":"generate_ok"}}
2024/11/23 09:30:42 Received {c237 n38 {"type":"generate","msg_id":217}}
2024/11/23 09:30:42 Sent {"src":"n38","dest":"c237","body":{"id":"-216-1732365042665280396","in_reply_to":217,"msg_id":217,"type":"generate_ok"}}
2024/11/23 09:30:42 Received {c237 n38 {"type":"generate","msg_id":218}}
2024/11/23 09:30:42 Sent {"src":"n38","dest":"c237","body":{"id":"-217-1732365042768978590","in_reply_to":218,"msg_id":218,"type":"generate_ok"}}
2024/11/23 09:30:42 Received {c237 n38 {"type":"generate","msg_id":219}}
2024/11/23 09:30:42 Sent {"src":"n38","dest":"c237","body":{"id":"-218-1732365042873533703","in_reply_to":219,"msg_id":219,"type":"generate_ok"}}
2024/11/23 09:30:42 Received {c237 n38 {"type":"generate","msg_id":220}}
2024/11/23 09:30:42 Sent {"src":"n38","dest":"c237","body":{"id":"-219-1732365042978175608","in_reply_to":220,"msg_id":220,"type":"generate_ok"}}
2024/11/23 09:30:43 Received {c237 n38 {"type":"generate","msg_id":221}}
2024/11/23 09:30:43 Sent {"src":"n38","dest":"c237","body":{"id":"-220-1732365043079510127","in_reply_to":221,"msg_id":221,"type":"generate_ok"}}
2024/11/23 09:30:43 Received {c237 n38 {"type":"generate","msg_id":222}}
2024/11/23 09:30:43 Sent {"src":"n38","dest":"c237","body":{"id":"-221-1732365043181205528","in_reply_to":222,"msg_id":222,"type":"generate_ok"}}
2024/11/23 09:30:43 Received {c237 n38 {"type":"generate","msg_id":223}}
2024/11/23 09:30:43 Sent {"src":"n38","dest":"c237","body":{"id":"-222-1732365043289740810","in_reply_to":223,"msg_id":223,"type":"generate_ok"}}
2024/11/23 09:30:43 Received {c237 n38 {"type":"generate","msg_id":224}}
2024/11/23 09:30:43 Sent {"src":"n38","dest":"c237","body":{"id":"-223-1732365043394369194","in_reply_to":224,"msg_id":224,"type":"generate_ok"}}
2024/11/23 09:30:43 Received {c237 n38 {"type":"generate","msg_id":225}}
2024/11/23 09:30:43 Sent {"src":"n38","dest":"c237","body":{"id":"-224-1732365043500685218","in_reply_to":225,"msg_id":225,"type":"generate_ok"}}
2024/11/23 09:30:43 Received {c237 n38 {"type":"generate","msg_id":226}}
2024/11/23 09:30:43 Sent {"src":"n38","dest":"c237","body":{"id":"-225-1732365043602772539","in_reply_to":226,"msg_id":226,"type":"generate_ok"}}
2024/11/23 09:30:43 Received {c237 n38 {"type":"generate","msg_id":227}}
2024/11/23 09:30:43 Sent {"src":"n38","dest":"c237","body":{"id":"-226-1732365043711836389","in_reply_to":227,"msg_id":227,"type":"generate_ok"}}
2024/11/23 09:30:43 Received {c237 n38 {"type":"generate","msg_id":228}}
2024/11/23 09:30:43 Sent {"src":"n38","dest":"c237","body":{"id":"-227-1732365043831522320","in_reply_to":228,"msg_id":228,"type":"generate_ok"}}
2024/11/23 09:30:43 Received {c237 n38 {"type":"generate","msg_id":229}}
2024/11/23 09:30:43 Sent {"src":"n38","dest":"c237","body":{"id":"-228-1732365043936256527","in_reply_to":229,"msg_id":229,"type":"generate_ok"}}
2024/11/23 09:30:44 Received {c237 n38 {"type":"generate","msg_id":230}}
2024/11/23 09:30:44 Sent {"src":"n38","dest":"c237","body":{"id":"-229-1732365044044802561","in_reply_to":230,"msg_id":230,"type":"generate_ok"}}
2024/11/23 09:30:44 Received {c237 n38 {"type":"generate","msg_id":231}}
2024/11/23 09:30:44 Sent {"src":"n38","dest":"c237","body":{"id":"-230-1732365044148744192","in_reply_to":231,"msg_id":231,"type":"generate_ok"}}
2024/11/23 09:30:44 Received {c237 n38 {"type":"generate","msg_id":232}}
2024/11/23 09:30:44 Sent {"src":"n38","dest":"c237","body":{"id":"-231-1732365044264358348","in_reply_to":232,"msg_id":232,"type":"generate_ok"}}
2024/11/23 09:30:44 Received {c237 n38 {"type":"generate","msg_id":233}}
2024/11/23 09:30:44 Sent {"src":"n38","dest":"c237","body":{"id":"-232-1732365044367592544","in_reply_to":233,"msg_id":233,"type":"generate_ok"}}
2024/11/23 09:30:44 Received {c237 n38 {"type":"generate","msg_id":234}}
2024/11/23 09:30:44 Sent {"src":"n38","dest":"c237","body":{"id":"-233-1732365044471324349","in_reply_to":234,"msg_id":234,"type":"generate_ok"}}
2024/11/23 09:30:44 Received {c237 n38 {"type":"generate","msg_id":235}}
2024/11/23 09:30:44 Sent {"src":"n38","dest":"c237","body":{"id":"-234-1732365044569483022","in_reply_to":235,"msg_id":235,"type":"generate_ok"}}
2024/11/23 09:30:44 Received {c237 n38 {"type":"generate","msg_id":236}}
2024/11/23 09:30:44 Sent {"src":"n38","dest":"c237","body":{"id":"-235-1732365044677056136","in_reply_to":236,"msg_id":236,"type":"generate_ok"}}
2024/11/23 09:30:44 Received {c237 n38 {"type":"generate","msg_id":237}}
2024/11/23 09:30:44 Sent {"src":"n38","dest":"c237","body":{"id":"-236-1732365044780468783","in_reply_to":237,"msg_id":237,"type":"generate_ok"}}
2024/11/23 09:30:44 Received {c237 n38 {"type":"generate","msg_id":238}}
2024/11/23 09:30:44 Sent {"src":"n38","dest":"c237","body":{"id":"-237-1732365044895182777","in_reply_to":238,"msg_id":238,"type":"generate_ok"}}
2024/11/23 09:30:45 Received {c237 n38 {"type":"generate","msg_id":239}}
2024/11/23 09:30:45 Sent {"src":"n38","dest":"c237","body":{"id":"-238-1732365045010718208","in_reply_to":239,"msg_id":239,"type":"generate_ok"}}
2024/11/23 09:30:45 Received {c237 n38 {"type":"generate","msg_id":240}}
2024/11/23 09:30:45 Sent {"src":"n38","dest":"c237","body":{"id":"-239-1732365045108574000","in_reply_to":240,"msg_id":240,"type":"generate_ok"}}
2024/11/23 09:30:45 Received {c237 n38 {"type":"generate","msg_id":241}}
2024/11/23 09:30:45 Sent {"src":"n38","dest":"c237","body":{"id":"-240-1732365045218400489","in_reply_to":241,"msg_id":241,"type":"generate_ok"}}
2024/11/23 09:30:45 Received {c237 n38 {"type":"generate","msg_id":242}}
2024/11/23 09:30:45 Sent {"src":"n38","dest":"c237","body":{"id":"-241-1732365045316580936","in_reply_to":242,"msg_id":242,"type":"generate_ok"}}
2024/11/23 09:30:45 Received {c237 n38 {"type":"generate","msg_id":243}}
2024/11/23 09:30:45 Sent {"src":"n38","dest":"c237","body":{"id":"-242-1732365045430361069","in_reply_to":243,"msg_id":243,"type":"generate_ok"}}
2024/11/23 09:30:45 Received {c237 n38 {"type":"generate","msg_id":244}}
2024/11/23 09:30:45 Sent {"src":"n38","dest":"c237","body":{"id":"-243-1732365045528002475","in_reply_to":244,"msg_id":244,"type":"generate_ok"}}
2024/11/23 09:30:45 Received {c237 n38 {"type":"generate","msg_id":245}}
2024/11/23 09:30:45 Sent {"src":"n38","dest":"c237","body":{"id":"-244-1732365045620158966","in_reply_to":245,"msg_id":245,"type":"generate_ok"}}
2024/11/23 09:30:45 Received {c237 n38 {"type":"generate","msg_id":246}}
2024/11/23 09:30:45 Sent {"src":"n38","dest":"c237","body":{"id":"-245-1732365045732198350","in_reply_to":246,"msg_id":246,"type":"generate_ok"}}
2024/11/23 09:30:45 Received {c237 n38 {"type":"generate","msg_id":247}}
2024/11/23 09:30:45 Sent {"src":"n38","dest":"c237","body":{"id":"-246-1732365045840404861","in_reply_to":247,"msg_id":247,"type":"generate_ok"}}
2024/11/23 09:30:45 Received {c237 n38 {"type":"generate","msg_id":248}}
2024/11/23 09:30:45 Sent {"src":"n38","dest":"c237","body":{"id":"-247-1732365045943458808","in_reply_to":248,"msg_id":248,"type":"generate_ok"}}
2024/11/23 09:30:46 Received {c237 n38 {"type":"generate","msg_id":249}}
2024/11/23 09:30:46 Sent {"src":"n38","dest":"c237","body":{"id":"-248-1732365046047134011","in_reply_to":249,"msg_id":249,"type":"generate_ok"}}
2024/11/23 09:30:46 Received {c237 n38 {"type":"generate","msg_id":250}}
2024/11/23 09:30:46 Sent {"src":"n38","dest":"c237","body":{"id":"-249-1732365046154604445","in_reply_to":250,"msg_id":250,"type":"generate_ok"}}
2024/11/23 09:30:46 Received {c237 n38 {"type":"generate","msg_id":251}}
2024/11/23 09:30:46 Sent {"src":"n38","dest":"c237","body":{"id":"-250-1732365046269210857","in_reply_to":251,"msg_id":251,"type":"generate_ok"}}
2024/11/23 09:30:46 Received {c237 n38 {"type":"generate","msg_id":252}}
2024/11/23 09:30:46 Sent {"src":"n38","dest":"c237","body":{"id":"-251-1732365046377342829","in_reply_to":252,"msg_id":252,"type":"generate_ok"}}
2024/11/23 09:30:46 Received {c237 n38 {"type":"generate","msg_id":253}}
2024/11/23 09:30:46 Sent {"src":"n38","dest":"c237","body":{"id":"-252-1732365046495752075","in_reply_to":253,"msg_id":253,"type":"generate_ok"}}
2024/11/23 09:30:46 Received {c237 n38 {"type":"generate","msg_id":254}}
2024/11/23 09:30:46 Sent {"src":"n38","dest":"c237","body":{"id":"-253-1732365046602966695","in_reply_to":254,"msg_id":254,"type":"generate_ok"}}
2024/11/23 09:30:46 Received {c237 n38 {"type":"generate","msg_id":255}}
2024/11/23 09:30:46 Sent {"src":"n38","dest":"c237","body":{"id":"-254-1732365046710023025","in_reply_to":255,"msg_id":255,"type":"generate_ok"}}
2024/11/23 09:30:46 Received {c237 n38 {"type":"generate","msg_id":256}}
2024/11/23 09:30:46 Sent {"src":"n38","dest":"c237","body":{"id":"-255-1732365046820808755","in_reply_to":256,"msg_id":256,"type":"generate_ok"}}
2024/11/23 09:30:46 Received {c237 n38 {"type":"generate","msg_id":257}}
2024/11/23 09:30:46 Sent {"src":"n38","dest":"c237","body":{"id":"-256-1732365046927435150","in_reply_to":257,"msg_id":257,"type":"generate_ok"}}
2024/11/23 09:30:47 Received {c237 n38 {"type":"generate","msg_id":258}}
2024/11/23 09:30:47 Sent {"src":"n38","dest":"c237","body":{"id":"-257-1732365047043455755","in_reply_to":258,"msg_id":258,"type":"generate_ok"}}
2024/11/23 09:30:47 Received {c237 n38 {"type":"generate","msg_id":259}}
2024/11/23 09:30:47 Sent {"src":"n38","dest":"c237","body":{"id":"-258-1732365047153902649","in_reply_to":259,"msg_id":259,"type":"generate_ok"}}
2024/11/23 09:30:47 Received {c237 n38 {"type":"generate","msg_id":260}}
2024/11/23 09:30:47 Sent {"src":"n38","dest":"c237","body":{"id":"-259-1732365047248434704","in_reply_to":260,"msg_id":260,"type":"generate_ok"}}
2024/11/23 09:30:47 Received {c237 n38 {"type":"generate","msg_id":261}}
2024/11/23 09:30:47 Sent {"src":"n38","dest":"c237","body":{"id":"-260-1732365047357729868","in_reply_to":261,"msg_id":261,"type":"generate_ok"}}
2024/11/23 09:30:47 Received {c237 n38 {"type":"generate","msg_id":262}}
2024/11/23 09:30:47 Sent {"src":"n38","dest":"c237","body":{"id":"-261-1732365047457381991","in_reply_to":262,"msg_id":262,"type":"generate_ok"}}
2024/11/23 09:30:47 Received {c237 n38 {"type":"generate","msg_id":263}}
2024/11/23 09:30:47 Sent {"src":"n38","dest":"c237","body":{"id":"-262-1732365047582186457","in_reply_to":263,"msg_id":263,"type":"generate_ok"}}
2024/11/23 09:30:47 Received {c237 n38 {"type":"generate","msg_id":264}}
2024/11/23 09:30:47 Sent {"src":"n38","dest":"c237","body":{"id":"-263-1732365047683825544","in_reply_to":264,"msg_id":264,"type":"generate_ok"}}
2024/11/23 09:30:47 Received {c237 n38 {"type":"generate","msg_id":265}}
2024/11/23 09:30:47 Sent {"src":"n38","dest":"c237","body":{"id":"-264-1732365047796246645","in_reply_to":265,"msg_id":265,"type":"generate_ok"}}
2024/11/23 09:30:47 Received {c237 n38 {"type":"generate","msg_id":266}}
2024/11/23 09:30:47 Sent {"src":"n38","dest":"c237","body":{"id":"-265-1732365047894585913","in_reply_to":266,"msg_id":266,"type":"generate_ok"}}
2024/11/23 09:30:47 Received {c237 n38 {"type":"generate","msg_id":267}}
2024/11/23 09:30:47 Sent {"src":"n38","dest":"c237","body":{"id":"-266-1732365047996122361","in_reply_to":267,"msg_id":267,"type":"generate_ok"}}
2024/11/23 09:30:48 Received {c237 n38 {"type":"generate","msg_id":268}}
2024/11/23 09:30:48 Sent {"src":"n38","dest":"c237","body":{"id":"-267-1732365048104758473","in_reply_to":268,"msg_id":268,"type":"generate_ok"}}
2024/11/23 09:30:48 Received {c237 n38 {"type":"generate","msg_id":269}}
2024/11/23 09:30:48 Sent {"src":"n38","dest":"c237","body":{"id":"-268-1732365048214530109","in_reply_to":269,"msg_id":269,"type":"generate_ok"}}
2024/11/23 09:30:48 Received {c237 n38 {"type":"generate","msg_id":270}}
2024/11/23 09:30:48 Sent {"src":"n38","dest":"c237","body":{"id":"-269-1732365048320000028","in_reply_to":270,"msg_id":270,"type":"generate_ok"}}
2024/11/23 09:30:48 Received {c237 n38 {"type":"generate","msg_id":271}}
2024/11/23 09:30:48 Sent {"src":"n38","dest":"c237","body":{"id":"-270-1732365048422181227","in_reply_to":271,"msg_id":271,"type":"generate_ok"}}
2024/11/23 09:30:48 Received {c237 n38 {"type":"generate","msg_id":272}}
2024/11/23 09:30:48 Sent {"src":"n38","dest":"c237","body":{"id":"-271-1732365048537089670","in_reply_to":272,"msg_id":272,"type":"generate_ok"}}
2024/11/23 09:30:48 Received {c237 n38 {"type":"generate","msg_id":273}}
2024/11/23 09:30:48 Sent {"src":"n38","dest":"c237","body":{"id":"-272-1732365048633230850","in_reply_to":273,"msg_id":273,"type":"generate_ok"}}
2024/11/23 09:30:48 Received {c237 n38 {"type":"generate","msg_id":274}}
2024/11/23 09:30:48 Sent {"src":"n38","dest":"c237","body":{"id":"-273-1732365048731088487","in_reply_to":274,"msg_id":274,"type":"generate_ok"}}
2024/11/23 09:30:48 Received {c237 n38 {"type":"generate","msg_id":275}}
2024/11/23 09:30:48 Sent {"src":"n38","dest":"c237","body":{"id":"-274-1732365048841627269","in_reply_to":275,"msg_id":275,"type":"generate_ok"}}
2024/11/23 09:30:48 Received {c237 n38 {"type":"generate","msg_id":276}}
2024/11/23 09:30:48 Sent {"src":"n38","dest":"c237","body":{"id":"-275-1732365048945122948","in_reply_to":276,"msg_id":276,"type":"generate_ok"}}
2024/11/23 09:30:49 Received {c237 n38 {"type":"generate","msg_id":277}}
2024/11/23 09:30:49 Sent {"src":"n38","dest":"c237","body":{"id":"-276-1732365049050265251","in_reply_to":277,"msg_id":277,"type":"generate_ok"}}
2024/11/23 09:30:49 Received {c237 n38 {"type":"generate","msg_id":278}}
2024/11/23 09:30:49 Sent {"src":"n38","dest":"c237","body":{"id":"-277-1732365049161873492","in_reply_to":278,"msg_id":278,"type":"generate_ok"}}
2024/11/23 09:30:49 Received {c237 n38 {"type":"generate","msg_id":279}}
2024/11/23 09:30:49 Sent {"src":"n38","dest":"c237","body":{"id":"-278-1732365049268612941","in_reply_to":279,"msg_id":279,"type":"generate_ok"}}
2024/11/23 09:30:49 Received {c237 n38 {"type":"generate","msg_id":280}}
2024/11/23 09:30:49 Sent {"src":"n38","dest":"c237","body":{"id":"-279-1732365049375264615","in_reply_to":280,"msg_id":280,"type":"generate_ok"}}
