2024/11/23 09:30:19 Received {c39 n50 {"type":"init","node_id":"n50","node_ids":["n0","n1","n2","n3","n4","n5","n6","n7","n8","n9","n10","n11","n12","n13","n14","n15","n16","n17","n18","n19","n20","n21","n22","n23","n24","n25","n26","n27","n28","n29","n30","n31","n32","n33","n34","n35","n36","n37","n38","n39","n40","n41","n42","n43","n44","n45","n46","n47","n48","n49","n50","n51","n52","n53","n54","n55","n56","n57","n58","n59","n60","n61","n62","n63","n64","n65","n66","n67","n68","n69","n70","n71","n72","n73","n74","n75","n76","n77","n78","n79","n80","n81","n82","n83","n84","n85","n86","n87","n88","n89","n90","n91","n92","n93","n94","n95","n96","n97","n98","n99"],"msg_id":1}}
2024/11/23 09:30:19 Node n50 initialized
2024/11/23 09:30:19 Sent {"src":"n50","dest":"c39","body":{"in_reply_to":1,"type":"init_ok"}}
2024/11/23 09:30:19 Received {c249 n50 {"type":"generate","msg_id":1}}
2024/11/23 09:30:19 Sent {"src":"n50","dest":"c249","body":{"id":"-0-1732365019475656095","in_reply_to":1,"msg_id":1,"type":"generate_ok"}}
2024/11/23 09:30:19 Received {c249 n50 {"type":"generate","msg_id":2}}
2024/11/23 09:30:19 Sent {"src":"n50","dest":"c249","body":{"id":"-1-1732365019585842745","in_reply_to":2,"msg_id":2,"type":"generate_ok"}}
2024/11/23 09:30:19 Received {c249 n50 {"type":"generate","msg_id":3}}
2024/11/23 09:30:19 Sent {"src":"n50","dest":"c249","body":{"id":"-2-1732365019699077144","in_reply_to":3,"msg_id":3,"type":"generate_ok"}}
2024/11/23 09:30:19 Received {c249 n50 {"type":"generate","msg_id":4}}
2024/11/23 09:30:19 Sent {"src":"n50","dest":"c249","body":{"id":"-3-1732365019811581085","in_reply_to":4,"msg_id":4,"type":"generate_ok"}}
2024/11/23 09:30:19 Received {c249 n50 {"type":"generate","msg_id":5}}
2024/11/23 09:30:19 Sent {"src":"n50","dest":"c249","body":{"id":"-4-1732365019918348175","in_reply_to":5,"msg_id":5,"type":"generate_ok"}}
2024/11/23 09:30:20 Received {c249 n50 {"type":"generate","msg_id":6}}
2024/11/23 09:30:20 Sent {"src":"n50","dest":"c249","body":{"id":"-5-1732365020028845054","in_reply_to":6,"msg_id":6,"type":"generate_ok"}}
2024/11/23 09:30:20 Received {c249 n50 {"type":"generate","msg_id":7}}
2024/11/23 09:30:20 Sent {"src":"n50","dest":"c249","body":{"id":"-6-1732365020134280566","in_reply_to":7,"msg_id":7,"type":"generate_ok"}}
2024/11/23 09:30:20 Received {c249 n50 {"type":"generate","msg_id":8}}
2024/11/23 09:30:20 Sent {"src":"n50","dest":"c249","body":{"id":"-7-1732365020249344270","in_reply_to":8,"msg_id":8,"type":"generate_ok"}}
2024/11/23 09:30:20 Received {c249 n50 {"type":"generate","msg_id":9}}
2024/11/23 09:30:20 Sent {"src":"n50","dest":"c249","body":{"id":"-8-1732365020357885036","in_reply_to":9,"msg_id":9,"type":"generate_ok"}}
2024/11/23 09:30:20 Received {c249 n50 {"type":"generate","msg_id":10}}
2024/11/23 09:30:20 Sent {"src":"n50","dest":"c249","body":{"id":"-9-1732365020464628283","in_reply_to":10,"msg_id":10,"type":"generate_ok"}}
2024/11/23 09:30:20 Received {c249 n50 {"type":"generate","msg_id":11}}
2024/11/23 09:30:20 Sent {"src":"n50","dest":"c249","body":{"id":"-10-1732365020569453845","in_reply_to":11,"msg_id":11,"type":"generate_ok"}}
2024/11/23 09:30:20 Received {c249 n50 {"type":"generate","msg_id":12}}
2024/11/23 09:30:20 Sent {"src":"n50","dest":"c249","body":{"id":"-11-1732365020678644925","in_reply_to":12,"msg_id":12,"type":"generate_ok"}}
2024/11/23 09:30:20 Received {c249 n50 {"type":"generate","msg_id":13}}
2024/11/23 09:30:20 Sent {"src":"n50","dest":"c249","body":{"id":"-12-1732365020786987693","in_reply_to":13,"msg_id":13,"type":"generate_ok"}}
2024/11/23 09:30:20 Received {c249 n50 {"type":"generate","msg_id":14}}
2024/11/23 09:30:20 Sent {"src":"n50","dest":"c249","body":{"id":"-13-1732365020903510579","in_reply_to":14,"msg_id":14,"type":"generate_ok"}}
2024/11/23 09:30:21 Received {c249 n50 {"type":"generate","msg_id":15}}
2024/11/23 09:30:21 Sent {"src":"n50","dest":"c249","body":{"id":"-14-1732365021007022450","in_reply_to":15,"msg_id":15,"type":"generate_ok"}}
2024/11/23 09:30:21 Received {c249 n50 {"type":"generate","msg_id":16}}
2024/11/23 09:30:21 Sent {"src":"n50","dest":"c249","body":{"id":"-15-1732365021114621722","in_reply_to":16,"msg_id":16,"type":"generate_ok"}}
2024/11/23 09:30:21 Received {c249 n50 {"type":"generate","msg_id":17}}
2024/11/23 09:30:21 Sent {"src":"n50","dest":"c249","body":{"id":"-16-1732365021227303841","in_reply_to":17,"msg_id":17,"type":"generate_ok"}}
2024/11/23 09:30:21 Received {c249 n50 {"type":"generate","msg_id":18}}
2024/11/23 09:30:21 Sent {"src":"n50","dest":"c249","body":{"id":"-17-1732365021331990494","in_reply_to":18,"msg_id":18,"type":"generate_ok"}}
2024/11/23 09:30:21 Received {c249 n50 {"type":"generate","msg_id":19}}
2024/11/23 09:30:21 Sent {"src":"n50","dest":"c249","body":{"id":"-18-1732365021444710134","in_reply_to":19,"msg_id":19,"type":"generate_ok"}}
2024/11/23 09:30:21 Received {c249 n50 {"type":"generate","msg_id":20}}
2024/11/23 09:30:21 Sent {"src":"n50","dest":"c249","body":{"id":"-19-1732365021568732424","in_reply_to":20,"msg_id":20,"type":"generate_ok"}}
2024/11/23 09:30:21 Received {c249 n50 {"type":"generate","msg_id":21}}
2024/11/23 09:30:21 Sent {"src":"n50","dest":"c249","body":{"id":"-20-1732365021672435535","in_reply_to":21,"msg_id":21,"type":"generate_ok"}}
2024/11/23 09:30:21 Received {c249 n50 {"type":"generate","msg_id":22}}
2024/11/23 09:30:21 Sent {"src":"n50","dest":"c249","body":{"id":"-21-1732365021784677655","in_reply_to":22,"msg_id":22,"type":"generate_ok"}}
2024/11/23 09:30:21 Received {c249 n50 {"type":"generate","msg_id":23}}
2024/11/23 09:30:21 Sent {"src":"n50","dest":"c249","body":{"id":"-22-1732365021898947953","in_reply_to":23,"msg_id":23,"type":"generate_ok"}}
2024/11/23 09:30:22 Received {c249 n50 {"type":"generate","msg_id":24}}
2024/11/23 09:30:22 Sent {"src":"n50","dest":"c249","body":{"id":"-23-1732365022009383983","in_reply_to":24,"msg_id":24,"type":"generate_ok"}}
2024/11/23 09:30:22 Received {c249 n50 {"type":"generate","msg_id":25}}
2024/11/23 09:30:22 Sent {"src":"n50","dest":"c249","body":{"id":"-24-1732365022110635064","in_reply_to":25,"msg_id":25,"type":"generate_ok"}}
2024/11/23 09:30:22 Received {c249 n50 {"type":"generate","msg_id":26}}
2024/11/23 09:30:22 Sent {"src":"n50","dest":"c249","body":{"id":"-25-1732365022212231818","in_reply_to":26,"msg_id":26,"type":"generate_ok"}}
2024/11/23 09:30:22 Received {c249 n50 {"type":"generate","msg_id":27}}
2024/11/23 09:30:22 Sent {"src":"n50","dest":"c249","body":{"id":"-26-1732365022325024107","in_reply_to":27,"msg_id":27,"type":"generate_ok"}}
2024/11/23 09:30:22 Received {c249 n50 {"type":"generate","msg_id":28}}
2024/11/23 09:30:22 Sent {"src":"n50","dest":"c249","body":{"id":"-27-1732365022424944307","in_reply_to":28,"msg_id":28,"type":"generate_ok"}}
2024/11/23 09:30:22 Received {c249 n50 {"type":"generate","msg_id":29}}
2024/11/23 09:30:22 Sent {"src":"n50","dest":"c249","body":{"id":"-28-1732365022534185351","in_reply_to":29,"msg_id":29,"type":"generate_ok"}}
2024/11/23 09:30:22 Received {c249 n50 {"type":"generate","msg_id":30}}
2024/11/23 09:30:22 Sent {"src":"n50","dest":"c249","body":{"id":"-29-1732365022646339591","in_reply_to":30,"msg_id":30,"type":"generate_ok"}}
2024/11/23 09:30:22 Received {c249 n50 {"type":"generate","msg_id":31}}
2024/11/23 09:30:22 Sent {"src":"n50","dest":"c249","body":{"id":"-30-1732365022761185853","in_reply_to":31,"msg_id":31,"type":"generate_ok"}}
2024/11/23 09:30:22 Received {c249 n50 {"type":"generate","msg_id":32}}
2024/11/23 09:30:22 Sent {"src":"n50","dest":"c249","body":{"id":"-31-1732365022873086037","in_reply_to":32,"msg_id":32,"type":"generate_ok"}}
2024/11/23 09:30:22 Received {c249 n50 {"type":"generate","msg_id":33}}
2024/11/23 09:30:22 Sent {"src":"n50","dest":"c249","body":{"id":"-32-1732365022974615214","in_reply_to":33,"msg_id":33,"type":"generate_ok"}}
2024/11/23 09:30:23 Received {c249 n50 {"type":"generate","msg_id":34}}
2024/11/23 09:30:23 Sent {"src":"n50","dest":"c249","body":{"id":"-33-1732365023075440880","in_reply_to":34,"msg_id":34,"type":"generate_ok"}}
2024/11/23 09:30:23 Received {c249 n50 {"type":"generate","msg_id":35}}
2024/11/23 09:30:23 Sent {"src":"n50","dest":"c249","body":{"id":"-34-1732365023192187917","in_reply_to":35,"msg_id":35,"type":"generate_ok"}}
2024/11/23 09:30:23 Received {c249 n50 {"type":"generate","msg_id":36}}
2024/11/23 09:30:23 Sent {"src":"n50","dest":"c249","body":{"id":"-35-1732365023307799924","in_reply_to":36,"msg_id":36,"type":"generate_ok"}}
2024/11/23 09:30:23 Received {c249 n50 {"type":"generate","msg_id":37}}
2024/11/23 09:30:23 Sent {"src":"n50","dest":"c249","body":{"id":"-36-1732365023416571999","in_reply_to":37,"msg_id":37,"type":"generate_ok"}}
2024/11/23 09:30:23 Received {c249 n50 {"type":"generate","msg_id":38}}
2024/11/23 09:30:23 Sent {"src":"n50","dest":"c249","body":{"id":"-37-1732365023534199242","in_reply_to":38,"msg_id":38,"type":"generate_ok"}}
2024/11/23 09:30:23 Received {c249 n50 {"type":"generate","msg_id":39}}
2024/11/23 09:30:23 Sent {"src":"n50","dest":"c249","body":{"id":"-38-1732365023648416547","in_reply_to":39,"msg_id":39,"type":"generate_ok"}}
2024/11/23 09:30:23 Received {c249 n50 {"type":"generate","msg_id":40}}
2024/11/23 09:30:23 Sent {"src":"n50","dest":"c249","body":{"id":"-39-1732365023748001718","in_reply_to":40,"msg_id":40,"type":"generate_ok"}}
2024/11/23 09:30:23 Received {c249 n50 {"type":"generate","msg_id":41}}
2024/11/23 09:30:23 Sent {"src":"n50","dest":"c249","body":{"id":"-40-1732365023861762461","in_reply_to":41,"msg_id":41,"type":"generate_ok"}}
2024/11/23 09:30:23 Received {c249 n50 {"type":"generate","msg_id":42}}
2024/11/23 09:30:23 Sent {"src":"n50","dest":"c249","body":{"id":"-41-1732365023969133359","in_reply_to":42,"msg_id":42,"type":"generate_ok"}}
2024/11/23 09:30:24 Received {c249 n50 {"type":"generate","msg_id":43}}
2024/11/23 09:30:24 Sent {"src":"n50","dest":"c249","body":{"id":"-42-1732365024076279541","in_reply_to":43,"msg_id":43,"type":"generate_ok"}}
2024/11/23 09:30:24 Received {c249 n50 {"type":"generate","msg_id":44}}
2024/11/23 09:30:24 Sent {"src":"n50","dest":"c249","body":{"id":"-43-1732365024182733871","in_reply_to":44,"msg_id":44,"type":"generate_ok"}}
2024/11/23 09:30:24 Received {c249 n50 {"type":"generate","msg_id":45}}
2024/11/23 09:30:24 Sent {"src":"n50","dest":"c249","body":{"id":"-44-1732365024289511723","in_reply_to":45,"msg_id":45,"type":"generate_ok"}}
2024/11/23 09:30:24 Received {c249 n50 {"type":"generate","msg_id":46}}
2024/11/23 09:30:24 Sent {"src":"n50","dest":"c249","body":{"id":"-45-1732365024392928543","in_reply_to":46,"msg_id":46,"type":"generate_ok"}}
2024/11/23 09:30:24 Received {c249 n50 {"type":"generate","msg_id":47}}
2024/11/23 09:30:24 Sent {"src":"n50","dest":"c249","body":{"id":"-46-1732365024499113328","in_reply_to":47,"msg_id":47,"type":"generate_ok"}}
2024/11/23 09:30:24 Received {c249 n50 {"type":"generate","msg_id":48}}
2024/11/23 09:30:24 Sent {"src":"n50","dest":"c249","body":{"id":"-47-1732365024604072078","in_reply_to":48,"msg_id":48,"type":"generate_ok"}}
2024/11/23 09:30:24 Received {c249 n50 {"type":"generate","msg_id":49}}
2024/11/23 09:30:24 Sent {"src":"n50","dest":"c249","body":{"id":"-48-1732365024714634189","in_reply_to":49,"msg_id":49,"type":"generate_ok"}}
2024/11/23 09:30:24 Received {c249 n50 {"type":"generate","msg_id":50}}
2024/11/23 09:30:24 Sent {"src":"n50","dest":"c249","body":{"id":"-49-1732365024816998265","in_reply_to":50,"msg_id":50,"type":"generate_ok"}}
2024/11/23 09:30:24 Received {c249 n50 {"type":"generate","msg_id":51}}
2024/11/23 09:30:24 Sent {"src":"n50","dest":"c249","body":{"id":"-50-1732365024925618813","in_reply_to":51,"msg_id":51,"type":"generate_ok"}}
2024/11/23 09:30:25 Received {c249 n50 {"type":"generate","msg_id":52}}
2024/11/23 09:30:25 Sent {"src":"n50","dest":"c249","body":{"id":"-51-1732365025028353510","in_reply_to":52,"msg_id":52,"type":"generate_ok"}}
2024/11/23 09:30:25 Received {c249 n50 {"type":"generate","msg_id":53}}
2024/11/23 09:30:25 Sent {"src":"n50","dest":"c249","body":{"id":"-52-1732365025132569779","in_reply_to":53,"msg_id":53,"type":"generate_ok"}}
2024/11/23 09:30:25 Received {c249 n50 {"type":"generate","msg_id":54}}
2024/11/23 09:30:25 Sent {"src":"n50","dest":"c249","body":{"id":"-53-1732365025251357157","in_reply_to":54,"msg_id":54,"type":"generate_ok"}}
2024/11/23 09:30:25 Received {c249 n50 {"type":"generate","msg_id":55}}
2024/11/23 09:30:25 Sent {"src":"n50","dest":"c249","body":{"id":"-54-1732365025351196584","in_reply_to":55,"msg_id":55,"type":"generate_ok"}}
2024/11/23 09:30:25 Received {c249 n50 {"type":"generate","msg_id":56}}
2024/11/23 09:30:25 Sent {"src":"n50","dest":"c249","body":{"id":"-55-1732365025469704873","in_reply_to":56,"msg_id":56,"type":"generate_ok"}}
2024/11/23 09:30:25 Received {c249 n50 {"type":"generate","msg_id":57}}
2024/11/23 09:30:25 Sent {"src":"n50","dest":"c249","body":{"id":"-56-1732365025578591802","in_reply_to":57,"msg_id":57,"type":"generate_ok"}}
2024/11/23 09:30:25 Received {c249 n50 {"type":"generate","msg_id":58}}
2024/11/23 09:30:25 Sent {"src":"n50","dest":"c249","body":{"id":"-57-1732365025684218385","in_reply_to":58,"msg_id":58,"type":"generate_ok"}}
2024/11/23 09:30:25 Received {c249 n50 {"type":"generate","msg_id":59}}
2024/11/23 09:30:25 Sent {"src":"n50","dest":"c249","body":{"id":"-58-1732365025793705374","in_reply_to":59,"msg_id":59,"type":"generate_ok"}}
2024/11/23 09:30:25 Received {c249 n50 {"type":"generate","msg_id":60}}
2024/11/23 09:30:25 Sent {"src":"n50","dest":"c249","body":{"id":"-59-1732365025902042712","in_reply_to":60,"msg_id":60,"type":"generate_ok"}}
2024/11/23 09:30:26 Received {c249 n50 {"type":"generate","msg_id":61}}
2024/11/23 09:30:26 Sent {"src":"n50","dest":"c249","body":{"id":"-60-1732365026007234778","in_reply_to":61,"msg_id":61,"type":"generate_ok"}}
2024/11/23 09:30:26 Received {c249 n50 {"type":"generate","msg_id":62}}
2024/11/23 09:30:26 Sent {"src":"n50","dest":"c249","body":{"id":"-61-1732365026119668281","in_reply_to":62,"msg_id":62,"type":"generate_ok"}}
2024/11/23 09:30:26 Received {c249 n50 {"type":"generate","msg_id":63}}
2024/11/23 09:30:26 Sent {"src":"n50","dest":"c249","body":{"id":"-62-1732365026220983405","in_reply_to":63,"msg_id":63,"type":"generate_ok"}}
2024/11/23 09:30:26 Received {c249 n50 {"type":"generate","msg_id":64}}
2024/11/23 09:30:26 Sent {"src":"n50","dest":"c249","body":{"id":"-63-1732365026331685957","in_reply_to":64,"msg_id":64,"type":"generate_ok"}}
2024/11/23 09:30:26 Received {c249 n50 {"type":"generate","msg_id":65}}
2024/11/23 09:30:26 Sent {"src":"n50","dest":"c249","body":{"id":"-64-1732365026432624155","in_reply_to":65,"msg_id":65,"type":"generate_ok"}}
2024/11/23 09:30:26 Received {c249 n50 {"type":"generate","msg_id":66}}
2024/11/23 09:30:26 Sent {"src":"n50","dest":"c249","body":{"id":"-65-1732365026535106981","in_reply_to":66,"msg_id":66,"type":"generate_ok"}}
2024/11/23 09:30:26 Received {c249 n50 {"type":"generate","msg_id":67}}
2024/11/23 09:30:26 Sent {"src":"n50","dest":"c249","body":{"id":"-66-1732365026643895753","in_reply_to":67,"msg_id":67,"type":"generate_ok"}}
2024/11/23 09:30:26 Received {c249 n50 {"type":"generate","msg_id":68}}
2024/11/23 09:30:26 Sent {"src":"n50","dest":"c249","body":{"id":"-67-1732365026755839253","in_reply_to":68,"msg_id":68,"type":"generate_ok"}}
2024/11/23 09:30:26 Received {c249 n50 {"type":"generate","msg_id":69}}
2024/11/23 09:30:26 Sent {"src":"n50","dest":"c249","body":{"id":"-68-1732365026868583218","in_reply_to":69,"msg_id":69,"type":"generate_ok"}}
2024/11/23 09:30:26 Received {c249 n50 {"type":"generate","msg_id":70}}
2024/11/23 09:30:26 Sent {"src":"n50","dest":"c249","body":{"id":"-69-1732365026976761028","in_reply_to":70,"msg_id":70,"type":"generate_ok"}}
2024/11/23 09:30:27 Received {c249 n50 {"type":"generate","msg_id":71}}
2024/11/23 09:30:27 Sent {"src":"n50","dest":"c249","body":{"id":"-70-1732365027080973944","in_reply_to":71,"msg_id":71,"type":"generate_ok"}}
2024/11/23 09:30:27 Received {c249 n50 {"type":"generate","msg_id":72}}
2024/11/23 09:30:27 Sent {"src":"n50","dest":"c249","body":{"id":"-71-1732365027190016891","in_reply_to":72,"msg_id":72,"type":"generate_ok"}}
2024/11/23 09:30:27 Received {c249 n50 {"type":"generate","msg_id":73}}
2024/11/23 09:30:27 Sent {"src":"n50","dest":"c249","body":{"id":"-72-1732365027293959365","in_reply_to":73,"msg_id":73,"type":"generate_ok"}}
2024/11/23 09:30:27 Received {c249 n50 {"type":"generate","msg_id":74}}
2024/11/23 09:30:27 Sent {"src":"n50","dest":"c249","body":{"id":"-73-1732365027391609785","in_reply_to":74,"msg_id":74,"type":"generate_ok"}}
2024/11/23 09:30:27 Received {c249 n50 {"type":"generate","msg_id":75}}
2024/11/23 09:30:27 Sent {"src":"n50","dest":"c249","body":{"id":"-74-1732365027494480544","in_reply_to":75,"msg_id":75,"type":"generate_ok"}}
2024/11/23 09:30:27 Received {c249 n50 {"type":"generate","msg_id":76}}
2024/11/23 09:30:27 Sent {"src":"n50","dest":"c249","body":{"id":"-75-1732365027602548927","in_reply_to":76,"msg_id":76,"type":"generate_ok"}}
2024/11/23 09:30:27 Received {c249 n50 {"type":"generate","msg_id":77}}
2024/11/23 09:30:27 Sent {"src":"n50","dest":"c249","body":{"id":"-76-1732365027705863752","in_reply_to":77,"msg_id":77,"type":"generate_ok"}}
2024/11/23 09:30:27 Received {c249 n50 {"type":"generate","msg_id":78}}
2024/11/23 09:30:27 Sent {"src":"n50","dest":"c249","body":{"id":"-77-1732365027806159045","in_reply_to":78,"msg_id":78,"type":"generate_ok"}}
2024/11/23 09:30:27 Received {c249 n50 {"type":"generate","msg_id":79}}
2024/11/23 09:30:27 Sent {"src":"n50","dest":"c249","body":{"id":"-78-1732365027923746448","in_reply_to":79,"msg_id":79,"type":"generate_ok"}}
2024/11/23 09:30:28 Received {c249 n50 {"type":"generate","msg_id":80}}
2024/11/23 09:30:28 Sent {"src":"n50","dest":"c249","body":{"id":"-79-1732365028029428399","in_reply_to":80,"msg_id":80,"type":"generate_ok"}}
2024/11/23 09:30:28 Received {c249 n50 {"type":"generate","msg_id":81}}
2024/11/23 09:30:28 Sent {"src":"n50","dest":"c249","body":{"id":"-80-1732365028133015541","in_reply_to":81,"msg_id":81,"type":"generate_ok"}}
2024/11/23 09:30:28 Received {c249 n50 {"type":"generate","msg_id":82}}
2024/11/23 09:30:28 Sent {"src":"n50","dest":"c249","body":{"id":"-81-1732365028239927086","in_reply_to":82,"msg_id":82,"type":"generate_ok"}}
2024/11/23 09:30:28 Received {c249 n50 {"type":"generate","msg_id":83}}
2024/11/23 09:30:28 Sent {"src":"n50","dest":"c249","body":{"id":"-82-1732365028339012496","in_reply_to":83,"msg_id":83,"type":"generate_ok"}}
2024/11/23 09:30:28 Received {c249 n50 {"type":"generate","msg_id":84}}
2024/11/23 09:30:28 Sent {"src":"n50","dest":"c249","body":{"id":"-83-1732365028440834408","in_reply_to":84,"msg_id":84,"type":"generate_ok"}}
2024/11/23 09:30:28 Received {c249 n50 {"type":"generate","msg_id":85}}
2024/11/23 09:30:28 Sent {"src":"n50","dest":"c249","body":{"id":"-84-1732365028559595957","in_reply_to":85,"msg_id":85,"type":"generate_ok"}}
2024/11/23 09:30:28 Received {c249 n50 {"type":"generate","msg_id":86}}
2024/11/23 09:30:28 Sent {"src":"n50","dest":"c249","body":{"id":"-85-1732365028664915014","in_reply_to":86,"msg_id":86,"type":"generate_ok"}}
2024/11/23 09:30:28 Received {c249 n50 {"type":"generate","msg_id":87}}
2024/11/23 09:30:28 Sent {"src":"n50","dest":"c249","body":{"id":"-86-1732365028774167594","in_reply_to":87,"msg_id":87,"type":"generate_ok"}}
2024/11/23 09:30:28 Received {c249 n50 {"type":"generate","msg_id":88}}
2024/11/23 09:30:28 Sent {"src":"n50","dest":"c249","body":{"id":"-87-1732365028881871115","in_reply_to":88,"msg_id":88,"type":"generate_ok"}}
2024/11/23 09:30:28 Received {c249 n50 {"type":"generate","msg_id":89}}
2024/11/23 09:30:28 Sent {"src":"n50","dest":"c249","body":{"id":"-88-1732365028983432906","in_reply_to":89,"msg_id":89,"type":"generate_ok"}}
2024/11/23 09:30:29 Received {c249 n50 {"type":"generate","msg_id":90}}
2024/11/23 09:30:29 Sent {"src":"n50","dest":"c249","body":{"id":"-89-1732365029094973081","in_reply_to":90,"msg_id":90,"type":"generate_ok"}}
2024/11/23 09:30:29 Received {c249 n50 {"type":"generate","msg_id":91}}
2024/11/23 09:30:29 Sent {"src":"n50","dest":"c249","body":{"id":"-90-1732365029204204625","in_reply_to":91,"msg_id":91,"type":"generate_ok"}}
2024/11/23 09:30:29 Received {c249 n50 {"type":"generate","msg_id":92}}
2024/11/23 09:30:29 Sent {"src":"n50","dest":"c249","body":{"id":"-91-1732365029306942893","in_reply_to":92,"msg_id":92,"type":"generate_ok"}}
2024/11/23 09:30:29 Received {c249 n50 {"type":"generate","msg_id":93}}
2024/11/23 09:30:29 Sent {"src":"n50","dest":"c249","body":{"id":"-92-1732365029421457501","in_reply_to":93,"msg_id":93,"type":"generate_ok"}}
2024/11/23 09:30:29 Received {c249 n50 {"type":"generate","msg_id":94}}
2024/11/23 09:30:29 Sent {"src":"n50","dest":"c249","body":{"id":"-93-1732365029521769354","in_reply_to":94,"msg_id":94,"type":"generate_ok"}}
2024/11/23 09:30:29 Received {c249 n50 {"type":"generate","msg_id":95}}
2024/11/23 09:30:29 Sent {"src":"n50","dest":"c249","body":{"id":"-94-1732365029631407381","in_reply_to":95,"msg_id":95,"type":"generate_ok"}}
2024/11/23 09:30:29 Received {c249 n50 {"type":"generate","msg_id":96}}
2024/11/23 09:30:29 Sent {"src":"n50","dest":"c249","body":{"id":"-95-1732365029733066757","in_reply_to":96,"msg_id":96,"type":"generate_ok"}}
2024/11/23 09:30:29 Received {c249 n50 {"type":"generate","msg_id":97}}
2024/11/23 09:30:29 Sent {"src":"n50","dest":"c249","body":{"id":"-96-1732365029848632270","in_reply_to":97,"msg_id":97,"type":"generate_ok"}}
2024/11/23 09:30:29 Received {c249 n50 {"type":"generate","msg_id":98}}
2024/11/23 09:30:29 Sent {"src":"n50","dest":"c249","body":{"id":"-97-1732365029950552491","in_reply_to":98,"msg_id":98,"type":"generate_ok"}}
2024/11/23 09:30:30 Received {c249 n50 {"type":"generate","msg_id":99}}
2024/11/23 09:30:30 Sent {"src":"n50","dest":"c249","body":{"id":"-98-1732365030051980992","in_reply_to":99,"msg_id":99,"type":"generate_ok"}}
2024/11/23 09:30:30 Received {c249 n50 {"type":"generate","msg_id":100}}
2024/11/23 09:30:30 Sent {"src":"n50","dest":"c249","body":{"id":"-99-1732365030165007238","in_reply_to":100,"msg_id":100,"type":"generate_ok"}}
2024/11/23 09:30:30 Received {c249 n50 {"type":"generate","msg_id":101}}
2024/11/23 09:30:30 Sent {"src":"n50","dest":"c249","body":{"id":"-100-1732365030285212242","in_reply_to":101,"msg_id":101,"type":"generate_ok"}}
2024/11/23 09:30:30 Received {c249 n50 {"type":"generate","msg_id":102}}
2024/11/23 09:30:30 Sent {"src":"n50","dest":"c249","body":{"id":"-101-1732365030393741662","in_reply_to":102,"msg_id":102,"type":"generate_ok"}}
2024/11/23 09:30:30 Received {c249 n50 {"type":"generate","msg_id":103}}
2024/11/23 09:30:30 Sent {"src":"n50","dest":"c249","body":{"id":"-102-1732365030499704537","in_reply_to":103,"msg_id":103,"type":"generate_ok"}}
2024/11/23 09:30:30 Received {c249 n50 {"type":"generate","msg_id":104}}
2024/11/23 09:30:30 Sent {"src":"n50","dest":"c249","body":{"id":"-103-1732365030617553022","in_reply_to":104,"msg_id":104,"type":"generate_ok"}}
2024/11/23 09:30:30 Received {c249 n50 {"type":"generate","msg_id":105}}
2024/11/23 09:30:30 Sent {"src":"n50","dest":"c249","body":{"id":"-104-1732365030722257048","in_reply_to":105,"msg_id":105,"type":"generate_ok"}}
2024/11/23 09:30:30 Received {c249 n50 {"type":"generate","msg_id":106}}
2024/11/23 09:30:30 Sent {"src":"n50","dest":"c249","body":{"id":"-105-1732365030826077361","in_reply_to":106,"msg_id":106,"type":"generate_ok"}}
2024/11/23 09:30:30 Received {c249 n50 {"type":"generate","msg_id":107}}
2024/11/23 09:30:30 Sent {"src":"n50","dest":"c249","body":{"id":"-106-1732365030936396794","in_reply_to":107,"msg_id":107,"type":"generate_ok"}}
2024/11/23 09:30:31 Received {c249 n50 {"type":"generate","msg_id":108}}
2024/11/23 09:30:31 Sent {"src":"n50","dest":"c249","body":{"id":"-107-1732365031039686133","in_reply_to":108,"msg_id":108,"type":"generate_ok"}}
2024/11/23 09:30:31 Received {c249 n50 {"type":"generate","msg_id":109}}
2024/11/23 09:30:31 Sent {"src":"n50","dest":"c249","body":{"id":"-108-1732365031149235724","in_reply_to":109,"msg_id":109,"type":"generate_ok"}}
2024/11/23 09:30:31 Received {c249 n50 {"type":"generate","msg_id":110}}
2024/11/23 09:30:31 Sent {"src":"n50","dest":"c249","body":{"id":"-109-1732365031256136409","in_reply_to":110,"msg_id":110,"type":"generate_ok"}}
2024/11/23 09:30:31 Received {c249 n50 {"type":"generate","msg_id":111}}
2024/11/23 09:30:31 Sent {"src":"n50","dest":"c249","body":{"id":"-110-1732365031348669762","in_reply_to":111,"msg_id":111,"type":"generate_ok"}}
2024/11/23 09:30:31 Received {c249 n50 {"type":"generate","msg_id":112}}
2024/11/23 09:30:31 Sent {"src":"n50","dest":"c249","body":{"id":"-111-1732365031449637861","in_reply_to":112,"msg_id":112,"type":"generate_ok"}}
2024/11/23 09:30:31 Received {c249 n50 {"type":"generate","msg_id":113}}
2024/11/23 09:30:31 Sent {"src":"n50","dest":"c249","body":{"id":"-112-1732365031556417319","in_reply_to":113,"msg_id":113,"type":"generate_ok"}}
2024/11/23 09:30:31 Received {c249 n50 {"type":"generate","msg_id":114}}
2024/11/23 09:30:31 Sent {"src":"n50","dest":"c249","body":{"id":"-113-1732365031681186481","in_reply_to":114,"msg_id":114,"type":"generate_ok"}}
2024/11/23 09:30:31 Received {c249 n50 {"type":"generate","msg_id":115}}
2024/11/23 09:30:31 Sent {"src":"n50","dest":"c249","body":{"id":"-114-1732365031795648512","in_reply_to":115,"msg_id":115,"type":"generate_ok"}}
2024/11/23 09:30:31 Received {c249 n50 {"type":"generate","msg_id":116}}
2024/11/23 09:30:31 Sent {"src":"n50","dest":"c249","body":{"id":"-115-1732365031911230260","in_reply_to":116,"msg_id":116,"type":"generate_ok"}}
2024/11/23 09:30:32 Received {c249 n50 {"type":"generate","msg_id":117}}
2024/11/23 09:30:32 Sent {"src":"n50","dest":"c249","body":{"id":"-116-1732365032016205086","in_reply_to":117,"msg_id":117,"type":"generate_ok"}}
2024/11/23 09:30:32 Received {c249 n50 {"type":"generate","msg_id":118}}
2024/11/23 09:30:32 Sent {"src":"n50","dest":"c249","body":{"id":"-117-1732365032124595771","in_reply_to":118,"msg_id":118,"type":"generate_ok"}}
2024/11/23 09:30:32 Received {c249 n50 {"type":"generate","msg_id":119}}
2024/11/23 09:30:32 Sent {"src":"n50","dest":"c249","body":{"id":"-118-1732365032229395742","in_reply_to":119,"msg_id":119,"type":"generate_ok"}}
2024/11/23 09:30:32 Received {c249 n50 {"type":"generate","msg_id":120}}
2024/11/23 09:30:32 Sent {"src":"n50","dest":"c249","body":{"id":"-119-1732365032334550881","in_reply_to":120,"msg_id":120,"type":"generate_ok"}}
2024/11/23 09:30:32 Received {c249 n50 {"type":"generate","msg_id":121}}
2024/11/23 09:30:32 Sent {"src":"n50","dest":"c249","body":{"id":"-120-1732365032441132617","in_reply_to":121,"msg_id":121,"type":"generate_ok"}}
2024/11/23 09:30:32 Received {c249 n50 {"type":"generate","msg_id":122}}
2024/11/23 09:30:32 Sent {"src":"n50","dest":"c249","body":{"id":"-121-1732365032548896863","in_reply_to":122,"msg_id":122,"type":"generate_ok"}}
2024/11/23 09:30:32 Received {c249 n50 {"type":"generate","msg_id":123}}
2024/11/23 09:30:32 Sent {"src":"n50","dest":"c249","body":{"id":"-122-1732365032658723727","in_reply_to":123,"msg_id":123,"type":"generate_ok"}}
2024/11/23 09:30:32 Received {c249 n50 {"type":"generate","msg_id":124}}
2024/11/23 09:30:32 Sent {"src":"n50","dest":"c249","body":{"id":"-123-1732365032766621484","in_reply_to":124,"msg_id":124,"type":"generate_ok"}}
2024/11/23 09:30:32 Received {c249 n50 {"type":"generate","msg_id":125}}
2024/11/23 09:30:32 Sent {"src":"n50","dest":"c249","body":{"id":"-124-1732365032864234572","in_reply_to":125,"msg_id":125,"type":"generate_ok"}}
2024/11/23 09:30:32 Received {c249 n50 {"type":"generate","msg_id":126}}
2024/11/23 09:30:32 Sent {"src":"n50","dest":"c249","body":{"id":"-125-1732365032975744600","in_reply_to":126,"msg_id":126,"type":"generate_ok"}}
2024/11/23 09:30:33 Received {c249 n50 {"type":"generate","msg_id":127}}
2024/11/23 09:30:33 Sent {"src":"n50","dest":"c249","body":{"id":"-126-1732365033083424897","in_reply_to":127,"msg_id":127,"type":"generate_ok"}}
2024/11/23 09:30:33 Received {c249 n50 {"type":"generate","msg_id":128}}
2024/11/23 09:30:33 Sent {"src":"n50","dest":"c249","body":{"id":"-127-1732365033177716428","in_reply_to":128,"msg_id":128,"type":"generate_ok"}}
2024/11/23 09:30:33 Received {c249 n50 {"type":"generate","msg_id":129}}
2024/11/23 09:30:33 Sent {"src":"n50","dest":"c249","body":{"id":"-128-1732365033277429920","in_reply_to":129,"msg_id":129,"type":"generate_ok"}}
2024/11/23 09:30:33 Received {c249 n50 {"type":"generate","msg_id":130}}
2024/11/23 09:30:33 Sent {"src":"n50","dest":"c249","body":{"id":"-129-1732365033385530803","in_reply_to":130,"msg_id":130,"type":"generate_ok"}}
2024/11/23 09:30:33 Received {c249 n50 {"type":"generate","msg_id":131}}
2024/11/23 09:30:33 Sent {"src":"n50","dest":"c249","body":{"id":"-130-1732365033492411627","in_reply_to":131,"msg_id":131,"type":"generate_ok"}}
2024/11/23 09:30:33 Received {c249 n50 {"type":"generate","msg_id":132}}
2024/11/23 09:30:33 Sent {"src":"n50","dest":"c249","body":{"id":"-131-1732365033598756160","in_reply_to":132,"msg_id":132,"type":"generate_ok"}}
2024/11/23 09:30:33 Received {c249 n50 {"type":"generate","msg_id":133}}
2024/11/23 09:30:33 Sent {"src":"n50","dest":"c249","body":{"id":"-132-1732365033705938460","in_reply_to":133,"msg_id":133,"type":"generate_ok"}}
2024/11/23 09:30:33 Received {c249 n50 {"type":"generate","msg_id":134}}
2024/11/23 09:30:33 Sent {"src":"n50","dest":"c249","body":{"id":"-133-1732365033813921687","in_reply_to":134,"msg_id":134,"type":"generate_ok"}}
2024/11/23 09:30:33 Received {c249 n50 {"type":"generate","msg_id":135}}
2024/11/23 09:30:33 Sent {"src":"n50","dest":"c249","body":{"id":"-134-1732365033913555504","in_reply_to":135,"msg_id":135,"type":"generate_ok"}}
2024/11/23 09:30:34 Received {c249 n50 {"type":"generate","msg_id":136}}
2024/11/23 09:30:34 Sent {"src":"n50","dest":"c249","body":{"id":"-135-1732365034016245748","in_reply_to":136,"msg_id":136,"type":"generate_ok"}}
2024/11/23 09:30:34 Received {c249 n50 {"type":"generate","msg_id":137}}
2024/11/23 09:30:34 Sent {"src":"n50","dest":"c249","body":{"id":"-136-1732365034125725442","in_reply_to":137,"msg_id":137,"type":"generate_ok"}}
2024/11/23 09:30:34 Received {c249 n50 {"type":"generate","msg_id":138}}
2024/11/23 09:30:34 Sent {"src":"n50","dest":"c249","body":{"id":"-137-1732365034233982555","in_reply_to":138,"msg_id":138,"type":"generate_ok"}}
2024/11/23 09:30:34 Received {c249 n50 {"type":"generate","msg_id":139}}
2024/11/23 09:30:34 Sent {"src":"n50","dest":"c249","body":{"id":"-138-1732365034336076594","in_reply_to":139,"msg_id":139,"type":"generate_ok"}}
2024/11/23 09:30:34 Received {c249 n50 {"type":"generate","msg_id":140}}
2024/11/23 09:30:34 Sent {"src":"n50","dest":"c249","body":{"id":"-139-1732365034451881352","in_reply_to":140,"msg_id":140,"type":"generate_ok"}}
2024/11/23 09:30:34 Received {c249 n50 {"type":"generate","msg_id":141}}
2024/11/23 09:30:34 Sent {"src":"n50","dest":"c249","body":{"id":"-140-1732365034558625512","in_reply_to":141,"msg_id":141,"type":"generate_ok"}}
2024/11/23 09:30:34 Received {c249 n50 {"type":"generate","msg_id":142}}
2024/11/23 09:30:34 Sent {"src":"n50","dest":"c249","body":{"id":"-141-1732365034657478481","in_reply_to":142,"msg_id":142,"type":"generate_ok"}}
2024/11/23 09:30:34 Received {c249 n50 {"type":"generate","msg_id":143}}
2024/11/23 09:30:34 Sent {"src":"n50","dest":"c249","body":{"id":"-142-1732365034764182244","in_reply_to":143,"msg_id":143,"type":"generate_ok"}}
2024/11/23 09:30:34 Received {c249 n50 {"type":"generate","msg_id":144}}
2024/11/23 09:30:34 Sent {"src":"n50","dest":"c249","body":{"id":"-143-1732365034875241062","in_reply_to":144,"msg_id":144,"type":"generate_ok"}}
2024/11/23 09:30:34 Received {c249 n50 {"type":"generate","msg_id":145}}
2024/11/23 09:30:34 Sent {"src":"n50","dest":"c249","body":{"id":"-144-1732365034984290014","in_reply_to":145,"msg_id":145,"type":"generate_ok"}}
2024/11/23 09:30:35 Received {c249 n50 {"type":"generate","msg_id":146}}
2024/11/23 09:30:35 Sent {"src":"n50","dest":"c249","body":{"id":"-145-1732365035091132915","in_reply_to":146,"msg_id":146,"type":"generate_ok"}}
2024/11/23 09:30:35 Received {c249 n50 {"type":"generate","msg_id":147}}
2024/11/23 09:30:35 Sent {"src":"n50","dest":"c249","body":{"id":"-146-1732365035196776111","in_reply_to":147,"msg_id":147,"type":"generate_ok"}}
2024/11/23 09:30:35 Received {c249 n50 {"type":"generate","msg_id":148}}
2024/11/23 09:30:35 Sent {"src":"n50","dest":"c249","body":{"id":"-147-1732365035305423018","in_reply_to":148,"msg_id":148,"type":"generate_ok"}}
2024/11/23 09:30:35 Received {c249 n50 {"type":"generate","msg_id":149}}
2024/11/23 09:30:35 Sent {"src":"n50","dest":"c249","body":{"id":"-148-1732365035409238148","in_reply_to":149,"msg_id":149,"type":"generate_ok"}}
2024/11/23 09:30:35 Received {c249 n50 {"type":"generate","msg_id":150}}
2024/11/23 09:30:35 Sent {"src":"n50","dest":"c249","body":{"id":"-149-1732365035500817638","in_reply_to":150,"msg_id":150,"type":"generate_ok"}}
2024/11/23 09:30:35 Received {c249 n50 {"type":"generate","msg_id":151}}
2024/11/23 09:30:35 Sent {"src":"n50","dest":"c249","body":{"id":"-150-1732365035617796553","in_reply_to":151,"msg_id":151,"type":"generate_ok"}}
2024/11/23 09:30:35 Received {c249 n50 {"type":"generate","msg_id":152}}
2024/11/23 09:30:35 Sent {"src":"n50","dest":"c249","body":{"id":"-151-1732365035719677135","in_reply_to":152,"msg_id":152,"type":"generate_ok"}}
2024/11/23 09:30:35 Received {c249 n50 {"type":"generate","msg_id":153}}
2024/11/23 09:30:35 Sent {"src":"n50","dest":"c249","body":{"id":"-152-1732365035824629628","in_reply_to":153,"msg_id":153,"type":"generate_ok"}}
2024/11/23 09:30:35 Received {c249 n50 {"type":"generate","msg_id":154}}
2024/11/23 09:30:35 Sent {"src":"n50","dest":"c249","body":{"id":"-153-1732365035940675222","in_reply_to":154,"msg_id":154,"type":"generate_ok"}}
2024/11/23 09:30:36 Received {c249 n50 {"type":"generate","msg_id":155}}
2024/11/23 09:30:36 Sent {"src":"n50","dest":"c249","body":{"id":"-154-1732365036052605642","in_reply_to":155,"msg_id":155,"type":"generate_ok"}}
2024/11/23 09:30:36 Received {c249 n50 {"type":"generate","msg_id":156}}
2024/11/23 09:30:36 Sent {"src":"n50","dest":"c249","body":{"id":"-155-1732365036156556062","in_reply_to":156,"msg_id":156,"type":"generate_ok"}}
2024/11/23 09:30:36 Received {c249 n50 {"type":"generate","msg_id":157}}
2024/11/23 09:30:36 Sent {"src":"n50","dest":"c249","body":{"id":"-156-1732365036251925537","in_reply_to":157,"msg_id":157,"type":"generate_ok"}}
2024/11/23 09:30:36 Received {c249 n50 {"type":"generate","msg_id":158}}
2024/11/23 09:30:36 Sent {"src":"n50","dest":"c249","body":{"id":"-157-1732365036363582373","in_reply_to":158,"msg_id":158,"type":"generate_ok"}}
2024/11/23 09:30:36 Received {c249 n50 {"type":"generate","msg_id":159}}
2024/11/23 09:30:36 Sent {"src":"n50","dest":"c249","body":{"id":"-158-1732365036460369430","in_reply_to":159,"msg_id":159,"type":"generate_ok"}}
2024/11/23 09:30:36 Received {c249 n50 {"type":"generate","msg_id":160}}
2024/11/23 09:30:36 Sent {"src":"n50","dest":"c249","body":{"id":"-159-1732365036565068431","in_reply_to":160,"msg_id":160,"type":"generate_ok"}}
2024/11/23 09:30:36 Received {c249 n50 {"type":"generate","msg_id":161}}
2024/11/23 09:30:36 Sent {"src":"n50","dest":"c249","body":{"id":"-160-1732365036684141792","in_reply_to":161,"msg_id":161,"type":"generate_ok"}}
2024/11/23 09:30:36 Received {c249 n50 {"type":"generate","msg_id":162}}
2024/11/23 09:30:36 Sent {"src":"n50","dest":"c249","body":{"id":"-161-1732365036796323712","in_reply_to":162,"msg_id":162,"type":"generate_ok"}}
2024/11/23 09:30:36 Received {c249 n50 {"type":"generate","msg_id":163}}
2024/11/23 09:30:36 Sent {"src":"n50","dest":"c249","body":{"id":"-162-1732365036908589312","in_reply_to":163,"msg_id":163,"type":"generate_ok"}}
2024/11/23 09:30:37 Received {c249 n50 {"type":"generate","msg_id":164}}
2024/11/23 09:30:37 Sent {"src":"n50","dest":"c249","body":{"id":"-163-1732365037022348569","in_reply_to":164,"msg_id":164,"type":"generate_ok"}}
2024/11/23 09:30:37 Received {c249 n50 {"type":"generate","msg_id":165}}
2024/11/23 09:30:37 Sent {"src":"n50","dest":"c249","body":{"id":"-164-1732365037140409625","in_reply_to":165,"msg_id":165,"type":"generate_ok"}}
2024/11/23 09:30:37 Received {c249 n50 {"type":"generate","msg_id":166}}
2024/11/23 09:30:37 Sent {"src":"n50","dest":"c249","body":{"id":"-165-1732365037252856312","in_reply_to":166,"msg_id":166,"type":"generate_ok"}}
2024/11/23 09:30:37 Received {c249 n50 {"type":"generate","msg_id":167}}
2024/11/23 09:30:37 Sent {"src":"n50","dest":"c249","body":{"id":"-166-1732365037363529581","in_reply_to":167,"msg_id":167,"type":"generate_ok"}}
2024/11/23 09:30:37 Received {c249 n50 {"type":"generate","msg_id":168}}
2024/11/23 09:30:37 Sent {"src":"n50","dest":"c249","body":{"id":"-167-1732365037457979644","in_reply_to":168,"msg_id":168,"type":"generate_ok"}}
2024/11/23 09:30:37 Received {c249 n50 {"type":"generate","msg_id":169}}
2024/11/23 09:30:37 Sent {"src":"n50","dest":"c249","body":{"id":"-168-1732365037567082850","in_reply_to":169,"msg_id":169,"type":"generate_ok"}}
2024/11/23 09:30:37 Received {c249 n50 {"type":"generate","msg_id":170}}
2024/11/23 09:30:37 Sent {"src":"n50","dest":"c249","body":{"id":"-169-1732365037667509795","in_reply_to":170,"msg_id":170,"type":"generate_ok"}}
2024/11/23 09:30:37 Received {c249 n50 {"type":"generate","msg_id":171}}
2024/11/23 09:30:37 Sent {"src":"n50","dest":"c249","body":{"id":"-170-1732365037766215790","in_reply_to":171,"msg_id":171,"type":"generate_ok"}}
2024/11/23 09:30:37 Received {c249 n50 {"type":"generate","msg_id":172}}
2024/11/23 09:30:37 Sent {"src":"n50","dest":"c249","body":{"id":"-171-1732365037867809614","in_reply_to":172,"msg_id":172,"type":"generate_ok"}}
2024/11/23 09:30:37 Received {c249 n50 {"type":"generate","msg_id":173}}
2024/11/23 09:30:37 Sent {"src":"n50","dest":"c249","body":{"id":"-172-1732365037973998907","in_reply_to":173,"msg_id":173,"type":"generate_ok"}}
2024/11/23 09:30:38 Received {c249 n50 {"type":"generate","msg_id":174}}
2024/11/23 09:30:38 Sent {"src":"n50","dest":"c249","body":{"id":"-173-1732365038076089976","in_reply_to":174,"msg_id":174,"type":"generate_ok"}}
2024/11/23 09:30:38 Received {c249 n50 {"type":"generate","msg_id":175}}
2024/11/23 09:30:38 Sent {"src":"n50","dest":"c249","body":{"id":"-174-1732365038177978831","in_reply_to":175,"msg_id":175,"type":"generate_ok"}}
2024/11/23 09:30:38 Received {c249 n50 {"type":"generate","msg_id":176}}
2024/11/23 09:30:38 Sent {"src":"n50","dest":"c249","body":{"id":"-175-1732365038289392702","in_reply_to":176,"msg_id":176,"type":"generate_ok"}}
2024/11/23 09:30:38 Received {c249 n50 {"type":"generate","msg_id":177}}
2024/11/23 09:30:38 Sent {"src":"n50","dest":"c249","body":{"id":"-176-1732365038393665574","in_reply_to":177,"msg_id":177,"type":"generate_ok"}}
2024/11/23 09:30:38 Received {c249 n50 {"type":"generate","msg_id":178}}
2024/11/23 09:30:38 Sent {"src":"n50","dest":"c249","body":{"id":"-177-1732365038503003411","in_reply_to":178,"msg_id":178,"type":"generate_ok"}}
2024/11/23 09:30:38 Received {c249 n50 {"type":"generate","msg_id":179}}
2024/11/23 09:30:38 Sent {"src":"n50","dest":"c249","body":{"id":"-178-1732365038609834893","in_reply_to":179,"msg_id":179,"type":"generate_ok"}}
2024/11/23 09:30:38 Received {c249 n50 {"type":"generate","msg_id":180}}
2024/11/23 09:30:38 Sent {"src":"n50","dest":"c249","body":{"id":"-179-1732365038711302662","in_reply_to":180,"msg_id":180,"type":"generate_ok"}}
2024/11/23 09:30:38 Received {c249 n50 {"type":"generate","msg_id":181}}
2024/11/23 09:30:38 Sent {"src":"n50","dest":"c249","body":{"id":"-180-1732365038822671650","in_reply_to":181,"msg_id":181,"type":"generate_ok"}}
2024/11/23 09:30:38 Received {c249 n50 {"type":"generate","msg_id":182}}
2024/11/23 09:30:38 Sent {"src":"n50","dest":"c249","body":{"id":"-181-1732365038921211895","in_reply_to":182,"msg_id":182,"type":"generate_ok"}}
2024/11/23 09:30:39 Received {c249 n50 {"type":"generate","msg_id":183}}
2024/11/23 09:30:39 Sent {"src":"n50","dest":"c249","body":{"id":"-182-1732365039017725335","in_reply_to":183,"msg_id":183,"type":"generate_ok"}}
2024/11/23 09:30:39 Received {c249 n50 {"type":"generate","msg_id":184}}
2024/11/23 09:30:39 Sent {"src":"n50","dest":"c249","body":{"id":"-183-1732365039130592748","in_reply_to":184,"msg_id":184,"type":"generate_ok"}}
2024/11/23 09:30:39 Received {c249 n50 {"type":"generate","msg_id":185}}
2024/11/23 09:30:39 Sent {"src":"n50","dest":"c249","body":{"id":"-184-1732365039236515558","in_reply_to":185,"msg_id":185,"type":"generate_ok"}}
2024/11/23 09:30:39 Received {c249 n50 {"type":"generate","msg_id":186}}
2024/11/23 09:30:39 Sent {"src":"n50","dest":"c249","body":{"id":"-185-1732365039353613467","in_reply_to":186,"msg_id":186,"type":"generate_ok"}}
2024/11/23 09:30:39 Received {c249 n50 {"type":"generate","msg_id":187}}
2024/11/23 09:30:39 Sent {"src":"n50","dest":"c249","body":{"id":"-186-1732365039470715151","in_reply_to":187,"msg_id":187,"type":"generate_ok"}}
2024/11/23 09:30:39 Received {c249 n50 {"type":"generate","msg_id":188}}
2024/11/23 09:30:39 Sent {"src":"n50","dest":"c249","body":{"id":"-187-1732365039574492277","in_reply_to":188,"msg_id":188,"type":"generate_ok"}}
2024/11/23 09:30:39 Received {c249 n50 {"type":"generate","msg_id":189}}
2024/11/23 09:30:39 Sent {"src":"n50","dest":"c249","body":{"id":"-188-1732365039674674072","in_reply_to":189,"msg_id":189,"type":"generate_ok"}}
2024/11/23 09:30:39 Received {c249 n50 {"type":"generate","msg_id":190}}
2024/11/23 09:30:39 Sent {"src":"n50","dest":"c249","body":{"id":"-189-1732365039786441624","in_reply_to":190,"msg_id":190,"type":"generate_ok"}}
2024/11/23 09:30:39 Received {c249 n50 {"type":"generate","msg_id":191}}
2024/11/23 09:30:39 Sent {"src":"n50","dest":"c249","body":{"id":"-190-1732365039907140108","in_reply_to":191,"msg_id":191,"type":"generate_ok"}}
2024/11/23 09:30:40 Received {c249 n50 {"type":"generate","msg_id":192}}
2024/11/23 09:30:40 Sent {"src":"n50","dest":"c249","body":{"id":"-191-1732365040012449509","in_reply_to":192,"msg_id":192,"type":"generate_ok"}}
2024/11/23 09:30:40 Received {c249 n50 {"type":"generate","msg_id":193}}
2024/11/23 09:30:40 Sent {"src":"n50","dest":"c249","body":{"id":"-192-1732365040120266908","in_reply_to":193,"msg_id":193,"type":"generate_ok"}}
2024/11/23 09:30:40 Received {c249 n50 {"type":"generate","msg_id":194}}
2024/11/23 09:30:40 Sent {"src":"n50","dest":"c249","body":{"id":"-193-1732365040227717247","in_reply_to":194,"msg_id":194,"type":"generate_ok"}}
2024/11/23 09:30:40 Received {c249 n50 {"type":"generate","msg_id":195}}
2024/11/23 09:30:40 Sent {"src":"n50","dest":"c249","body":{"id":"-194-1732365040336715255","in_reply_to":195,"msg_id":195,"type":"generate_ok"}}
2024/11/23 09:30:40 Received {c249 n50 {"type":"generate","msg_id":196}}
2024/11/23 09:30:40 Sent {"src":"n50","dest":"c249","body":{"id":"-195-1732365040435814288","in_reply_to":196,"msg_id":196,"type":"generate_ok"}}
2024/11/23 09:30:40 Received {c249 n50 {"type":"generate","msg_id":197}}
2024/11/23 09:30:40 Sent {"src":"n50","dest":"c249","body":{"id":"-196-1732365040543184740","in_reply_to":197,"msg_id":197,"type":"generate_ok"}}
2024/11/23 09:30:40 Received {c249 n50 {"type":"generate","msg_id":198}}
2024/11/23 09:30:40 Sent {"src":"n50","dest":"c249","body":{"id":"-197-1732365040648632297","in_reply_to":198,"msg_id":198,"type":"generate_ok"}}
2024/11/23 09:30:40 Received {c249 n50 {"type":"generate","msg_id":199}}
2024/11/23 09:30:40 Sent {"src":"n50","dest":"c249","body":{"id":"-198-1732365040754762115","in_reply_to":199,"msg_id":199,"type":"generate_ok"}}
2024/11/23 09:30:40 Received {c249 n50 {"type":"generate","msg_id":200}}
2024/11/23 09:30:40 Sent {"src":"n50","dest":"c249","body":{"id":"-199-1732365040861029655","in_reply_to":200,"msg_id":200,"type":"generate_ok"}}
2024/11/23 09:30:40 Received {c249 n50 {"type":"generate","msg_id":201}}
2024/11/23 09:30:40 Sent {"src":"n50","dest":"c249","body":{"id":"-200-1732365040978545263","in_reply_to":201,"msg_id":201,"type":"generate_ok"}}
2024/11/23 09:30:41 Received {c249 n50 {"type":"generate","msg_id":202}}
2024/11/23 09:30:41 Sent {"src":"n50","dest":"c249","body":{"id":"-201-1732365041087125786","in_reply_to":202,"msg_id":202,"type":"generate_ok"}}
2024/11/23 09:30:41 Received {c249 n50 {"type":"generate","msg_id":203}}
2024/11/23 09:30:41 Sent {"src":"n50","dest":"c249","body":{"id":"-202-1732365041192468850","in_reply_to":203,"msg_id":203,"type":"generate_ok"}}
2024/11/23 09:30:41 Received {c249 n50 {"type":"generate","msg_id":204}}
2024/11/23 09:30:41 Sent {"src":"n50","dest":"c249","body":{"id":"-203-1732365041299340512","in_reply_to":204,"msg_id":204,"type":"generate_ok"}}
2024/11/23 09:30:41 Received {c249 n50 {"type":"generate","msg_id":205}}
2024/11/23 09:30:41 Sent {"src":"n50","dest":"c249","body":{"id":"-204-1732365041403428496","in_reply_to":205,"msg_id":205,"type":"generate_ok"}}
2024/11/23 09:30:41 Received {c249 n50 {"type":"generate","msg_id":206}}
2024/11/23 09:30:41 Sent {"src":"n50","dest":"c249","body":{"id":"-205-1732365041514948561","in_reply_to":206,"msg_id":206,"type":"generate_ok"}}
2024/11/23 09:30:41 Received {c249 n50 {"type":"generate","msg_id":207}}
2024/11/23 09:30:41 Sent {"src":"n50","dest":"c249","body":{"id":"-206-1732365041613312099","in_reply_to":207,"msg_id":207,"type":"generate_ok"}}
2024/11/23 09:30:41 Received {c249 n50 {"type":"generate","msg_id":208}}
2024/11/23 09:30:41 Sent {"src":"n50","dest":"c249","body":{"id":"-207-1732365041733965319","in_reply_to":208,"msg_id":208,"type":"generate_ok"}}
2024/11/23 09:30:41 Received {c249 n50 {"type":"generate","msg_id":209}}
2024/11/23 09:30:41 Sent {"src":"n50","dest":"c249","body":{"id":"-208-1732365041830665167","in_reply_to":209,"msg_id":209,"type":"generate_ok"}}
2024/11/23 09:30:41 Received {c249 n50 {"type":"generate","msg_id":210}}
2024/11/23 09:30:41 Sent {"src":"n50","dest":"c249","body":{"id":"-209-1732365041933287564","in_reply_to":210,"msg_id":210,"type":"generate_ok"}}
2024/11/23 09:30:42 Received {c249 n50 {"type":"generate","msg_id":211}}
2024/11/23 09:30:42 Sent {"src":"n50","dest":"c249","body":{"id":"-210-1732365042040733881","in_reply_to":211,"msg_id":211,"type":"generate_ok"}}
2024/11/23 09:30:42 Received {c249 n50 {"type":"generate","msg_id":212}}
2024/11/23 09:30:42 Sent {"src":"n50","dest":"c249","body":{"id":"-211-1732365042154394829","in_reply_to":212,"msg_id":212,"type":"generate_ok"}}
2024/11/23 09:30:42 Received {c249 n50 {"type":"generate","msg_id":213}}
2024/11/23 09:30:42 Sent {"src":"n50","dest":"c249","body":{"id":"-212-1732365042253788543","in_reply_to":213,"msg_id":213,"type":"generate_ok"}}
2024/11/23 09:30:42 Received {c249 n50 {"type":"generate","msg_id":214}}
2024/11/23 09:30:42 Sent {"src":"n50","dest":"c249","body":{"id":"-213-1732365042359526741","in_reply_to":214,"msg_id":214,"type":"generate_ok"}}
2024/11/23 09:30:42 Received {c249 n50 {"type":"generate","msg_id":215}}
2024/11/23 09:30:42 Sent {"src":"n50","dest":"c249","body":{"id":"-214-1732365042468663776","in_reply_to":215,"msg_id":215,"type":"generate_ok"}}
2024/11/23 09:30:42 Received {c249 n50 {"type":"generate","msg_id":216}}
2024/11/23 09:30:42 Sent {"src":"n50","dest":"c249","body":{"id":"-215-1732365042571281503","in_reply_to":216,"msg_id":216,"type":"generate_ok"}}
2024/11/23 09:30:42 Received {c249 n50 {"type":"generate","msg_id":217}}
2024/11/23 09:30:42 Sent {"src":"n50","dest":"c249","body":{"id":"-216-1732365042675957471","in_reply_to":217,"msg_id":217,"type":"generate_ok"}}
2024/11/23 09:30:42 Received {c249 n50 {"type":"generate","msg_id":218}}
2024/11/23 09:30:42 Sent {"src":"n50","dest":"c249","body":{"id":"-217-1732365042782759579","in_reply_to":218,"msg_id":218,"type":"generate_ok"}}
2024/11/23 09:30:42 Received {c249 n50 {"type":"generate","msg_id":219}}
2024/11/23 09:30:42 Sent {"src":"n50","dest":"c249","body":{"id":"-218-1732365042883569204","in_reply_to":219,"msg_id":219,"type":"generate_ok"}}
2024/11/23 09:30:42 Received {c249 n50 {"type":"generate","msg_id":220}}
2024/11/23 09:30:42 Sent {"src":"n50","dest":"c249","body":{"id":"-219-1732365042989155413","in_reply_to":220,"msg_id":220,"type":"generate_ok"}}
2024/11/23 09:30:43 Received {c249 n50 {"type":"generate","msg_id":221}}
2024/11/23 09:30:43 Sent {"src":"n50","dest":"c249","body":{"id":"-220-1732365043089868604","in_reply_to":221,"msg_id":221,"type":"generate_ok"}}
2024/11/23 09:30:43 Received {c249 n50 {"type":"generate","msg_id":222}}
2024/11/23 09:30:43 Sent {"src":"n50","dest":"c249","body":{"id":"-221-1732365043194025583","in_reply_to":222,"msg_id":222,"type":"generate_ok"}}
2024/11/23 09:30:43 Received {c249 n50 {"type":"generate","msg_id":223}}
2024/11/23 09:30:43 Sent {"src":"n50","dest":"c249","body":{"id":"-222-1732365043302818026","in_reply_to":223,"msg_id":223,"type":"generate_ok"}}
2024/11/23 09:30:43 Received {c249 n50 {"type":"generate","msg_id":224}}
2024/11/23 09:30:43 Sent {"src":"n50","dest":"c249","body":{"id":"-223-1732365043409182056","in_reply_to":224,"msg_id":224,"type":"generate_ok"}}
2024/11/23 09:30:43 Received {c249 n50 {"type":"generate","msg_id":225}}
2024/11/23 09:30:43 Sent {"src":"n50","dest":"c249","body":{"id":"-224-1732365043513971265","in_reply_to":225,"msg_id":225,"type":"generate_ok"}}
2024/11/23 09:30:43 Received {c249 n50 {"type":"generate","msg_id":226}}
2024/11/23 09:30:43 Sent {"src":"n50","dest":"c249","body":{"id":"-225-1732365043617538120","in_reply_to":226,"msg_id":226,"type":"generate_ok"}}
2024/11/23 09:30:43 Received {c249 n50 {"type":"generate","msg_id":227}}
2024/11/23 09:30:43 Sent {"src":"n50","dest":"c249","body":{"id":"-226-1732365043725945098","in_reply_to":227,"msg_id":227,"type":"generate_ok"}}
2024/11/23 09:30:43 Received {c249 n50 {"type":"generate","msg_id":228}}
2024/11/23 09:30:43 Sent {"src":"n50","dest":"c249","body":{"id":"-227-1732365043845697983","in_reply_to":228,"msg_id":228,"type":"generate_ok"}}
2024/11/23 09:30:43 Received {c249 n50 {"type":"generate","msg_id":229}}
2024/11/23 09:30:43 Sent {"src":"n50","dest":"c249","body":{"id":"-228-1732365043948990494","in_reply_to":229,"msg_id":229,"type":"generate_ok"}}
2024/11/23 09:30:44 Received {c249 n50 {"type":"generate","msg_id":230}}
2024/11/23 09:30:44 Sent {"src":"n50","dest":"c249","body":{"id":"-229-1732365044056862812","in_reply_to":230,"msg_id":230,"type":"generate_ok"}}
2024/11/23 09:30:44 Received {c249 n50 {"type":"generate","msg_id":231}}
2024/11/23 09:30:44 Sent {"src":"n50","dest":"c249","body":{"id":"-230-1732365044159667147","in_reply_to":231,"msg_id":231,"type":"generate_ok"}}
2024/11/23 09:30:44 Received {c249 n50 {"type":"generate","msg_id":232}}
2024/11/23 09:30:44 Sent {"src":"n50","dest":"c249","body":{"id":"-231-1732365044277265409","in_reply_to":232,"msg_id":232,"type":"generate_ok"}}
2024/11/23 09:30:44 Received {c249 n50 {"type":"generate","msg_id":233}}
2024/11/23 09:30:44 Sent {"src":"n50","dest":"c249","body":{"id":"-232-1732365044381715566","in_reply_to":233,"msg_id":233,"type":"generate_ok"}}
2024/11/23 09:30:44 Received {c249 n50 {"type":"generate","msg_id":234}}
2024/11/23 09:30:44 Sent {"src":"n50","dest":"c249","body":{"id":"-233-1732365044485282837","in_reply_to":234,"msg_id":234,"type":"generate_ok"}}
2024/11/23 09:30:44 Received {c249 n50 {"type":"generate","msg_id":235}}
2024/11/23 09:30:44 Sent {"src":"n50","dest":"c249","body":{"id":"-234-1732365044578876512","in_reply_to":235,"msg_id":235,"type":"generate_ok"}}
2024/11/23 09:30:44 Received {c249 n50 {"type":"generate","msg_id":236}}
2024/11/23 09:30:44 Sent {"src":"n50","dest":"c249","body":{"id":"-235-1732365044690276861","in_reply_to":236,"msg_id":236,"type":"generate_ok"}}
2024/11/23 09:30:44 Received {c249 n50 {"type":"generate","msg_id":237}}
2024/11/23 09:30:44 Sent {"src":"n50","dest":"c249","body":{"id":"-236-1732365044796292720","in_reply_to":237,"msg_id":237,"type":"generate_ok"}}
2024/11/23 09:30:44 Received {c249 n50 {"type":"generate","msg_id":238}}
2024/11/23 09:30:44 Sent {"src":"n50","dest":"c249","body":{"id":"-237-1732365044909943075","in_reply_to":238,"msg_id":238,"type":"generate_ok"}}
2024/11/23 09:30:45 Received {c249 n50 {"type":"generate","msg_id":239}}
2024/11/23 09:30:45 Sent {"src":"n50","dest":"c249","body":{"id":"-238-1732365045023110001","in_reply_to":239,"msg_id":239,"type":"generate_ok"}}
2024/11/23 09:30:45 Received {c249 n50 {"type":"generate","msg_id":240}}
2024/11/23 09:30:45 Sent {"src":"n50","dest":"c249","body":{"id":"-239-1732365045122493461","in_reply_to":240,"msg_id":240,"type":"generate_ok"}}
2024/11/23 09:30:45 Received {c249 n50 {"type":"generate","msg_id":241}}
2024/11/23 09:30:45 Sent {"src":"n50","dest":"c249","body":{"id":"-240-1732365045231255975","in_reply_to":241,"msg_id":241,"type":"generate_ok"}}
2024/11/23 09:30:45 Received {c249 n50 {"type":"generate","msg_id":242}}
2024/11/23 09:30:45 Sent {"src":"n50","dest":"c249","body":{"id":"-241-1732365045333043571","in_reply_to":242,"msg_id":242,"type":"generate_ok"}}
2024/11/23 09:30:45 Received {c249 n50 {"type":"generate","msg_id":243}}
2024/11/23 09:30:45 Sent {"src":"n50","dest":"c249","body":{"id":"-242-1732365045440554776","in_reply_to":243,"msg_id":243,"type":"generate_ok"}}
2024/11/23 09:30:45 Received {c249 n50 {"type":"generate","msg_id":244}}
2024/11/23 09:30:45 Sent {"src":"n50","dest":"c249","body":{"id":"-243-1732365045541515716","in_reply_to":244,"msg_id":244,"type":"generate_ok"}}
2024/11/23 09:30:45 Received {c249 n50 {"type":"generate","msg_id":245}}
2024/11/23 09:30:45 Sent {"src":"n50","dest":"c249","body":{"id":"-244-1732365045631606938","in_reply_to":245,"msg_id":245,"type":"generate_ok"}}
2024/11/23 09:30:45 Received {c249 n50 {"type":"generate","msg_id":246}}
2024/11/23 09:30:45 Sent {"src":"n50","dest":"c249","body":{"id":"-245-1732365045745151382","in_reply_to":246,"msg_id":246,"type":"generate_ok"}}
2024/11/23 09:30:45 Received {c249 n50 {"type":"generate","msg_id":247}}
2024/11/23 09:30:45 Sent {"src":"n50","dest":"c249","body":{"id":"-246-1732365045846168430","in_reply_to":247,"msg_id":247,"type":"generate_ok"}}
2024/11/23 09:30:45 Received {c249 n50 {"type":"generate","msg_id":248}}
2024/11/23 09:30:45 Sent {"src":"n50","dest":"c249","body":{"id":"-247-1732365045953956421","in_reply_to":248,"msg_id":248,"type":"generate_ok"}}
2024/11/23 09:30:46 Received {c249 n50 {"type":"generate","msg_id":249}}
2024/11/23 09:30:46 Sent {"src":"n50","dest":"c249","body":{"id":"-248-1732365046056076749","in_reply_to":249,"msg_id":249,"type":"generate_ok"}}
2024/11/23 09:30:46 Received {c249 n50 {"type":"generate","msg_id":250}}
2024/11/23 09:30:46 Sent {"src":"n50","dest":"c249","body":{"id":"-249-1732365046170426240","in_reply_to":250,"msg_id":250,"type":"generate_ok"}}
2024/11/23 09:30:46 Received {c249 n50 {"type":"generate","msg_id":251}}
2024/11/23 09:30:46 Sent {"src":"n50","dest":"c249","body":{"id":"-250-1732365046282333915","in_reply_to":251,"msg_id":251,"type":"generate_ok"}}
2024/11/23 09:30:46 Received {c249 n50 {"type":"generate","msg_id":252}}
2024/11/23 09:30:46 Sent {"src":"n50","dest":"c249","body":{"id":"-251-1732365046392592784","in_reply_to":252,"msg_id":252,"type":"generate_ok"}}
2024/11/23 09:30:46 Received {c249 n50 {"type":"generate","msg_id":253}}
2024/11/23 09:30:46 Sent {"src":"n50","dest":"c249","body":{"id":"-252-1732365046510158046","in_reply_to":253,"msg_id":253,"type":"generate_ok"}}
2024/11/23 09:30:46 Received {c249 n50 {"type":"generate","msg_id":254}}
2024/11/23 09:30:46 Sent {"src":"n50","dest":"c249","body":{"id":"-253-1732365046619376857","in_reply_to":254,"msg_id":254,"type":"generate_ok"}}
2024/11/23 09:30:46 Received {c249 n50 {"type":"generate","msg_id":255}}
2024/11/23 09:30:46 Sent {"src":"n50","dest":"c249","body":{"id":"-254-1732365046724389737","in_reply_to":255,"msg_id":255,"type":"generate_ok"}}
2024/11/23 09:30:46 Received {c249 n50 {"type":"generate","msg_id":256}}
2024/11/23 09:30:46 Sent {"src":"n50","dest":"c249","body":{"id":"-255-1732365046831689077","in_reply_to":256,"msg_id":256,"type":"generate_ok"}}
2024/11/23 09:30:46 Received {c249 n50 {"type":"generate","msg_id":257}}
2024/11/23 09:30:46 Sent {"src":"n50","dest":"c249","body":{"id":"-256-1732365046941196093","in_reply_to":257,"msg_id":257,"type":"generate_ok"}}
2024/11/23 09:30:47 Received {c249 n50 {"type":"generate","msg_id":258}}
2024/11/23 09:30:47 Sent {"src":"n50","dest":"c249","body":{"id":"-257-1732365047058876610","in_reply_to":258,"msg_id":258,"type":"generate_ok"}}
2024/11/23 09:30:47 Received {c249 n50 {"type":"generate","msg_id":259}}
2024/11/23 09:30:47 Sent {"src":"n50","dest":"c249","body":{"id":"-258-1732365047164392093","in_reply_to":259,"msg_id":259,"type":"generate_ok"}}
2024/11/23 09:30:47 Received {c249 n50 {"type":"generate","msg_id":260}}
2024/11/23 09:30:47 Sent {"src":"n50","dest":"c249","body":{"id":"-259-1732365047261883791","in_reply_to":260,"msg_id":260,"type":"generate_ok"}}
2024/11/23 09:30:47 Received {c249 n50 {"type":"generate","msg_id":261}}
2024/11/23 09:30:47 Sent {"src":"n50","dest":"c249","body":{"id":"-260-1732365047368403334","in_reply_to":261,"msg_id":261,"type":"generate_ok"}}
2024/11/23 09:30:47 Received {c249 n50 {"type":"generate","msg_id":262}}
2024/11/23 09:30:47 Sent {"src":"n50","dest":"c249","body":{"id":"-261-1732365047474601475","in_reply_to":262,"msg_id":262,"type":"generate_ok"}}
2024/11/23 09:30:47 Received {c249 n50 {"type":"generate","msg_id":263}}
2024/11/23 09:30:47 Sent {"src":"n50","dest":"c249","body":{"id":"-262-1732365047592206849","in_reply_to":263,"msg_id":263,"type":"generate_ok"}}
2024/11/23 09:30:47 Received {c249 n50 {"type":"generate","msg_id":264}}
2024/11/23 09:30:47 Sent {"src":"n50","dest":"c249","body":{"id":"-263-1732365047697348144","in_reply_to":264,"msg_id":264,"type":"generate_ok"}}
2024/11/23 09:30:47 Received {c249 n50 {"type":"generate","msg_id":265}}
2024/11/23 09:30:47 Sent {"src":"n50","dest":"c249","body":{"id":"-264-1732365047808438762","in_reply_to":265,"msg_id":265,"type":"generate_ok"}}
2024/11/23 09:30:47 Received {c249 n50 {"type":"generate","msg_id":266}}
2024/11/23 09:30:47 Sent {"src":"n50","dest":"c249","body":{"id":"-265-1732365047904314547","in_reply_to":266,"msg_id":266,"type":"generate_ok"}}
2024/11/23 09:30:48 Received {c249 n50 {"type":"generate","msg_id":267}}
2024/11/23 09:30:48 Sent {"src":"n50","dest":"c249","body":{"id":"-266-1732365048009353464","in_reply_to":267,"msg_id":267,"type":"generate_ok"}}
2024/11/23 09:30:48 Received {c249 n50 {"type":"generate","msg_id":268}}
2024/11/23 09:30:48 Sent {"src":"n50","dest":"c249","body":{"id":"-267-1732365048117714389","in_reply_to":268,"msg_id":268,"type":"generate_ok"}}
2024/11/23 09:30:48 Received {c249 n50 {"type":"generate","msg_id":269}}
2024/11/23 09:30:48 Sent {"src":"n50","dest":"c249","body":{"id":"-268-1732365048228315745","in_reply_to":269,"msg_id":269,"type":"generate_ok"}}
2024/11/23 09:30:48 Received {c249 n50 {"type":"generate","msg_id":270}}
2024/11/23 09:30:48 Sent {"src":"n50","dest":"c249","body":{"id":"-269-1732365048331431002","in_reply_to":270,"msg_id":270,"type":"generate_ok"}}
2024/11/23 09:30:48 Received {c249 n50 {"type":"generate","msg_id":271}}
2024/11/23 09:30:48 Sent {"src":"n50","dest":"c249","body":{"id":"-270-1732365048432520627","in_reply_to":271,"msg_id":271,"type":"generate_ok"}}
2024/11/23 09:30:48 Received {c249 n50 {"type":"generate","msg_id":272}}
2024/11/23 09:30:48 Sent {"src":"n50","dest":"c249","body":{"id":"-271-1732365048549190390","in_reply_to":272,"msg_id":272,"type":"generate_ok"}}
2024/11/23 09:30:48 Received {c249 n50 {"type":"generate","msg_id":273}}
2024/11/23 09:30:48 Sent {"src":"n50","dest":"c249","body":{"id":"-272-1732365048645204502","in_reply_to":273,"msg_id":273,"type":"generate_ok"}}
2024/11/23 09:30:48 Received {c249 n50 {"type":"generate","msg_id":274}}
2024/11/23 09:30:48 Sent {"src":"n50","dest":"c249","body":{"id":"-273-1732365048742071364","in_reply_to":274,"msg_id":274,"type":"generate_ok"}}
2024/11/23 09:30:48 Received {c249 n50 {"type":"generate","msg_id":275}}
2024/11/23 09:30:48 Sent {"src":"n50","dest":"c249","body":{"id":"-274-1732365048852364940","in_reply_to":275,"msg_id":275,"type":"generate_ok"}}
2024/11/23 09:30:48 Received {c249 n50 {"type":"generate","msg_id":276}}
2024/11/23 09:30:48 Sent {"src":"n50","dest":"c249","body":{"id":"-275-1732365048956554535","in_reply_to":276,"msg_id":276,"type":"generate_ok"}}
2024/11/23 09:30:49 Received {c249 n50 {"type":"generate","msg_id":277}}
2024/11/23 09:30:49 Sent {"src":"n50","dest":"c249","body":{"id":"-276-1732365049064046477","in_reply_to":277,"msg_id":277,"type":"generate_ok"}}
2024/11/23 09:30:49 Received {c249 n50 {"type":"generate","msg_id":278}}
2024/11/23 09:30:49 Sent {"src":"n50","dest":"c249","body":{"id":"-277-1732365049173277915","in_reply_to":278,"msg_id":278,"type":"generate_ok"}}
2024/11/23 09:30:49 Received {c249 n50 {"type":"generate","msg_id":279}}
2024/11/23 09:30:49 Sent {"src":"n50","dest":"c249","body":{"id":"-278-1732365049284511849","in_reply_to":279,"msg_id":279,"type":"generate_ok"}}
2024/11/23 09:30:49 Received {c249 n50 {"type":"generate","msg_id":280}}
2024/11/23 09:30:49 Sent {"src":"n50","dest":"c249","body":{"id":"-279-1732365049383541698","in_reply_to":280,"msg_id":280,"type":"generate_ok"}}
