2024/11/23 09:30:19 Received {c88 n88 {"type":"init","node_id":"n88","node_ids":["n0","n1","n2","n3","n4","n5","n6","n7","n8","n9","n10","n11","n12","n13","n14","n15","n16","n17","n18","n19","n20","n21","n22","n23","n24","n25","n26","n27","n28","n29","n30","n31","n32","n33","n34","n35","n36","n37","n38","n39","n40","n41","n42","n43","n44","n45","n46","n47","n48","n49","n50","n51","n52","n53","n54","n55","n56","n57","n58","n59","n60","n61","n62","n63","n64","n65","n66","n67","n68","n69","n70","n71","n72","n73","n74","n75","n76","n77","n78","n79","n80","n81","n82","n83","n84","n85","n86","n87","n88","n89","n90","n91","n92","n93","n94","n95","n96","n97","n98","n99"],"msg_id":1}}
2024/11/23 09:30:19 Node n88 initialized
2024/11/23 09:30:19 Sent {"src":"n88","dest":"c88","body":{"in_reply_to":1,"type":"init_ok"}}
2024/11/23 09:30:19 Received {c287 n88 {"type":"generate","msg_id":1}}
2024/11/23 09:30:19 Sent {"src":"n88","dest":"c287","body":{"id":"-0-1732365019520746204","in_reply_to":1,"msg_id":1,"type":"generate_ok"}}
2024/11/23 09:30:19 Received {c287 n88 {"type":"generate","msg_id":2}}
2024/11/23 09:30:19 Sent {"src":"n88","dest":"c287","body":{"id":"-1-1732365019626467373","in_reply_to":2,"msg_id":2,"type":"generate_ok"}}
2024/11/23 09:30:19 Received {c287 n88 {"type":"generate","msg_id":3}}
2024/11/23 09:30:19 Sent {"src":"n88","dest":"c287","body":{"id":"-2-1732365019741034991","in_reply_to":3,"msg_id":3,"type":"generate_ok"}}
2024/11/23 09:30:19 Received {c287 n88 {"type":"generate","msg_id":4}}
2024/11/23 09:30:19 Sent {"src":"n88","dest":"c287","body":{"id":"-3-1732365019856018805","in_reply_to":4,"msg_id":4,"type":"generate_ok"}}
2024/11/23 09:30:19 Received {c287 n88 {"type":"generate","msg_id":5}}
2024/11/23 09:30:19 Sent {"src":"n88","dest":"c287","body":{"id":"-4-1732365019961575740","in_reply_to":5,"msg_id":5,"type":"generate_ok"}}
2024/11/23 09:30:20 Received {c287 n88 {"type":"generate","msg_id":6}}
2024/11/23 09:30:20 Sent {"src":"n88","dest":"c287","body":{"id":"-5-1732365020068222457","in_reply_to":6,"msg_id":6,"type":"generate_ok"}}
2024/11/23 09:30:20 Received {c287 n88 {"type":"generate","msg_id":7}}
2024/11/23 09:30:20 Sent {"src":"n88","dest":"c287","body":{"id":"-6-1732365020179229893","in_reply_to":7,"msg_id":7,"type":"generate_ok"}}
2024/11/23 09:30:20 Received {c287 n88 {"type":"generate","msg_id":8}}
2024/11/23 09:30:20 Sent {"src":"n88","dest":"c287","body":{"id":"-7-1732365020290769470","in_reply_to":8,"msg_id":8,"type":"generate_ok"}}
2024/11/23 09:30:20 Received {c287 n88 {"type":"generate","msg_id":9}}
2024/11/23 09:30:20 Sent {"src":"n88","dest":"c287","body":{"id":"-8-1732365020400400160","in_reply_to":9,"msg_id":9,"type":"generate_ok"}}
2024/11/23 09:30:20 Received {c287 n88 {"type":"generate","msg_id":10}}
2024/11/23 09:30:20 Sent {"src":"n88","dest":"c287","body":{"id":"-9-1732365020507229908","in_reply_to":10,"msg_id":10,"type":"generate_ok"}}
2024/11/23 09:30:20 Received {c287 n88 {"type":"generate","msg_id":11}}
2024/11/23 09:30:20 Sent {"src":"n88","dest":"c287","body":{"id":"-10-1732365020609507677","in_reply_to":11,"msg_id":11,"type":"generate_ok"}}
2024/11/23 09:30:20 Received {c287 n88 {"type":"generate","msg_id":12}}
2024/11/23 09:30:20 Sent {"src":"n88","dest":"c287","body":{"id":"-11-1732365020713989392","in_reply_to":12,"msg_id":12,"type":"generate_ok"}}
2024/11/23 09:30:20 Received {c287 n88 {"type":"generate","msg_id":13}}
2024/11/23 09:30:20 Sent {"src":"n88","dest":"c287","body":{"id":"-12-1732365020825405024","in_reply_to":13,"msg_id":13,"type":"generate_ok"}}
2024/11/23 09:30:20 Received {c287 n88 {"type":"generate","msg_id":14}}
2024/11/23 09:30:20 Sent {"src":"n88","dest":"c287","body":{"id":"-13-1732365020943667311","in_reply_to":14,"msg_id":14,"type":"generate_ok"}}
2024/11/23 09:30:21 Received {c287 n88 {"type":"generate","msg_id":15}}
2024/11/23 09:30:21 Sent {"src":"n88","dest":"c287","body":{"id":"-14-1732365021047874193","in_reply_to":15,"msg_id":15,"type":"generate_ok"}}
2024/11/23 09:30:21 Received {c287 n88 {"type":"generate","msg_id":16}}
2024/11/23 09:30:21 Sent {"src":"n88","dest":"c287","body":{"id":"-15-1732365021161021485","in_reply_to":16,"msg_id":16,"type":"generate_ok"}}
2024/11/23 09:30:21 Received {c287 n88 {"type":"generate","msg_id":17}}
2024/11/23 09:30:21 Sent {"src":"n88","dest":"c287","body":{"id":"-16-1732365021271012323","in_reply_to":17,"msg_id":17,"type":"generate_ok"}}
2024/11/23 09:30:21 Received {c287 n88 {"type":"generate","msg_id":18}}
2024/11/23 09:30:21 Sent {"src":"n88","dest":"c287","body":{"id":"-17-1732365021374313911","in_reply_to":18,"msg_id":18,"type":"generate_ok"}}
2024/11/23 09:30:21 Received {c287 n88 {"type":"generate","msg_id":19}}
2024/11/23 09:30:21 Sent {"src":"n88","dest":"c287","body":{"id":"-18-1732365021487773056","in_reply_to":19,"msg_id":19,"type":"generate_ok"}}
2024/11/23 09:30:21 Received {c287 n88 {"type":"generate","msg_id":20}}
2024/11/23 09:30:21 Sent {"src":"n88","dest":"c287","body":{"id":"-19-1732365021612603104","in_reply_to":20,"msg_id":20,"type":"generate_ok"}}
2024/11/23 09:30:21 Received {c287 n88 {"type":"generate","msg_id":21}}
2024/11/23 09:30:21 Sent {"src":"n88","dest":"c287","body":{"id":"-20-1732365021718494195","in_reply_to":21,"msg_id":21,"type":"generate_ok"}}
2024/11/23 09:30:21 Received {c287 n88 {"type":"generate","msg_id":22}}
2024/11/23 09:30:21 Sent {"src":"n88","dest":"c287","body":{"id":"-21-1732365021824302275","in_reply_to":22,"msg_id":22,"type":"generate_ok"}}
2024/11/23 09:30:21 Received {c287 n88 {"type":"generate","msg_id":23}}
2024/11/23 09:30:21 Sent {"src":"n88","dest":"c287","body":{"id":"-22-1732365021938768542","in_reply_to":23,"msg_id":23,"type":"generate_ok"}}
2024/11/23 09:30:22 Received {c287 n88 {"type":"generate","msg_id":24}}
2024/11/23 09:30:22 Sent {"src":"n88","dest":"c287","body":{"id":"-23-1732365022049647156","in_reply_to":24,"msg_id":24,"type":"generate_ok"}}
2024/11/23 09:30:22 Received {c287 n88 {"type":"generate","msg_id":25}}
2024/11/23 09:30:22 Sent {"src":"n88","dest":"c287","body":{"id":"-24-1732365022147509004","in_reply_to":25,"msg_id":25,"type":"generate_ok"}}
2024/11/23 09:30:22 Received {c287 n88 {"type":"generate","msg_id":26}}
2024/11/23 09:30:22 Sent {"src":"n88","dest":"c287","body":{"id":"-25-1732365022256485803","in_reply_to":26,"msg_id":26,"type":"generate_ok"}}
2024/11/23 09:30:22 Received {c287 n88 {"type":"generate","msg_id":27}}
2024/11/23 09:30:22 Sent {"src":"n88","dest":"c287","body":{"id":"-26-1732365022361404661","in_reply_to":27,"msg_id":27,"type":"generate_ok"}}
2024/11/23 09:30:22 Received {c287 n88 {"type":"generate","msg_id":28}}
2024/11/23 09:30:22 Sent {"src":"n88","dest":"c287","body":{"id":"-27-1732365022461576972","in_reply_to":28,"msg_id":28,"type":"generate_ok"}}
2024/11/23 09:30:22 Received {c287 n88 {"type":"generate","msg_id":29}}
2024/11/23 09:30:22 Sent {"src":"n88","dest":"c287","body":{"id":"-28-1732365022577600946","in_reply_to":29,"msg_id":29,"type":"generate_ok"}}
2024/11/23 09:30:22 Received {c287 n88 {"type":"generate","msg_id":30}}
2024/11/23 09:30:22 Sent {"src":"n88","dest":"c287","body":{"id":"-29-1732365022690422976","in_reply_to":30,"msg_id":30,"type":"generate_ok"}}
2024/11/23 09:30:22 Received {c287 n88 {"type":"generate","msg_id":31}}
2024/11/23 09:30:22 Sent {"src":"n88","dest":"c287","body":{"id":"-30-1732365022809364950","in_reply_to":31,"msg_id":31,"type":"generate_ok"}}
2024/11/23 09:30:22 Received {c287 n88 {"type":"generate","msg_id":32}}
2024/11/23 09:30:22 Sent {"src":"n88","dest":"c287","body":{"id":"-31-1732365022910400129","in_reply_to":32,"msg_id":32,"type":"generate_ok"}}
2024/11/23 09:30:23 Received {c287 n88 {"type":"generate","msg_id":33}}
2024/11/23 09:30:23 Sent {"src":"n88","dest":"c287","body":{"id":"-32-1732365023017269051","in_reply_to":33,"msg_id":33,"type":"generate_ok"}}
2024/11/23 09:30:23 Received {c287 n88 {"type":"generate","msg_id":34}}
2024/11/23 09:30:23 Sent {"src":"n88","dest":"c287","body":{"id":"-33-1732365023120965838","in_reply_to":34,"msg_id":34,"type":"generate_ok"}}
2024/11/23 09:30:23 Received {c287 n88 {"type":"generate","msg_id":35}}
2024/11/23 09:30:23 Sent {"src":"n88","dest":"c287","body":{"id":"-34-1732365023234107248","in_reply_to":35,"msg_id":35,"type":"generate_ok"}}
2024/11/23 09:30:23 Received {c287 n88 {"type":"generate","msg_id":36}}
2024/11/23 09:30:23 Sent {"src":"n88","dest":"c287","body":{"id":"-35-1732365023350702229","in_reply_to":36,"msg_id":36,"type":"generate_ok"}}
2024/11/23 09:30:23 Received {c287 n88 {"type":"generate","msg_id":37}}
2024/11/23 09:30:23 Sent {"src":"n88","dest":"c287","body":{"id":"-36-1732365023460643036","in_reply_to":37,"msg_id":37,"type":"generate_ok"}}
2024/11/23 09:30:23 Received {c287 n88 {"type":"generate","msg_id":38}}
2024/11/23 09:30:23 Sent {"src":"n88","dest":"c287","body":{"id":"-37-1732365023580413633","in_reply_to":38,"msg_id":38,"type":"generate_ok"}}
2024/11/23 09:30:23 Received {c287 n88 {"type":"generate","msg_id":39}}
2024/11/23 09:30:23 Sent {"src":"n88","dest":"c287","body":{"id":"-38-1732365023687314237","in_reply_to":39,"msg_id":39,"type":"generate_ok"}}
2024/11/23 09:30:23 Received {c287 n88 {"type":"generate","msg_id":40}}
2024/11/23 09:30:23 Sent {"src":"n88","dest":"c287","body":{"id":"-39-1732365023790680718","in_reply_to":40,"msg_id":40,"type":"generate_ok"}}
2024/11/23 09:30:23 Received {c287 n88 {"type":"generate","msg_id":41}}
2024/11/23 09:30:23 Sent {"src":"n88","dest":"c287","body":{"id":"-40-1732365023904234252","in_reply_to":41,"msg_id":41,"type":"generate_ok"}}
2024/11/23 09:30:24 Received {c287 n88 {"type":"generate","msg_id":42}}
2024/11/23 09:30:24 Sent {"src":"n88","dest":"c287","body":{"id":"-41-1732365024004403925","in_reply_to":42,"msg_id":42,"type":"generate_ok"}}
2024/11/23 09:30:24 Received {c287 n88 {"type":"generate","msg_id":43}}
2024/11/23 09:30:24 Sent {"src":"n88","dest":"c287","body":{"id":"-42-1732365024114905041","in_reply_to":43,"msg_id":43,"type":"generate_ok"}}
2024/11/23 09:30:24 Received {c287 n88 {"type":"generate","msg_id":44}}
2024/11/23 09:30:24 Sent {"src":"n88","dest":"c287","body":{"id":"-43-1732365024224094307","in_reply_to":44,"msg_id":44,"type":"generate_ok"}}
2024/11/23 09:30:24 Received {c287 n88 {"type":"generate","msg_id":45}}
2024/11/23 09:30:24 Sent {"src":"n88","dest":"c287","body":{"id":"-44-1732365024329352723","in_reply_to":45,"msg_id":45,"type":"generate_ok"}}
2024/11/23 09:30:24 Received {c287 n88 {"type":"generate","msg_id":46}}
2024/11/23 09:30:24 Sent {"src":"n88","dest":"c287","body":{"id":"-45-1732365024438529582","in_reply_to":46,"msg_id":46,"type":"generate_ok"}}
2024/11/23 09:30:24 Received {c287 n88 {"type":"generate","msg_id":47}}
2024/11/23 09:30:24 Sent {"src":"n88","dest":"c287","body":{"id":"-46-1732365024539475099","in_reply_to":47,"msg_id":47,"type":"generate_ok"}}
2024/11/23 09:30:24 Received {c287 n88 {"type":"generate","msg_id":48}}
2024/11/23 09:30:24 Sent {"src":"n88","dest":"c287","body":{"id":"-47-1732365024645200382","in_reply_to":48,"msg_id":48,"type":"generate_ok"}}
2024/11/23 09:30:24 Received {c287 n88 {"type":"generate","msg_id":49}}
2024/11/23 09:30:24 Sent {"src":"n88","dest":"c287","body":{"id":"-48-1732365024755641740","in_reply_to":49,"msg_id":49,"type":"generate_ok"}}
2024/11/23 09:30:24 Received {c287 n88 {"type":"generate","msg_id":50}}
2024/11/23 09:30:24 Sent {"src":"n88","dest":"c287","body":{"id":"-49-1732365024862238558","in_reply_to":50,"msg_id":50,"type":"generate_ok"}}
2024/11/23 09:30:24 Received {c287 n88 {"type":"generate","msg_id":51}}
2024/11/23 09:30:24 Sent {"src":"n88","dest":"c287","body":{"id":"-50-1732365024961781837","in_reply_to":51,"msg_id":51,"type":"generate_ok"}}
2024/11/23 09:30:25 Received {c287 n88 {"type":"generate","msg_id":52}}
2024/11/23 09:30:25 Sent {"src":"n88","dest":"c287","body":{"id":"-51-1732365025062790735","in_reply_to":52,"msg_id":52,"type":"generate_ok"}}
2024/11/23 09:30:25 Received {c287 n88 {"type":"generate","msg_id":53}}
2024/11/23 09:30:25 Sent {"src":"n88","dest":"c287","body":{"id":"-52-1732365025172013257","in_reply_to":53,"msg_id":53,"type":"generate_ok"}}
2024/11/23 09:30:25 Received {c287 n88 {"type":"generate","msg_id":54}}
2024/11/23 09:30:25 Sent {"src":"n88","dest":"c287","body":{"id":"-53-1732365025284422206","in_reply_to":54,"msg_id":54,"type":"generate_ok"}}
2024/11/23 09:30:25 Received {c287 n88 {"type":"generate","msg_id":55}}
2024/11/23 09:30:25 Sent {"src":"n88","dest":"c287","body":{"id":"-54-1732365025399122222","in_reply_to":55,"msg_id":55,"type":"generate_ok"}}
2024/11/23 09:30:25 Received {c287 n88 {"type":"generate","msg_id":56}}
2024/11/23 09:30:25 Sent {"src":"n88","dest":"c287","body":{"id":"-55-1732365025511496107","in_reply_to":56,"msg_id":56,"type":"generate_ok"}}
2024/11/23 09:30:25 Received {c287 n88 {"type":"generate","msg_id":57}}
2024/11/23 09:30:25 Sent {"src":"n88","dest":"c287","body":{"id":"-56-1732365025618111732","in_reply_to":57,"msg_id":57,"type":"generate_ok"}}
2024/11/23 09:30:25 Received {c287 n88 {"type":"generate","msg_id":58}}
2024/11/23 09:30:25 Sent {"src":"n88","dest":"c287","body":{"id":"-57-1732365025730175210","in_reply_to":58,"msg_id":58,"type":"generate_ok"}}
2024/11/23 09:30:25 Received {c287 n88 {"type":"generate","msg_id":59}}
2024/11/23 09:30:25 Sent {"src":"n88","dest":"c287","body":{"id":"-58-1732365025833185000","in_reply_to":59,"msg_id":59,"type":"generate_ok"}}
2024/11/23 09:30:25 Received {c287 n88 {"type":"generate","msg_id":60}}
2024/11/23 09:30:25 Sent {"src":"n88","dest":"c287","body":{"id":"-59-1732365025940781071","in_reply_to":60,"msg_id":60,"type":"generate_ok"}}
2024/11/23 09:30:26 Received {c287 n88 {"type":"generate","msg_id":61}}
2024/11/23 09:30:26 Sent {"src":"n88","dest":"c287","body":{"id":"-60-1732365026048138046","in_reply_to":61,"msg_id":61,"type":"generate_ok"}}
2024/11/23 09:30:26 Received {c287 n88 {"type":"generate","msg_id":62}}
2024/11/23 09:30:26 Sent {"src":"n88","dest":"c287","body":{"id":"-61-1732365026159690412","in_reply_to":62,"msg_id":62,"type":"generate_ok"}}
2024/11/23 09:30:26 Received {c287 n88 {"type":"generate","msg_id":63}}
2024/11/23 09:30:26 Sent {"src":"n88","dest":"c287","body":{"id":"-62-1732365026264276361","in_reply_to":63,"msg_id":63,"type":"generate_ok"}}
2024/11/23 09:30:26 Received {c287 n88 {"type":"generate","msg_id":64}}
2024/11/23 09:30:26 Sent {"src":"n88","dest":"c287","body":{"id":"-63-1732365026366048507","in_reply_to":64,"msg_id":64,"type":"generate_ok"}}
2024/11/23 09:30:26 Received {c287 n88 {"type":"generate","msg_id":65}}
2024/11/23 09:30:26 Sent {"src":"n88","dest":"c287","body":{"id":"-64-1732365026467930896","in_reply_to":65,"msg_id":65,"type":"generate_ok"}}
2024/11/23 09:30:26 Received {c287 n88 {"type":"generate","msg_id":66}}
2024/11/23 09:30:26 Sent {"src":"n88","dest":"c287","body":{"id":"-65-1732365026580063470","in_reply_to":66,"msg_id":66,"type":"generate_ok"}}
2024/11/23 09:30:26 Received {c287 n88 {"type":"generate","msg_id":67}}
2024/11/23 09:30:26 Sent {"src":"n88","dest":"c287","body":{"id":"-66-1732365026683978239","in_reply_to":67,"msg_id":67,"type":"generate_ok"}}
2024/11/23 09:30:26 Received {c287 n88 {"type":"generate","msg_id":68}}
2024/11/23 09:30:26 Sent {"src":"n88","dest":"c287","body":{"id":"-67-1732365026798320599","in_reply_to":68,"msg_id":68,"type":"generate_ok"}}
2024/11/23 09:30:26 Received {c287 n88 {"type":"generate","msg_id":69}}
2024/11/23 09:30:26 Sent {"src":"n88","dest":"c287","body":{"id":"-68-1732365026913944249","in_reply_to":69,"msg_id":69,"type":"generate_ok"}}
2024/11/23 09:30:27 Received {c287 n88 {"type":"generate","msg_id":70}}
2024/11/23 09:30:27 Sent {"src":"n88","dest":"c287","body":{"id":"-69-1732365027018213948","in_reply_to":70,"msg_id":70,"type":"generate_ok"}}
2024/11/23 09:30:27 Received {c287 n88 {"type":"generate","msg_id":71}}
2024/11/23 09:30:27 Sent {"src":"n88","dest":"c287","body":{"id":"-70-1732365027121412885","in_reply_to":71,"msg_id":71,"type":"generate_ok"}}
2024/11/23 09:30:27 Received {c287 n88 {"type":"generate","msg_id":72}}
2024/11/23 09:30:27 Sent {"src":"n88","dest":"c287","body":{"id":"-71-1732365027226713306","in_reply_to":72,"msg_id":72,"type":"generate_ok"}}
2024/11/23 09:30:27 Received {c287 n88 {"type":"generate","msg_id":73}}
2024/11/23 09:30:27 Sent {"src":"n88","dest":"c287","body":{"id":"-72-1732365027331161294","in_reply_to":73,"msg_id":73,"type":"generate_ok"}}
2024/11/23 09:30:27 Received {c287 n88 {"type":"generate","msg_id":74}}
2024/11/23 09:30:27 Sent {"src":"n88","dest":"c287","body":{"id":"-73-1732365027437390333","in_reply_to":74,"msg_id":74,"type":"generate_ok"}}
2024/11/23 09:30:27 Received {c287 n88 {"type":"generate","msg_id":75}}
2024/11/23 09:30:27 Sent {"src":"n88","dest":"c287","body":{"id":"-74-1732365027535538168","in_reply_to":75,"msg_id":75,"type":"generate_ok"}}
2024/11/23 09:30:27 Received {c287 n88 {"type":"generate","msg_id":76}}
2024/11/23 09:30:27 Sent {"src":"n88","dest":"c287","body":{"id":"-75-1732365027642286595","in_reply_to":76,"msg_id":76,"type":"generate_ok"}}
2024/11/23 09:30:27 Received {c287 n88 {"type":"generate","msg_id":77}}
2024/11/23 09:30:27 Sent {"src":"n88","dest":"c287","body":{"id":"-76-1732365027744513964","in_reply_to":77,"msg_id":77,"type":"generate_ok"}}
2024/11/23 09:30:27 Received {c287 n88 {"type":"generate","msg_id":78}}
2024/11/23 09:30:27 Sent {"src":"n88","dest":"c287","body":{"id":"-77-1732365027848427315","in_reply_to":78,"msg_id":78,"type":"generate_ok"}}
2024/11/23 09:30:27 Received {c287 n88 {"type":"generate","msg_id":79}}
2024/11/23 09:30:27 Sent {"src":"n88","dest":"c287","body":{"id":"-78-1732365027964426599","in_reply_to":79,"msg_id":79,"type":"generate_ok"}}
2024/11/23 09:30:28 Received {c287 n88 {"type":"generate","msg_id":80}}
2024/11/23 09:30:28 Sent {"src":"n88","dest":"c287","body":{"id":"-79-1732365028070947541","in_reply_to":80,"msg_id":80,"type":"generate_ok"}}
2024/11/23 09:30:28 Received {c287 n88 {"type":"generate","msg_id":81}}
2024/11/23 09:30:28 Sent {"src":"n88","dest":"c287","body":{"id":"-80-1732365028170406160","in_reply_to":81,"msg_id":81,"type":"generate_ok"}}
2024/11/23 09:30:28 Received {c287 n88 {"type":"generate","msg_id":82}}
2024/11/23 09:30:28 Sent {"src":"n88","dest":"c287","body":{"id":"-81-1732365028275927827","in_reply_to":82,"msg_id":82,"type":"generate_ok"}}
2024/11/23 09:30:28 Received {c287 n88 {"type":"generate","msg_id":83}}
2024/11/23 09:30:28 Sent {"src":"n88","dest":"c287","body":{"id":"-82-1732365028373725063","in_reply_to":83,"msg_id":83,"type":"generate_ok"}}
2024/11/23 09:30:28 Received {c287 n88 {"type":"generate","msg_id":84}}
2024/11/23 09:30:28 Sent {"src":"n88","dest":"c287","body":{"id":"-83-1732365028479708179","in_reply_to":84,"msg_id":84,"type":"generate_ok"}}
2024/11/23 09:30:28 Received {c287 n88 {"type":"generate","msg_id":85}}
2024/11/23 09:30:28 Sent {"src":"n88","dest":"c287","body":{"id":"-84-1732365028599799235","in_reply_to":85,"msg_id":85,"type":"generate_ok"}}
2024/11/23 09:30:28 Received {c287 n88 {"type":"generate","msg_id":86}}
2024/11/23 09:30:28 Sent {"src":"n88","dest":"c287","body":{"id":"-85-1732365028708480775","in_reply_to":86,"msg_id":86,"type":"generate_ok"}}
2024/11/23 09:30:28 Received {c287 n88 {"type":"generate","msg_id":87}}
2024/11/23 09:30:28 Sent {"src":"n88","dest":"c287","body":{"id":"-86-1732365028811329859","in_reply_to":87,"msg_id":87,"type":"generate_ok"}}
2024/11/23 09:30:28 Received {c287 n88 {"type":"generate","msg_id":88}}
2024/11/23 09:30:28 Sent {"src":"n88","dest":"c287","body":{"id":"-87-1732365028924601801","in_reply_to":88,"msg_id":88,"type":"generate_ok"}}
2024/11/23 09:30:29 Received {c287 n88 {"type":"generate","msg_id":89}}
2024/11/23 09:30:29 Sent {"src":"n88","dest":"c287","body":{"id":"-88-1732365029023545662","in_reply_to":89,"msg_id":89,"type":"generate_ok"}}
2024/11/23 09:30:29 Received {c287 n88 {"type":"generate","msg_id":90}}
2024/11/23 09:30:29 Sent {"src":"n88","dest":"c287","body":{"id":"-89-1732365029136937335","in_reply_to":90,"msg_id":90,"type":"generate_ok"}}
2024/11/23 09:30:29 Received {c287 n88 {"type":"generate","msg_id":91}}
2024/11/23 09:30:29 Sent {"src":"n88","dest":"c287","body":{"id":"-90-1732365029243895400","in_reply_to":91,"msg_id":91,"type":"generate_ok"}}
2024/11/23 09:30:29 Received {c287 n88 {"type":"generate","msg_id":92}}
2024/11/23 09:30:29 Sent {"src":"n88","dest":"c287","body":{"id":"-91-1732365029351152403","in_reply_to":92,"msg_id":92,"type":"generate_ok"}}
2024/11/23 09:30:29 Received {c287 n88 {"type":"generate","msg_id":93}}
2024/11/23 09:30:29 Sent {"src":"n88","dest":"c287","body":{"id":"-92-1732365029454965871","in_reply_to":93,"msg_id":93,"type":"generate_ok"}}
2024/11/23 09:30:29 Received {c287 n88 {"type":"generate","msg_id":94}}
2024/11/23 09:30:29 Sent {"src":"n88","dest":"c287","body":{"id":"-93-1732365029565109196","in_reply_to":94,"msg_id":94,"type":"generate_ok"}}
2024/11/23 09:30:29 Received {c287 n88 {"type":"generate","msg_id":95}}
2024/11/23 09:30:29 Sent {"src":"n88","dest":"c287","body":{"id":"-94-1732365029667319541","in_reply_to":95,"msg_id":95,"type":"generate_ok"}}
2024/11/23 09:30:29 Received {c287 n88 {"type":"generate","msg_id":96}}
2024/11/23 09:30:29 Sent {"src":"n88","dest":"c287","body":{"id":"-95-1732365029777812770","in_reply_to":96,"msg_id":96,"type":"generate_ok"}}
2024/11/23 09:30:29 Received {c287 n88 {"type":"generate","msg_id":97}}
2024/11/23 09:30:29 Sent {"src":"n88","dest":"c287","body":{"id":"-96-1732365029885215129","in_reply_to":97,"msg_id":97,"type":"generate_ok"}}
2024/11/23 09:30:29 Received {c287 n88 {"type":"generate","msg_id":98}}
2024/11/23 09:30:29 Sent {"src":"n88","dest":"c287","body":{"id":"-97-1732365029986389318","in_reply_to":98,"msg_id":98,"type":"generate_ok"}}
2024/11/23 09:30:30 Received {c287 n88 {"type":"generate","msg_id":99}}
2024/11/23 09:30:30 Sent {"src":"n88","dest":"c287","body":{"id":"-98-1732365030095797925","in_reply_to":99,"msg_id":99,"type":"generate_ok"}}
2024/11/23 09:30:30 Received {c287 n88 {"type":"generate","msg_id":100}}
2024/11/23 09:30:30 Sent {"src":"n88","dest":"c287","body":{"id":"-99-1732365030204193521","in_reply_to":100,"msg_id":100,"type":"generate_ok"}}
2024/11/23 09:30:30 Received {c287 n88 {"type":"generate","msg_id":101}}
2024/11/23 09:30:30 Sent {"src":"n88","dest":"c287","body":{"id":"-100-1732365030327646242","in_reply_to":101,"msg_id":101,"type":"generate_ok"}}
2024/11/23 09:30:30 Received {c287 n88 {"type":"generate","msg_id":102}}
2024/11/23 09:30:30 Sent {"src":"n88","dest":"c287","body":{"id":"-101-1732365030435178049","in_reply_to":102,"msg_id":102,"type":"generate_ok"}}
2024/11/23 09:30:30 Received {c287 n88 {"type":"generate","msg_id":103}}
2024/11/23 09:30:30 Sent {"src":"n88","dest":"c287","body":{"id":"-102-1732365030545216457","in_reply_to":103,"msg_id":103,"type":"generate_ok"}}
2024/11/23 09:30:30 Received {c287 n88 {"type":"generate","msg_id":104}}
2024/11/23 09:30:30 Sent {"src":"n88","dest":"c287","body":{"id":"-103-1732365030662365074","in_reply_to":104,"msg_id":104,"type":"generate_ok"}}
2024/11/23 09:30:30 Received {c287 n88 {"type":"generate","msg_id":105}}
2024/11/23 09:30:30 Sent {"src":"n88","dest":"c287","body":{"id":"-104-1732365030762008508","in_reply_to":105,"msg_id":105,"type":"generate_ok"}}
2024/11/23 09:30:30 Received {c287 n88 {"type":"generate","msg_id":106}}
2024/11/23 09:30:30 Sent {"src":"n88","dest":"c287","body":{"id":"-105-1732365030867542809","in_reply_to":106,"msg_id":106,"type":"generate_ok"}}
2024/11/23 09:30:30 Received {c287 n88 {"type":"generate","msg_id":107}}
2024/11/23 09:30:30 Sent {"src":"n88","dest":"c287","body":{"id":"-106-1732365030972670944","in_reply_to":107,"msg_id":107,"type":"generate_ok"}}
2024/11/23 09:30:31 Received {c287 n88 {"type":"generate","msg_id":108}}
2024/11/23 09:30:31 Sent {"src":"n88","dest":"c287","body":{"id":"-107-1732365031080600401","in_reply_to":108,"msg_id":108,"type":"generate_ok"}}
2024/11/23 09:30:31 Received {c287 n88 {"type":"generate","msg_id":109}}
2024/11/23 09:30:31 Sent {"src":"n88","dest":"c287","body":{"id":"-108-1732365031190101790","in_reply_to":109,"msg_id":109,"type":"generate_ok"}}
2024/11/23 09:30:31 Received {c287 n88 {"type":"generate","msg_id":110}}
2024/11/23 09:30:31 Sent {"src":"n88","dest":"c287","body":{"id":"-109-1732365031294079559","in_reply_to":110,"msg_id":110,"type":"generate_ok"}}
2024/11/23 09:30:31 Received {c287 n88 {"type":"generate","msg_id":111}}
2024/11/23 09:30:31 Sent {"src":"n88","dest":"c287","body":{"id":"-110-1732365031389954472","in_reply_to":111,"msg_id":111,"type":"generate_ok"}}
2024/11/23 09:30:31 Received {c287 n88 {"type":"generate","msg_id":112}}
2024/11/23 09:30:31 Sent {"src":"n88","dest":"c287","body":{"id":"-111-1732365031484321536","in_reply_to":112,"msg_id":112,"type":"generate_ok"}}
2024/11/23 09:30:31 Received {c287 n88 {"type":"generate","msg_id":113}}
2024/11/23 09:30:31 Sent {"src":"n88","dest":"c287","body":{"id":"-112-1732365031605216544","in_reply_to":113,"msg_id":113,"type":"generate_ok"}}
2024/11/23 09:30:31 Received {c287 n88 {"type":"generate","msg_id":114}}
2024/11/23 09:30:31 Sent {"src":"n88","dest":"c287","body":{"id":"-113-1732365031730555950","in_reply_to":114,"msg_id":114,"type":"generate_ok"}}
2024/11/23 09:30:31 Received {c287 n88 {"type":"generate","msg_id":115}}
2024/11/23 09:30:31 Sent {"src":"n88","dest":"c287","body":{"id":"-114-1732365031842156502","in_reply_to":115,"msg_id":115,"type":"generate_ok"}}
2024/11/23 09:30:31 Received {c287 n88 {"type":"generate","msg_id":116}}
2024/11/23 09:30:31 Sent {"src":"n88","dest":"c287","body":{"id":"-115-1732365031947864804","in_reply_to":116,"msg_id":116,"type":"generate_ok"}}
2024/11/23 09:30:32 Received {c287 n88 {"type":"generate","msg_id":117}}
2024/11/23 09:30:32 Sent {"src":"n88","dest":"c287","body":{"id":"-116-1732365032055014842","in_reply_to":117,"msg_id":117,"type":"generate_ok"}}
2024/11/23 09:30:32 Received {c287 n88 {"type":"generate","msg_id":118}}
2024/11/23 09:30:32 Sent {"src":"n88","dest":"c287","body":{"id":"-117-1732365032163989379","in_reply_to":118,"msg_id":118,"type":"generate_ok"}}
2024/11/23 09:30:32 Received {c287 n88 {"type":"generate","msg_id":119}}
2024/11/23 09:30:32 Sent {"src":"n88","dest":"c287","body":{"id":"-118-1732365032268659372","in_reply_to":119,"msg_id":119,"type":"generate_ok"}}
2024/11/23 09:30:32 Received {c287 n88 {"type":"generate","msg_id":120}}
2024/11/23 09:30:32 Sent {"src":"n88","dest":"c287","body":{"id":"-119-1732365032372489436","in_reply_to":120,"msg_id":120,"type":"generate_ok"}}
2024/11/23 09:30:32 Received {c287 n88 {"type":"generate","msg_id":121}}
2024/11/23 09:30:32 Sent {"src":"n88","dest":"c287","body":{"id":"-120-1732365032482237400","in_reply_to":121,"msg_id":121,"type":"generate_ok"}}
2024/11/23 09:30:32 Received {c287 n88 {"type":"generate","msg_id":122}}
2024/11/23 09:30:32 Sent {"src":"n88","dest":"c287","body":{"id":"-121-1732365032586523844","in_reply_to":122,"msg_id":122,"type":"generate_ok"}}
2024/11/23 09:30:32 Received {c287 n88 {"type":"generate","msg_id":123}}
2024/11/23 09:30:32 Sent {"src":"n88","dest":"c287","body":{"id":"-122-1732365032699001977","in_reply_to":123,"msg_id":123,"type":"generate_ok"}}
2024/11/23 09:30:32 Received {c287 n88 {"type":"generate","msg_id":124}}
2024/11/23 09:30:32 Sent {"src":"n88","dest":"c287","body":{"id":"-123-1732365032801705122","in_reply_to":124,"msg_id":124,"type":"generate_ok"}}
2024/11/23 09:30:32 Received {c287 n88 {"type":"generate","msg_id":125}}
2024/11/23 09:30:32 Sent {"src":"n88","dest":"c287","body":{"id":"-124-1732365032908396522","in_reply_to":125,"msg_id":125,"type":"generate_ok"}}
2024/11/23 09:30:33 Received {c287 n88 {"type":"generate","msg_id":126}}
2024/11/23 09:30:33 Sent {"src":"n88","dest":"c287","body":{"id":"-125-1732365033013731411","in_reply_to":126,"msg_id":126,"type":"generate_ok"}}
2024/11/23 09:30:33 Received {c287 n88 {"type":"generate","msg_id":127}}
2024/11/23 09:30:33 Sent {"src":"n88","dest":"c287","body":{"id":"-126-1732365033119161359","in_reply_to":127,"msg_id":127,"type":"generate_ok"}}
2024/11/23 09:30:33 Received {c287 n88 {"type":"generate","msg_id":128}}
2024/11/23 09:30:33 Sent {"src":"n88","dest":"c287","body":{"id":"-127-1732365033223493578","in_reply_to":128,"msg_id":128,"type":"generate_ok"}}
2024/11/23 09:30:33 Received {c287 n88 {"type":"generate","msg_id":129}}
2024/11/23 09:30:33 Sent {"src":"n88","dest":"c287","body":{"id":"-128-1732365033312407033","in_reply_to":129,"msg_id":129,"type":"generate_ok"}}
2024/11/23 09:30:33 Received {c287 n88 {"type":"generate","msg_id":130}}
2024/11/23 09:30:33 Sent {"src":"n88","dest":"c287","body":{"id":"-129-1732365033426423458","in_reply_to":130,"msg_id":130,"type":"generate_ok"}}
2024/11/23 09:30:33 Received {c287 n88 {"type":"generate","msg_id":131}}
2024/11/23 09:30:33 Sent {"src":"n88","dest":"c287","body":{"id":"-130-1732365033531923498","in_reply_to":131,"msg_id":131,"type":"generate_ok"}}
2024/11/23 09:30:33 Received {c287 n88 {"type":"generate","msg_id":132}}
2024/11/23 09:30:33 Sent {"src":"n88","dest":"c287","body":{"id":"-131-1732365033639959208","in_reply_to":132,"msg_id":132,"type":"generate_ok"}}
2024/11/23 09:30:33 Received {c287 n88 {"type":"generate","msg_id":133}}
2024/11/23 09:30:33 Sent {"src":"n88","dest":"c287","body":{"id":"-132-1732365033751284034","in_reply_to":133,"msg_id":133,"type":"generate_ok"}}
2024/11/23 09:30:33 Received {c287 n88 {"type":"generate","msg_id":134}}
2024/11/23 09:30:33 Sent {"src":"n88","dest":"c287","body":{"id":"-133-1732365033848339099","in_reply_to":134,"msg_id":134,"type":"generate_ok"}}
2024/11/23 09:30:33 Received {c287 n88 {"type":"generate","msg_id":135}}
2024/11/23 09:30:33 Sent {"src":"n88","dest":"c287","body":{"id":"-134-1732365033951291933","in_reply_to":135,"msg_id":135,"type":"generate_ok"}}
2024/11/23 09:30:34 Received {c287 n88 {"type":"generate","msg_id":136}}
2024/11/23 09:30:34 Sent {"src":"n88","dest":"c287","body":{"id":"-135-1732365034059125636","in_reply_to":136,"msg_id":136,"type":"generate_ok"}}
2024/11/23 09:30:34 Received {c287 n88 {"type":"generate","msg_id":137}}
2024/11/23 09:30:34 Sent {"src":"n88","dest":"c287","body":{"id":"-136-1732365034163569011","in_reply_to":137,"msg_id":137,"type":"generate_ok"}}
2024/11/23 09:30:34 Received {c287 n88 {"type":"generate","msg_id":138}}
2024/11/23 09:30:34 Sent {"src":"n88","dest":"c287","body":{"id":"-137-1732365034271162493","in_reply_to":138,"msg_id":138,"type":"generate_ok"}}
2024/11/23 09:30:34 Received {c287 n88 {"type":"generate","msg_id":139}}
2024/11/23 09:30:34 Sent {"src":"n88","dest":"c287","body":{"id":"-138-1732365034377729772","in_reply_to":139,"msg_id":139,"type":"generate_ok"}}
2024/11/23 09:30:34 Received {c287 n88 {"type":"generate","msg_id":140}}
2024/11/23 09:30:34 Sent {"src":"n88","dest":"c287","body":{"id":"-139-1732365034494025017","in_reply_to":140,"msg_id":140,"type":"generate_ok"}}
2024/11/23 09:30:34 Received {c287 n88 {"type":"generate","msg_id":141}}
2024/11/23 09:30:34 Sent {"src":"n88","dest":"c287","body":{"id":"-140-1732365034597491088","in_reply_to":141,"msg_id":141,"type":"generate_ok"}}
2024/11/23 09:30:34 Received {c287 n88 {"type":"generate","msg_id":142}}
2024/11/23 09:30:34 Sent {"src":"n88","dest":"c287","body":{"id":"-141-1732365034695605629","in_reply_to":142,"msg_id":142,"type":"generate_ok"}}
2024/11/23 09:30:34 Received {c287 n88 {"type":"generate","msg_id":143}}
2024/11/23 09:30:34 Sent {"src":"n88","dest":"c287","body":{"id":"-142-1732365034807645473","in_reply_to":143,"msg_id":143,"type":"generate_ok"}}
2024/11/23 09:30:34 Received {c287 n88 {"type":"generate","msg_id":144}}
2024/11/23 09:30:34 Sent {"src":"n88","dest":"c287","body":{"id":"-143-1732365034915439846","in_reply_to":144,"msg_id":144,"type":"generate_ok"}}
2024/11/23 09:30:35 Received {c287 n88 {"type":"generate","msg_id":145}}
2024/11/23 09:30:35 Sent {"src":"n88","dest":"c287","body":{"id":"-144-1732365035025399164","in_reply_to":145,"msg_id":145,"type":"generate_ok"}}
2024/11/23 09:30:35 Received {c287 n88 {"type":"generate","msg_id":146}}
2024/11/23 09:30:35 Sent {"src":"n88","dest":"c287","body":{"id":"-145-1732365035129155589","in_reply_to":146,"msg_id":146,"type":"generate_ok"}}
2024/11/23 09:30:35 Received {c287 n88 {"type":"generate","msg_id":147}}
2024/11/23 09:30:35 Sent {"src":"n88","dest":"c287","body":{"id":"-146-1732365035238364152","in_reply_to":147,"msg_id":147,"type":"generate_ok"}}
2024/11/23 09:30:35 Received {c287 n88 {"type":"generate","msg_id":148}}
2024/11/23 09:30:35 Sent {"src":"n88","dest":"c287","body":{"id":"-147-1732365035347168328","in_reply_to":148,"msg_id":148,"type":"generate_ok"}}
2024/11/23 09:30:35 Received {c287 n88 {"type":"generate","msg_id":149}}
2024/11/23 09:30:35 Sent {"src":"n88","dest":"c287","body":{"id":"-148-1732365035441673670","in_reply_to":149,"msg_id":149,"type":"generate_ok"}}
2024/11/23 09:30:35 Received {c287 n88 {"type":"generate","msg_id":150}}
2024/11/23 09:30:35 Sent {"src":"n88","dest":"c287","body":{"id":"-149-1732365035542318609","in_reply_to":150,"msg_id":150,"type":"generate_ok"}}
2024/11/23 09:30:35 Received {c287 n88 {"type":"generate","msg_id":151}}
2024/11/23 09:30:35 Sent {"src":"n88","dest":"c287","body":{"id":"-150-1732365035655720762","in_reply_to":151,"msg_id":151,"type":"generate_ok"}}
2024/11/23 09:30:35 Received {c287 n88 {"type":"generate","msg_id":152}}
2024/11/23 09:30:35 Sent {"src":"n88","dest":"c287","body":{"id":"-151-1732365035760608308","in_reply_to":152,"msg_id":152,"type":"generate_ok"}}
2024/11/23 09:30:35 Received {c287 n88 {"type":"generate","msg_id":153}}
2024/11/23 09:30:35 Sent {"src":"n88","dest":"c287","body":{"id":"-152-1732365035869793422","in_reply_to":153,"msg_id":153,"type":"generate_ok"}}
2024/11/23 09:30:35 Received {c287 n88 {"type":"generate","msg_id":154}}
2024/11/23 09:30:35 Sent {"src":"n88","dest":"c287","body":{"id":"-153-1732365035978389766","in_reply_to":154,"msg_id":154,"type":"generate_ok"}}
2024/11/23 09:30:36 Received {c287 n88 {"type":"generate","msg_id":155}}
2024/11/23 09:30:36 Sent {"src":"n88","dest":"c287","body":{"id":"-154-1732365036092907863","in_reply_to":155,"msg_id":155,"type":"generate_ok"}}
2024/11/23 09:30:36 Received {c287 n88 {"type":"generate","msg_id":156}}
2024/11/23 09:30:36 Sent {"src":"n88","dest":"c287","body":{"id":"-155-1732365036195468385","in_reply_to":156,"msg_id":156,"type":"generate_ok"}}
2024/11/23 09:30:36 Received {c287 n88 {"type":"generate","msg_id":157}}
2024/11/23 09:30:36 Sent {"src":"n88","dest":"c287","body":{"id":"-156-1732365036289942966","in_reply_to":157,"msg_id":157,"type":"generate_ok"}}
2024/11/23 09:30:36 Received {c287 n88 {"type":"generate","msg_id":158}}
2024/11/23 09:30:36 Sent {"src":"n88","dest":"c287","body":{"id":"-157-1732365036397781992","in_reply_to":158,"msg_id":158,"type":"generate_ok"}}
2024/11/23 09:30:36 Received {c287 n88 {"type":"generate","msg_id":159}}
2024/11/23 09:30:36 Sent {"src":"n88","dest":"c287","body":{"id":"-158-1732365036500973969","in_reply_to":159,"msg_id":159,"type":"generate_ok"}}
2024/11/23 09:30:36 Received {c287 n88 {"type":"generate","msg_id":160}}
2024/11/23 09:30:36 Sent {"src":"n88","dest":"c287","body":{"id":"-159-1732365036615673766","in_reply_to":160,"msg_id":160,"type":"generate_ok"}}
2024/11/23 09:30:36 Received {c287 n88 {"type":"generate","msg_id":161}}
2024/11/23 09:30:36 Sent {"src":"n88","dest":"c287","body":{"id":"-160-1732365036724358401","in_reply_to":161,"msg_id":161,"type":"generate_ok"}}
2024/11/23 09:30:36 Received {c287 n88 {"type":"generate","msg_id":162}}
2024/11/23 09:30:36 Sent {"src":"n88","dest":"c287","body":{"id":"-161-1732365036836621082","in_reply_to":162,"msg_id":162,"type":"generate_ok"}}
2024/11/23 09:30:36 Received {c287 n88 {"type":"generate","msg_id":163}}
2024/11/23 09:30:36 Sent {"src":"n88","dest":"c287","body":{"id":"-162-1732365036955285966","in_reply_to":163,"msg_id":163,"type":"generate_ok"}}
2024/11/23 09:30:37 Received {c287 n88 {"type":"generate","msg_id":164}}
2024/11/23 09:30:37 Sent {"src":"n88","dest":"c287","body":{"id":"-163-1732365037064825872","in_reply_to":164,"msg_id":164,"type":"generate_ok"}}
2024/11/23 09:30:37 Received {c287 n88 {"type":"generate","msg_id":165}}
2024/11/23 09:30:37 Sent {"src":"n88","dest":"c287","body":{"id":"-164-1732365037180630233","in_reply_to":165,"msg_id":165,"type":"generate_ok"}}
2024/11/23 09:30:37 Received {c287 n88 {"type":"generate","msg_id":166}}
2024/11/23 09:30:37 Sent {"src":"n88","dest":"c287","body":{"id":"-165-1732365037293966658","in_reply_to":166,"msg_id":166,"type":"generate_ok"}}
2024/11/23 09:30:37 Received {c287 n88 {"type":"generate","msg_id":167}}
2024/11/23 09:30:37 Sent {"src":"n88","dest":"c287","body":{"id":"-166-1732365037398520397","in_reply_to":167,"msg_id":167,"type":"generate_ok"}}
2024/11/23 09:30:37 Received {c287 n88 {"type":"generate","msg_id":168}}
2024/11/23 09:30:37 Sent {"src":"n88","dest":"c287","body":{"id":"-167-1732365037497302473","in_reply_to":168,"msg_id":168,"type":"generate_ok"}}
2024/11/23 09:30:37 Received {c287 n88 {"type":"generate","msg_id":169}}
2024/11/23 09:30:37 Sent {"src":"n88","dest":"c287","body":{"id":"-168-1732365037607621337","in_reply_to":169,"msg_id":169,"type":"generate_ok"}}
2024/11/23 09:30:37 Received {c287 n88 {"type":"generate","msg_id":170}}
2024/11/23 09:30:37 Sent {"src":"n88","dest":"c287","body":{"id":"-169-1732365037704176032","in_reply_to":170,"msg_id":170,"type":"generate_ok"}}
2024/11/23 09:30:37 Received {c287 n88 {"type":"generate","msg_id":171}}
2024/11/23 09:30:37 Sent {"src":"n88","dest":"c287","body":{"id":"-170-1732365037804865658","in_reply_to":171,"msg_id":171,"type":"generate_ok"}}
2024/11/23 09:30:37 Received {c287 n88 {"type":"generate","msg_id":172}}
2024/11/23 09:30:37 Sent {"src":"n88","dest":"c287","body":{"id":"-171-1732365037902961060","in_reply_to":172,"msg_id":172,"type":"generate_ok"}}
2024/11/23 09:30:38 Received {c287 n88 {"type":"generate","msg_id":173}}
2024/11/23 09:30:38 Sent {"src":"n88","dest":"c287","body":{"id":"-172-1732365038011873340","in_reply_to":173,"msg_id":173,"type":"generate_ok"}}
2024/11/23 09:30:38 Received {c287 n88 {"type":"generate","msg_id":174}}
2024/11/23 09:30:38 Sent {"src":"n88","dest":"c287","body":{"id":"-173-1732365038111204830","in_reply_to":174,"msg_id":174,"type":"generate_ok"}}
2024/11/23 09:30:38 Received {c287 n88 {"type":"generate","msg_id":175}}
2024/11/23 09:30:38 Sent {"src":"n88","dest":"c287","body":{"id":"-174-1732365038220525557","in_reply_to":175,"msg_id":175,"type":"generate_ok"}}
2024/11/23 09:30:38 Received {c287 n88 {"type":"generate","msg_id":176}}
2024/11/23 09:30:38 Sent {"src":"n88","dest":"c287","body":{"id":"-175-1732365038327048684","in_reply_to":176,"msg_id":176,"type":"generate_ok"}}
2024/11/23 09:30:38 Received {c287 n88 {"type":"generate","msg_id":177}}
2024/11/23 09:30:38 Sent {"src":"n88","dest":"c287","body":{"id":"-176-1732365038435253588","in_reply_to":177,"msg_id":177,"type":"generate_ok"}}
2024/11/23 09:30:38 Received {c287 n88 {"type":"generate","msg_id":178}}
2024/11/23 09:30:38 Sent {"src":"n88","dest":"c287","body":{"id":"-177-1732365038539452780","in_reply_to":178,"msg_id":178,"type":"generate_ok"}}
2024/11/23 09:30:38 Received {c287 n88 {"type":"generate","msg_id":179}}
2024/11/23 09:30:38 Sent {"src":"n88","dest":"c287","body":{"id":"-178-1732365038647157521","in_reply_to":179,"msg_id":179,"type":"generate_ok"}}
2024/11/23 09:30:38 Received {c287 n88 {"type":"generate","msg_id":180}}
2024/11/23 09:30:38 Sent {"src":"n88","dest":"c287","body":{"id":"-179-1732365038758225613","in_reply_to":180,"msg_id":180,"type":"generate_ok"}}
2024/11/23 09:30:38 Received {c287 n88 {"type":"generate","msg_id":181}}
2024/11/23 09:30:38 Sent {"src":"n88","dest":"c287","body":{"id":"-180-1732365038859513430","in_reply_to":181,"msg_id":181,"type":"generate_ok"}}
2024/11/23 09:30:38 Received {c287 n88 {"type":"generate","msg_id":182}}
2024/11/23 09:30:38 Sent {"src":"n88","dest":"c287","body":{"id":"-181-1732365038958030652","in_reply_to":182,"msg_id":182,"type":"generate_ok"}}
2024/11/23 09:30:39 Received {c287 n88 {"type":"generate","msg_id":183}}
2024/11/23 09:30:39 Sent {"src":"n88","dest":"c287","body":{"id":"-182-1732365039061000962","in_reply_to":183,"msg_id":183,"type":"generate_ok"}}
2024/11/23 09:30:39 Received {c287 n88 {"type":"generate","msg_id":184}}
2024/11/23 09:30:39 Sent {"src":"n88","dest":"c287","body":{"id":"-183-1732365039166146540","in_reply_to":184,"msg_id":184,"type":"generate_ok"}}
2024/11/23 09:30:39 Received {c287 n88 {"type":"generate","msg_id":185}}
2024/11/23 09:30:39 Sent {"src":"n88","dest":"c287","body":{"id":"-184-1732365039280738813","in_reply_to":185,"msg_id":185,"type":"generate_ok"}}
2024/11/23 09:30:39 Received {c287 n88 {"type":"generate","msg_id":186}}
2024/11/23 09:30:39 Sent {"src":"n88","dest":"c287","body":{"id":"-185-1732365039396069071","in_reply_to":186,"msg_id":186,"type":"generate_ok"}}
2024/11/23 09:30:39 Received {c287 n88 {"type":"generate","msg_id":187}}
2024/11/23 09:30:39 Sent {"src":"n88","dest":"c287","body":{"id":"-186-1732365039506368705","in_reply_to":187,"msg_id":187,"type":"generate_ok"}}
2024/11/23 09:30:39 Received {c287 n88 {"type":"generate","msg_id":188}}
2024/11/23 09:30:39 Sent {"src":"n88","dest":"c287","body":{"id":"-187-1732365039614798627","in_reply_to":188,"msg_id":188,"type":"generate_ok"}}
2024/11/23 09:30:39 Received {c287 n88 {"type":"generate","msg_id":189}}
2024/11/23 09:30:39 Sent {"src":"n88","dest":"c287","body":{"id":"-188-1732365039715642448","in_reply_to":189,"msg_id":189,"type":"generate_ok"}}
2024/11/23 09:30:39 Received {c287 n88 {"type":"generate","msg_id":190}}
2024/11/23 09:30:39 Sent {"src":"n88","dest":"c287","body":{"id":"-189-1732365039830481049","in_reply_to":190,"msg_id":190,"type":"generate_ok"}}
2024/11/23 09:30:39 Received {c287 n88 {"type":"generate","msg_id":191}}
2024/11/23 09:30:39 Sent {"src":"n88","dest":"c287","body":{"id":"-190-1732365039948217662","in_reply_to":191,"msg_id":191,"type":"generate_ok"}}
2024/11/23 09:30:40 Received {c287 n88 {"type":"generate","msg_id":192}}
2024/11/23 09:30:40 Sent {"src":"n88","dest":"c287","body":{"id":"-191-1732365040054966528","in_reply_to":192,"msg_id":192,"type":"generate_ok"}}
2024/11/23 09:30:40 Received {c287 n88 {"type":"generate","msg_id":193}}
2024/11/23 09:30:40 Sent {"src":"n88","dest":"c287","body":{"id":"-192-1732365040162477257","in_reply_to":193,"msg_id":193,"type":"generate_ok"}}
2024/11/23 09:30:40 Received {c287 n88 {"type":"generate","msg_id":194}}
2024/11/23 09:30:40 Sent {"src":"n88","dest":"c287","body":{"id":"-193-1732365040267675530","in_reply_to":194,"msg_id":194,"type":"generate_ok"}}
2024/11/23 09:30:40 Received {c287 n88 {"type":"generate","msg_id":195}}
2024/11/23 09:30:40 Sent {"src":"n88","dest":"c287","body":{"id":"-194-1732365040375001125","in_reply_to":195,"msg_id":195,"type":"generate_ok"}}
2024/11/23 09:30:40 Received {c287 n88 {"type":"generate","msg_id":196}}
2024/11/23 09:30:40 Sent {"src":"n88","dest":"c287","body":{"id":"-195-1732365040472173565","in_reply_to":196,"msg_id":196,"type":"generate_ok"}}
2024/11/23 09:30:40 Received {c287 n88 {"type":"generate","msg_id":197}}
2024/11/23 09:30:40 Sent {"src":"n88","dest":"c287","body":{"id":"-196-1732365040583611480","in_reply_to":197,"msg_id":197,"type":"generate_ok"}}
2024/11/23 09:30:40 Received {c287 n88 {"type":"generate","msg_id":198}}
2024/11/23 09:30:40 Sent {"src":"n88","dest":"c287","body":{"id":"-197-1732365040691234640","in_reply_to":198,"msg_id":198,"type":"generate_ok"}}
2024/11/23 09:30:40 Received {c287 n88 {"type":"generate","msg_id":199}}
2024/11/23 09:30:40 Sent {"src":"n88","dest":"c287","body":{"id":"-198-1732365040793873778","in_reply_to":199,"msg_id":199,"type":"generate_ok"}}
2024/11/23 09:30:40 Received {c287 n88 {"type":"generate","msg_id":200}}
2024/11/23 09:30:40 Sent {"src":"n88","dest":"c287","body":{"id":"-199-1732365040905007151","in_reply_to":200,"msg_id":200,"type":"generate_ok"}}
2024/11/23 09:30:41 Received {c287 n88 {"type":"generate","msg_id":201}}
2024/11/23 09:30:41 Sent {"src":"n88","dest":"c287","body":{"id":"-200-1732365041024409436","in_reply_to":201,"msg_id":201,"type":"generate_ok"}}
2024/11/23 09:30:41 Received {c287 n88 {"type":"generate","msg_id":202}}
2024/11/23 09:30:41 Sent {"src":"n88","dest":"c287","body":{"id":"-201-1732365041127361002","in_reply_to":202,"msg_id":202,"type":"generate_ok"}}
2024/11/23 09:30:41 Received {c287 n88 {"type":"generate","msg_id":203}}
2024/11/23 09:30:41 Sent {"src":"n88","dest":"c287","body":{"id":"-202-1732365041232505425","in_reply_to":203,"msg_id":203,"type":"generate_ok"}}
2024/11/23 09:30:41 Received {c287 n88 {"type":"generate","msg_id":204}}
2024/11/23 09:30:41 Sent {"src":"n88","dest":"c287","body":{"id":"-203-1732365041337569209","in_reply_to":204,"msg_id":204,"type":"generate_ok"}}
2024/11/23 09:30:41 Received {c287 n88 {"type":"generate","msg_id":205}}
2024/11/23 09:30:41 Sent {"src":"n88","dest":"c287","body":{"id":"-204-1732365041445497678","in_reply_to":205,"msg_id":205,"type":"generate_ok"}}
2024/11/23 09:30:41 Received {c287 n88 {"type":"generate","msg_id":206}}
2024/11/23 09:30:41 Sent {"src":"n88","dest":"c287","body":{"id":"-205-1732365041551520495","in_reply_to":206,"msg_id":206,"type":"generate_ok"}}
2024/11/23 09:30:41 Received {c287 n88 {"type":"generate","msg_id":207}}
2024/11/23 09:30:41 Sent {"src":"n88","dest":"c287","body":{"id":"-206-1732365041661383691","in_reply_to":207,"msg_id":207,"type":"generate_ok"}}
2024/11/23 09:30:41 Received {c287 n88 {"type":"generate","msg_id":208}}
2024/11/23 09:30:41 Sent {"src":"n88","dest":"c287","body":{"id":"-207-1732365041768321874","in_reply_to":208,"msg_id":208,"type":"generate_ok"}}
2024/11/23 09:30:41 Received {c287 n88 {"type":"generate","msg_id":209}}
2024/11/23 09:30:41 Sent {"src":"n88","dest":"c287","body":{"id":"-208-1732365041876339215","in_reply_to":209,"msg_id":209,"type":"generate_ok"}}
2024/11/23 09:30:41 Received {c287 n88 {"type":"generate","msg_id":210}}
2024/11/23 09:30:41 Sent {"src":"n88","dest":"c287","body":{"id":"-209-1732365041974605447","in_reply_to":210,"msg_id":210,"type":"generate_ok"}}
2024/11/23 09:30:42 Received {c287 n88 {"type":"generate","msg_id":211}}
2024/11/23 09:30:42 Sent {"src":"n88","dest":"c287","body":{"id":"-210-1732365042079720049","in_reply_to":211,"msg_id":211,"type":"generate_ok"}}
2024/11/23 09:30:42 Received {c287 n88 {"type":"generate","msg_id":212}}
2024/11/23 09:30:42 Sent {"src":"n88","dest":"c287","body":{"id":"-211-1732365042191531266","in_reply_to":212,"msg_id":212,"type":"generate_ok"}}
2024/11/23 09:30:42 Received {c287 n88 {"type":"generate","msg_id":213}}
2024/11/23 09:30:42 Sent {"src":"n88","dest":"c287","body":{"id":"-212-1732365042296528722","in_reply_to":213,"msg_id":213,"type":"generate_ok"}}
2024/11/23 09:30:42 Received {c287 n88 {"type":"generate","msg_id":214}}
2024/11/23 09:30:42 Sent {"src":"n88","dest":"c287","body":{"id":"-213-1732365042398902237","in_reply_to":214,"msg_id":214,"type":"generate_ok"}}
2024/11/23 09:30:42 Received {c287 n88 {"type":"generate","msg_id":215}}
2024/11/23 09:30:42 Sent {"src":"n88","dest":"c287","body":{"id":"-214-1732365042505330654","in_reply_to":215,"msg_id":215,"type":"generate_ok"}}
2024/11/23 09:30:42 Received {c287 n88 {"type":"generate","msg_id":216}}
2024/11/23 09:30:42 Sent {"src":"n88","dest":"c287","body":{"id":"-215-1732365042607009132","in_reply_to":216,"msg_id":216,"type":"generate_ok"}}
2024/11/23 09:30:42 Received {c287 n88 {"type":"generate","msg_id":217}}
2024/11/23 09:30:42 Sent {"src":"n88","dest":"c287","body":{"id":"-216-1732365042718459071","in_reply_to":217,"msg_id":217,"type":"generate_ok"}}
2024/11/23 09:30:42 Received {c287 n88 {"type":"generate","msg_id":218}}
2024/11/23 09:30:42 Sent {"src":"n88","dest":"c287","body":{"id":"-217-1732365042817674675","in_reply_to":218,"msg_id":218,"type":"generate_ok"}}
2024/11/23 09:30:42 Received {c287 n88 {"type":"generate","msg_id":219}}
2024/11/23 09:30:42 Sent {"src":"n88","dest":"c287","body":{"id":"-218-1732365042928808079","in_reply_to":219,"msg_id":219,"type":"generate_ok"}}
2024/11/23 09:30:43 Received {c287 n88 {"type":"generate","msg_id":220}}
2024/11/23 09:30:43 Sent {"src":"n88","dest":"c287","body":{"id":"-219-1732365043029970279","in_reply_to":220,"msg_id":220,"type":"generate_ok"}}
2024/11/23 09:30:43 Received {c287 n88 {"type":"generate","msg_id":221}}
2024/11/23 09:30:43 Sent {"src":"n88","dest":"c287","body":{"id":"-220-1732365043129861056","in_reply_to":221,"msg_id":221,"type":"generate_ok"}}
2024/11/23 09:30:43 Received {c287 n88 {"type":"generate","msg_id":222}}
2024/11/23 09:30:43 Sent {"src":"n88","dest":"c287","body":{"id":"-221-1732365043232826123","in_reply_to":222,"msg_id":222,"type":"generate_ok"}}
2024/11/23 09:30:43 Received {c287 n88 {"type":"generate","msg_id":223}}
2024/11/23 09:30:43 Sent {"src":"n88","dest":"c287","body":{"id":"-222-1732365043340351034","in_reply_to":223,"msg_id":223,"type":"generate_ok"}}
2024/11/23 09:30:43 Received {c287 n88 {"type":"generate","msg_id":224}}
2024/11/23 09:30:43 Sent {"src":"n88","dest":"c287","body":{"id":"-223-1732365043445497254","in_reply_to":224,"msg_id":224,"type":"generate_ok"}}
2024/11/23 09:30:43 Received {c287 n88 {"type":"generate","msg_id":225}}
2024/11/23 09:30:43 Sent {"src":"n88","dest":"c287","body":{"id":"-224-1732365043555505859","in_reply_to":225,"msg_id":225,"type":"generate_ok"}}
2024/11/23 09:30:43 Received {c287 n88 {"type":"generate","msg_id":226}}
2024/11/23 09:30:43 Sent {"src":"n88","dest":"c287","body":{"id":"-225-1732365043657050089","in_reply_to":226,"msg_id":226,"type":"generate_ok"}}
2024/11/23 09:30:43 Received {c287 n88 {"type":"generate","msg_id":227}}
2024/11/23 09:30:43 Sent {"src":"n88","dest":"c287","body":{"id":"-226-1732365043764049826","in_reply_to":227,"msg_id":227,"type":"generate_ok"}}
2024/11/23 09:30:43 Received {c287 n88 {"type":"generate","msg_id":228}}
2024/11/23 09:30:43 Sent {"src":"n88","dest":"c287","body":{"id":"-227-1732365043888034712","in_reply_to":228,"msg_id":228,"type":"generate_ok"}}
2024/11/23 09:30:43 Received {c287 n88 {"type":"generate","msg_id":229}}
2024/11/23 09:30:43 Sent {"src":"n88","dest":"c287","body":{"id":"-228-1732365043992464348","in_reply_to":229,"msg_id":229,"type":"generate_ok"}}
2024/11/23 09:30:44 Received {c287 n88 {"type":"generate","msg_id":230}}
2024/11/23 09:30:44 Sent {"src":"n88","dest":"c287","body":{"id":"-229-1732365044092894175","in_reply_to":230,"msg_id":230,"type":"generate_ok"}}
2024/11/23 09:30:44 Received {c287 n88 {"type":"generate","msg_id":231}}
2024/11/23 09:30:44 Sent {"src":"n88","dest":"c287","body":{"id":"-230-1732365044205139722","in_reply_to":231,"msg_id":231,"type":"generate_ok"}}
2024/11/23 09:30:44 Received {c287 n88 {"type":"generate","msg_id":232}}
2024/11/23 09:30:44 Sent {"src":"n88","dest":"c287","body":{"id":"-231-1732365044319038424","in_reply_to":232,"msg_id":232,"type":"generate_ok"}}
2024/11/23 09:30:44 Received {c287 n88 {"type":"generate","msg_id":233}}
2024/11/23 09:30:44 Sent {"src":"n88","dest":"c287","body":{"id":"-232-1732365044418951231","in_reply_to":233,"msg_id":233,"type":"generate_ok"}}
2024/11/23 09:30:44 Received {c287 n88 {"type":"generate","msg_id":234}}
2024/11/23 09:30:44 Sent {"src":"n88","dest":"c287","body":{"id":"-233-1732365044518661185","in_reply_to":234,"msg_id":234,"type":"generate_ok"}}
2024/11/23 09:30:44 Received {c287 n88 {"type":"generate","msg_id":235}}
2024/11/23 09:30:44 Sent {"src":"n88","dest":"c287","body":{"id":"-234-1732365044624208652","in_reply_to":235,"msg_id":235,"type":"generate_ok"}}
2024/11/23 09:30:44 Received {c287 n88 {"type":"generate","msg_id":236}}
2024/11/23 09:30:44 Sent {"src":"n88","dest":"c287","body":{"id":"-235-1732365044728811782","in_reply_to":236,"msg_id":236,"type":"generate_ok"}}
2024/11/23 09:30:44 Received {c287 n88 {"type":"generate","msg_id":237}}
2024/11/23 09:30:44 Sent {"src":"n88","dest":"c287","body":{"id":"-236-1732365044836226499","in_reply_to":237,"msg_id":237,"type":"generate_ok"}}
2024/11/23 09:30:44 Received {c287 n88 {"type":"generate","msg_id":238}}
2024/11/23 09:30:44 Sent {"src":"n88","dest":"c287","body":{"id":"-237-1732365044951442665","in_reply_to":238,"msg_id":238,"type":"generate_ok"}}
2024/11/23 09:30:45 Received {c287 n88 {"type":"generate","msg_id":239}}
2024/11/23 09:30:45 Sent {"src":"n88","dest":"c287","body":{"id":"-238-1732365045065397122","in_reply_to":239,"msg_id":239,"type":"generate_ok"}}
2024/11/23 09:30:45 Received {c287 n88 {"type":"generate","msg_id":240}}
2024/11/23 09:30:45 Sent {"src":"n88","dest":"c287","body":{"id":"-239-1732365045161261043","in_reply_to":240,"msg_id":240,"type":"generate_ok"}}
2024/11/23 09:30:45 Received {c287 n88 {"type":"generate","msg_id":241}}
2024/11/23 09:30:45 Sent {"src":"n88","dest":"c287","body":{"id":"-240-1732365045267000549","in_reply_to":241,"msg_id":241,"type":"generate_ok"}}
2024/11/23 09:30:45 Received {c287 n88 {"type":"generate","msg_id":242}}
2024/11/23 09:30:45 Sent {"src":"n88","dest":"c287","body":{"id":"-241-1732365045377326617","in_reply_to":242,"msg_id":242,"type":"generate_ok"}}
2024/11/23 09:30:45 Received {c287 n88 {"type":"generate","msg_id":243}}
2024/11/23 09:30:45 Sent {"src":"n88","dest":"c287","body":{"id":"-242-1732365045481992686","in_reply_to":243,"msg_id":243,"type":"generate_ok"}}
2024/11/23 09:30:45 Received {c287 n88 {"type":"generate","msg_id":244}}
2024/11/23 09:30:45 Sent {"src":"n88","dest":"c287","body":{"id":"-243-1732365045573563696","in_reply_to":244,"msg_id":244,"type":"generate_ok"}}
2024/11/23 09:30:45 Received {c287 n88 {"type":"generate","msg_id":245}}
2024/11/23 09:30:45 Sent {"src":"n88","dest":"c287","body":{"id":"-244-1732365045675112811","in_reply_to":245,"msg_id":245,"type":"generate_ok"}}
2024/11/23 09:30:45 Received {c287 n88 {"type":"generate","msg_id":246}}
2024/11/23 09:30:45 Sent {"src":"n88","dest":"c287","body":{"id":"-245-1732365045784369289","in_reply_to":246,"msg_id":246,"type":"generate_ok"}}
2024/11/23 09:30:45 Received {c287 n88 {"type":"generate","msg_id":247}}
2024/11/23 09:30:45 Sent {"src":"n88","dest":"c287","body":{"id":"-246-1732365045892334552","in_reply_to":247,"msg_id":247,"type":"generate_ok"}}
2024/11/23 09:30:45 Received {c287 n88 {"type":"generate","msg_id":248}}
2024/11/23 09:30:45 Sent {"src":"n88","dest":"c287","body":{"id":"-247-1732365045992665552","in_reply_to":248,"msg_id":248,"type":"generate_ok"}}
2024/11/23 09:30:46 Received {c287 n88 {"type":"generate","msg_id":249}}
2024/11/23 09:30:46 Sent {"src":"n88","dest":"c287","body":{"id":"-248-1732365046095984066","in_reply_to":249,"msg_id":249,"type":"generate_ok"}}
2024/11/23 09:30:46 Received {c287 n88 {"type":"generate","msg_id":250}}
2024/11/23 09:30:46 Sent {"src":"n88","dest":"c287","body":{"id":"-249-1732365046207472305","in_reply_to":250,"msg_id":250,"type":"generate_ok"}}
2024/11/23 09:30:46 Received {c287 n88 {"type":"generate","msg_id":251}}
2024/11/23 09:30:46 Sent {"src":"n88","dest":"c287","body":{"id":"-250-1732365046320356312","in_reply_to":251,"msg_id":251,"type":"generate_ok"}}
2024/11/23 09:30:46 Received {c287 n88 {"type":"generate","msg_id":252}}
2024/11/23 09:30:46 Sent {"src":"n88","dest":"c287","body":{"id":"-251-1732365046439021108","in_reply_to":252,"msg_id":252,"type":"generate_ok"}}
2024/11/23 09:30:46 Received {c287 n88 {"type":"generate","msg_id":253}}
2024/11/23 09:30:46 Sent {"src":"n88","dest":"c287","body":{"id":"-252-1732365046552067490","in_reply_to":253,"msg_id":253,"type":"generate_ok"}}
2024/11/23 09:30:46 Received {c287 n88 {"type":"generate","msg_id":254}}
2024/11/23 09:30:46 Sent {"src":"n88","dest":"c287","body":{"id":"-253-1732365046655188970","in_reply_to":254,"msg_id":254,"type":"generate_ok"}}
2024/11/23 09:30:46 Received {c287 n88 {"type":"generate","msg_id":255}}
2024/11/23 09:30:46 Sent {"src":"n88","dest":"c287","body":{"id":"-254-1732365046766500831","in_reply_to":255,"msg_id":255,"type":"generate_ok"}}
2024/11/23 09:30:46 Received {c287 n88 {"type":"generate","msg_id":256}}
2024/11/23 09:30:46 Sent {"src":"n88","dest":"c287","body":{"id":"-255-1732365046876002274","in_reply_to":256,"msg_id":256,"type":"generate_ok"}}
2024/11/23 09:30:46 Received {c287 n88 {"type":"generate","msg_id":257}}
2024/11/23 09:30:46 Sent {"src":"n88","dest":"c287","body":{"id":"-256-1732365046987507570","in_reply_to":257,"msg_id":257,"type":"generate_ok"}}
2024/11/23 09:30:47 Received {c287 n88 {"type":"generate","msg_id":258}}
2024/11/23 09:30:47 Sent {"src":"n88","dest":"c287","body":{"id":"-257-1732365047098910956","in_reply_to":258,"msg_id":258,"type":"generate_ok"}}
2024/11/23 09:30:47 Received {c287 n88 {"type":"generate","msg_id":259}}
2024/11/23 09:30:47 Sent {"src":"n88","dest":"c287","body":{"id":"-258-1732365047203514425","in_reply_to":259,"msg_id":259,"type":"generate_ok"}}
2024/11/23 09:30:47 Received {c287 n88 {"type":"generate","msg_id":260}}
2024/11/23 09:30:47 Sent {"src":"n88","dest":"c287","body":{"id":"-259-1732365047302442825","in_reply_to":260,"msg_id":260,"type":"generate_ok"}}
2024/11/23 09:30:47 Received {c287 n88 {"type":"generate","msg_id":261}}
2024/11/23 09:30:47 Sent {"src":"n88","dest":"c287","body":{"id":"-260-1732365047404791816","in_reply_to":261,"msg_id":261,"type":"generate_ok"}}
2024/11/23 09:30:47 Received {c287 n88 {"type":"generate","msg_id":262}}
2024/11/23 09:30:47 Sent {"src":"n88","dest":"c287","body":{"id":"-261-1732365047519522258","in_reply_to":262,"msg_id":262,"type":"generate_ok"}}
2024/11/23 09:30:47 Received {c287 n88 {"type":"generate","msg_id":263}}
2024/11/23 09:30:47 Sent {"src":"n88","dest":"c287","body":{"id":"-262-1732365047632055191","in_reply_to":263,"msg_id":263,"type":"generate_ok"}}
2024/11/23 09:30:47 Received {c287 n88 {"type":"generate","msg_id":264}}
2024/11/23 09:30:47 Sent {"src":"n88","dest":"c287","body":{"id":"-263-1732365047739563196","in_reply_to":264,"msg_id":264,"type":"generate_ok"}}
2024/11/23 09:30:47 Received {c287 n88 {"type":"generate","msg_id":265}}
2024/11/23 09:30:47 Sent {"src":"n88","dest":"c287","body":{"id":"-264-1732365047844197240","in_reply_to":265,"msg_id":265,"type":"generate_ok"}}
2024/11/23 09:30:47 Received {c287 n88 {"type":"generate","msg_id":266}}
2024/11/23 09:30:47 Sent {"src":"n88","dest":"c287","body":{"id":"-265-1732365047945149031","in_reply_to":266,"msg_id":266,"type":"generate_ok"}}
2024/11/23 09:30:48 Received {c287 n88 {"type":"generate","msg_id":267}}
2024/11/23 09:30:48 Sent {"src":"n88","dest":"c287","body":{"id":"-266-1732365048048450328","in_reply_to":267,"msg_id":267,"type":"generate_ok"}}
2024/11/23 09:30:48 Received {c287 n88 {"type":"generate","msg_id":268}}
2024/11/23 09:30:48 Sent {"src":"n88","dest":"c287","body":{"id":"-267-1732365048161120824","in_reply_to":268,"msg_id":268,"type":"generate_ok"}}
2024/11/23 09:30:48 Received {c287 n88 {"type":"generate","msg_id":269}}
2024/11/23 09:30:48 Sent {"src":"n88","dest":"c287","body":{"id":"-268-1732365048266389529","in_reply_to":269,"msg_id":269,"type":"generate_ok"}}
2024/11/23 09:30:48 Received {c287 n88 {"type":"generate","msg_id":270}}
2024/11/23 09:30:48 Sent {"src":"n88","dest":"c287","body":{"id":"-269-1732365048368478273","in_reply_to":270,"msg_id":270,"type":"generate_ok"}}
2024/11/23 09:30:48 Received {c287 n88 {"type":"generate","msg_id":271}}
2024/11/23 09:30:48 Sent {"src":"n88","dest":"c287","body":{"id":"-270-1732365048473976763","in_reply_to":271,"msg_id":271,"type":"generate_ok"}}
2024/11/23 09:30:48 Received {c287 n88 {"type":"generate","msg_id":272}}
2024/11/23 09:30:48 Sent {"src":"n88","dest":"c287","body":{"id":"-271-1732365048580989321","in_reply_to":272,"msg_id":272,"type":"generate_ok"}}
2024/11/23 09:30:48 Received {c287 n88 {"type":"generate","msg_id":273}}
2024/11/23 09:30:48 Sent {"src":"n88","dest":"c287","body":{"id":"-272-1732365048682941662","in_reply_to":273,"msg_id":273,"type":"generate_ok"}}
2024/11/23 09:30:48 Received {c287 n88 {"type":"generate","msg_id":274}}
2024/11/23 09:30:48 Sent {"src":"n88","dest":"c287","body":{"id":"-273-1732365048783715263","in_reply_to":274,"msg_id":274,"type":"generate_ok"}}
2024/11/23 09:30:48 Received {c287 n88 {"type":"generate","msg_id":275}}
2024/11/23 09:30:48 Sent {"src":"n88","dest":"c287","body":{"id":"-274-1732365048891455782","in_reply_to":275,"msg_id":275,"type":"generate_ok"}}
2024/11/23 09:30:48 Received {c287 n88 {"type":"generate","msg_id":276}}
2024/11/23 09:30:48 Sent {"src":"n88","dest":"c287","body":{"id":"-275-1732365048997905117","in_reply_to":276,"msg_id":276,"type":"generate_ok"}}
2024/11/23 09:30:49 Received {c287 n88 {"type":"generate","msg_id":277}}
2024/11/23 09:30:49 Sent {"src":"n88","dest":"c287","body":{"id":"-276-1732365049107934526","in_reply_to":277,"msg_id":277,"type":"generate_ok"}}
2024/11/23 09:30:49 Received {c287 n88 {"type":"generate","msg_id":278}}
2024/11/23 09:30:49 Sent {"src":"n88","dest":"c287","body":{"id":"-277-1732365049213189947","in_reply_to":278,"msg_id":278,"type":"generate_ok"}}
2024/11/23 09:30:49 Received {c287 n88 {"type":"generate","msg_id":279}}
2024/11/23 09:30:49 Sent {"src":"n88","dest":"c287","body":{"id":"-278-1732365049321782060","in_reply_to":279,"msg_id":279,"type":"generate_ok"}}
